<?xml version="1.0" encoding="utf-8"?><testsuites name="pytest tests"><testsuite name="pytest" errors="0" failures="5" skipped="23" tests="2470" time="55.456" timestamp="2025-10-08T17:23:09.689490+08:00" hostname="LiJian"><testcase classname="unit.api.test_client_comprehensive.TestChatCompletions" name="test_初始化" time="0.005" /><testcase classname="unit.api.test_client_comprehensive.TestChatCompletions" name="test_获取快速处理器" time="0.002" /><testcase classname="unit.api.test_client_comprehensive.TestChatCompletions" name="test_create_基本调用" time="0.005" /><testcase classname="unit.api.test_client_comprehensive.TestChatCompletions" name="test_create_快速路径" time="0.003" /><testcase classname="unit.api.test_client_comprehensive.TestChatCompletions" name="test_create_结构化输出优化" time="0.004" /><testcase classname="unit.api.test_client_comprehensive.TestChatCompletions" name="test_validate_messages_有效消息" time="0.001" /><testcase classname="unit.api.test_client_comprehensive.TestChatCompletions" name="test_validate_messages_空消息列表" time="0.002" /><testcase classname="unit.api.test_client_comprehensive.TestChatCompletions" name="test_validate_messages_无效角色" time="0.001" /><testcase classname="unit.api.test_client_comprehensive.TestChatCompletions" name="test_validate_messages_缺少内容" time="0.001" /><testcase classname="unit.api.test_client_comprehensive.TestChatCompletions" name="test_process_messages_for_reasoning_model" time="0.001" /><testcase classname="unit.api.test_client_comprehensive.TestChatCompletions" name="test_acreate_基本调用" time="0.010" /><testcase classname="unit.api.test_client_comprehensive.TestChat" name="test_初始化" time="0.001" /><testcase classname="unit.api.test_client_comprehensive.TestHarborAI" name="test_初始化基本参数" time="0.005" /><testcase classname="unit.api.test_client_comprehensive.TestHarborAI" name="test_初始化默认参数" time="0.004" /><testcase classname="unit.api.test_client_comprehensive.TestHarborAI" name="test_get_available_models" time="0.002" /><testcase classname="unit.api.test_client_comprehensive.TestHarborAI" name="test_get_plugin_info" time="0.004" /><testcase classname="unit.api.test_client_comprehensive.TestHarborAI" name="test_register_plugin" time="0.003" /><testcase classname="unit.api.test_client_comprehensive.TestHarborAI" name="test_unregister_plugin" time="0.003" /><testcase classname="unit.api.test_client_comprehensive.TestHarborAI" name="test_get_total_cost" time="0.002" /><testcase classname="unit.api.test_client_comprehensive.TestHarborAI" name="test_reset_cost" time="0.002" /><testcase classname="unit.api.test_client_comprehensive.TestHarborAI" name="test_aclose" time="0.010" /><testcase classname="unit.api.test_client_comprehensive.TestHarborAI" name="test_close" time="0.004" /><testcase classname="unit.api.test_client_comprehensive.TestHarborAI" name="test_context_manager_sync" time="0.003" /><testcase classname="unit.api.test_client_comprehensive.TestHarborAI" name="test_context_manager_async" time="0.007" /><testcase classname="unit.api.test_client_comprehensive.TestIntegrationScenarios" name="test_完整聊天流程" time="0.004" /><testcase classname="unit.api.test_client_comprehensive.TestIntegrationScenarios" name="test_异步聊天流程" time="0.008" /><testcase classname="unit.api.test_client_comprehensive.TestErrorHandling" name="test_处理客户端管理器错误" time="0.002" /><testcase classname="unit.api.test_client_comprehensive.TestErrorHandling" name="test_处理异步错误" time="0.004" /><testcase classname="unit.api.test_client_comprehensive.TestEdgeCases" name="test_空字符串内容" time="0.001" /><testcase classname="unit.api.test_client_comprehensive.TestEdgeCases" name="test_None内容" time="0.001" /><testcase classname="unit.api.test_client_comprehensive.TestEdgeCases" name="test_大量消息" time="0.003" /><testcase classname="unit.api.test_client_comprehensive.TestEdgeCases" name="test_特殊字符消息" time="0.001" /><testcase classname="unit.api.test_client_comprehensive.TestEdgeCases" name="test_推理内容处理" time="0.001" /><testcase classname="unit.api.test_client_comprehensive.TestChatCompletionsAdvanced" name="test_create_core_基本功能" time="0.006" /><testcase classname="unit.api.test_client_comprehensive.TestChatCompletionsAdvanced" name="test_create_core_带所有参数" time="0.007" /><testcase classname="unit.api.test_client_comprehensive.TestChatCompletionsAdvanced" name="test_acreate_core_基本功能" time="0.009" /><testcase classname="unit.api.test_client_comprehensive.TestChatCompletionsAdvanced" name="test_create_快速结构化路径" time="0.003" /><testcase classname="unit.api.test_client_comprehensive.TestChatCompletionsAdvanced" name="test_create_快速路径_启用" time="0.004" /><testcase classname="unit.api.test_client_comprehensive.TestChatCompletionsAdvanced" name="test_create_完整路径" time="0.003" /><testcase classname="unit.api.test_client_comprehensive.TestChatCompletionsAdvanced" name="test_acreate_快速结构化路径" time="0.004" /><testcase classname="unit.api.test_client_comprehensive.TestChatCompletionsAdvanced" name="test_acreate_快速路径" time="0.005" /><testcase classname="unit.api.test_client_comprehensive.TestChatCompletionsAdvanced" name="test_acreate_完整路径" time="0.004" /><testcase classname="unit.api.test_client_comprehensive.TestChatCompletionsAdvanced" name="test_create_fast_structured_path_基本功能" time="0.009" /><testcase classname="unit.api.test_client_comprehensive.TestChatCompletionsAdvanced" name="test_acreate_fast_structured_path_基本功能" time="0.005" /><testcase classname="unit.api.test_client_comprehensive.TestChatCompletionsAdvanced" name="test_validate_messages_工具调用消息" time="0.001" /><testcase classname="unit.api.test_client_comprehensive.TestChatCompletionsAdvanced" name="test_validate_messages_空内容" time="0.001" /><testcase classname="unit.api.test_client_comprehensive.TestChatCompletionsAdvanced" name="test_process_messages_无推理内容" time="0.001" /><testcase classname="unit.api.test_client_comprehensive.TestHarborAIAdvanced" name="test_初始化自定义参数" time="0.005" /><testcase classname="unit.api.test_client_comprehensive.TestHarborAIAdvanced" name="test_get_total_cost_with_tracker" time="0.004" /><testcase classname="unit.api.test_client_comprehensive.TestHarborAIAdvanced" name="test_reset_cost_with_tracker" time="0.003" /><testcase classname="unit.api.test_client_comprehensive.TestHarborAIAdvanced" name="test_aclose_异常处理" time="0.009" /><testcase classname="unit.api.test_client_comprehensive.TestHarborAIAdvanced" name="test_close_异常处理" time="0.006" /><testcase classname="unit.api.test_client_comprehensive.TestHarborAIAdvanced" name="test_client_别名" time="0.001" /><testcase classname="unit.api.test_client_comprehensive.TestPerformanceOptimizations" name="test_快速处理器缓存" time="0.001" /><testcase classname="unit.api.test_client_comprehensive.TestPerformanceOptimizations" name="test_性能配置路由" time="0.005" /><testcase classname="unit.api.test_client_comprehensive.TestPerformanceOptimizations" name="test_消息预处理缓存" time="0.001" /><testcase classname="unit.api.test_client_comprehensive.TestPerformanceOptimizations" name="test_参数验证优化" time="0.001" /><testcase classname="unit.api.test_client_comprehensive.TestStreamingAndTools" name="test_流式响应处理" time="0.007" /><testcase classname="unit.api.test_client_comprehensive.TestStreamingAndTools" name="test_工具调用流程" time="0.007" /><testcase classname="unit.api.test_client_comprehensive.TestAdvancedErrorHandling" name="test_处理网络超时" time="0.005" /><testcase classname="unit.api.test_client_comprehensive.TestAdvancedErrorHandling" name="test_处理参数错误" time="0.002" /><testcase classname="unit.api.test_client_comprehensive.TestAdvancedErrorHandling" name="test_处理模型不存在错误" time="0.007" /><testcase classname="unit.api.test_client_comprehensive.TestAdvancedEdgeCases" name="test_超长内容" time="0.001" /><testcase classname="unit.api.test_client_comprehensive.TestAdvancedEdgeCases" name="test_混合消息类型" time="0.001" /><testcase classname="unit.api.test_client_comprehensive.TestAdvancedEdgeCases" name="test_极端参数值" time="0.006" /><testcase classname="unit.api.test_client_comprehensive.TestAdvancedEdgeCases" name="test_并发调用" time="0.045" /><testcase classname="unit.api.test_client_comprehensive.TestParameterValidation" name="test_temperature_参数验证_非数字类型" time="0.001" /><testcase classname="unit.api.test_client_comprehensive.TestParameterValidation" name="test_temperature_参数验证_超出范围_负数" time="0.001" /><testcase classname="unit.api.test_client_comprehensive.TestParameterValidation" name="test_temperature_参数验证_超出范围_过大" time="0.001" /><testcase classname="unit.api.test_client_comprehensive.TestParameterValidation" name="test_temperature_参数验证_有效值" time="0.004" /><testcase classname="unit.api.test_client_comprehensive.TestParameterValidation" name="test_max_tokens_参数验证_非整数类型" time="0.001" /><testcase classname="unit.api.test_client_comprehensive.TestParameterValidation" name="test_max_tokens_参数验证_非正数" time="0.001" /><testcase classname="unit.api.test_client_comprehensive.TestParameterValidation" name="test_max_tokens_参数验证_超出模型限制" time="0.003" /><testcase classname="unit.api.test_client_comprehensive.TestParameterValidation" name="test_max_tokens_参数验证_有效值" time="0.003" /><testcase classname="unit.api.test_client_comprehensive.TestParameterValidation" name="test_structured_provider_参数验证_无效值" time="0.001" /><testcase classname="unit.api.test_client_comprehensive.TestParameterValidation" name="test_structured_provider_参数验证_有效值" time="0.004" /><testcase classname="unit.api.test_client_comprehensive.TestParameterValidation" name="test_fallback_参数处理_优先级" time="0.003" /><testcase classname="unit.api.test_client_comprehensive.TestParameterValidation" name="test_fallback_参数处理_默认空列表" time="0.002" /><testcase classname="unit.api.test_client_comprehensive.TestAsyncParameterValidation" name="test_async_temperature_参数验证_非数字类型" time="0.002" /><testcase classname="unit.api.test_client_comprehensive.TestAsyncParameterValidation" name="test_async_max_tokens_参数验证_非整数类型" time="0.003" /><testcase classname="unit.api.test_client_comprehensive.TestAsyncParameterValidation" name="test_async_structured_provider_参数验证_无效值" time="0.006" /><testcase classname="unit.api.test_client_comprehensive.TestFastStructuredOutputErrorHandling" name="test_fast_structured_output_处理器异常" time="0.005" /><testcase classname="unit.api.test_client_comprehensive.TestFastStructuredOutputErrorHandling" name="test_async_fast_structured_output_处理器异常" time="0.007" /><testcase classname="unit.api.test_client_comprehensive.TestFastStructuredOutputErrorHandling" name="test_fast_structured_output_响应构建异常" time="0.004" /><testcase classname="unit.api.test_client_comprehensive.TestStreamingFunctionality" name="test_流式响应_基本功能" time="0.003" /><testcase classname="unit.api.test_client_comprehensive.TestStreamingFunctionality" name="test_异步流式响应_基本功能" time="0.007" /><testcase classname="unit.api.test_client_comprehensive.TestStreamingFunctionality" name="test_流式响应_错误处理" time="0.005" /><testcase classname="unit.api.test_client_comprehensive.TestStreamingFunctionality" name="test_异步流式响应_错误处理" time="0.006" /><testcase classname="unit.api.test_client_comprehensive.TestHarborAIAdvancedMethods" name="test_get_available_models_实现" time="0.006" /><testcase classname="unit.api.test_client_comprehensive.TestHarborAIAdvancedMethods" name="test_get_plugin_info_实现" time="0.005" /><testcase classname="unit.api.test_client_comprehensive.TestHarborAIAdvancedMethods" name="test_register_plugin_实现" time="0.005" /><testcase classname="unit.api.test_client_comprehensive.TestHarborAIAdvancedMethods" name="test_unregister_plugin_实现" time="0.004" /><testcase classname="unit.api.test_client_comprehensive.TestHarborAIAdvancedMethods" name="test_get_total_cost_with_cost_tracker" time="0.006" /><testcase classname="unit.api.test_client_comprehensive.TestHarborAIAdvancedMethods" name="test_get_total_cost_without_cost_tracker" time="0.004" /><testcase classname="unit.api.test_client_comprehensive.TestHarborAIAdvancedMethods" name="test_reset_cost_with_cost_tracker" time="0.004" /><testcase classname="unit.api.test_client_comprehensive.TestHarborAIAdvancedMethods" name="test_reset_cost_without_cost_tracker" time="0.005" /><testcase classname="unit.api.test_client_comprehensive.TestHarborAIAdvancedMethods" name="test_aclose_with_plugin_error" time="0.007" /><testcase classname="unit.api.test_client_comprehensive.TestHarborAIAdvancedMethods" name="test_close_with_plugin_error" time="0.005" /><testcase classname="unit.api.test_client_comprehensive.TestHarborAIAdvancedMethods" name="test_client_别名属性" time="0.005" /><testcase classname="unit.api.test_client_coverage_improvement.TestChatCompletionsCoverageImprovement" name="test_create_fast_structured_path_no_user_input" time="0.003" /><testcase classname="unit.api.test_client_coverage_improvement.TestChatCompletionsCoverageImprovement" name="test_create_fast_structured_path_exception_fallback" time="0.004" /><testcase classname="unit.api.test_client_coverage_improvement.TestChatCompletionsCoverageImprovement" name="test_acreate_fast_structured_path_no_user_input" time="0.006" /><testcase classname="unit.api.test_client_coverage_improvement.TestChatCompletionsCoverageImprovement" name="test_acreate_fast_structured_path_exception_fallback" time="0.007" /><testcase classname="unit.api.test_client_coverage_improvement.TestChatCompletionsCoverageImprovement" name="test_create_core_with_stream_true" time="0.003" /><testcase classname="unit.api.test_client_coverage_improvement.TestChatCompletionsCoverageImprovement" name="test_acreate_core_with_stream_true" time="0.008" /><testcase classname="unit.api.test_client_coverage_improvement.TestChatCompletionsCoverageImprovement" name="test_validate_messages_with_tool_calls" time="0.001" /><testcase classname="unit.api.test_client_coverage_improvement.TestChatCompletionsCoverageImprovement" name="test_validate_messages_empty_content_with_tool_calls" time="0.001" /><testcase classname="unit.api.test_client_coverage_improvement.TestChatCompletionsCoverageImprovement" name="test_process_messages_for_reasoning_model_no_reasoning" time="0.001" /><testcase classname="unit.api.test_client_coverage_improvement.TestHarborAICoverageImprovement" name="test_get_available_models_with_model_info_objects" time="0.006" /><testcase classname="unit.api.test_client_coverage_improvement.TestHarborAICoverageImprovement" name="test_get_available_models_with_string_list" time="0.004" /><testcase classname="unit.api.test_client_coverage_improvement.TestHarborAICoverageImprovement" name="test_aclose_with_performance_manager_error" time="0.009" /><testcase classname="unit.api.test_client_coverage_improvement.TestHarborAICoverageImprovement" name="test_close_with_performance_manager_error" time="0.006" /><testcase classname="unit.api.test_client_coverage_improvement.TestHarborAICoverageImprovement" name="test_close_with_running_event_loop" time="0.008" /><testcase classname="unit.api.test_client_coverage_improvement.TestHarborAICoverageImprovement" name="test_close_with_stopped_event_loop" time="0.006" /><testcase classname="unit.api.test_client_coverage_improvement.TestEdgeCasesAndErrorHandling" name="test_create_with_all_optional_parameters" time="0.003" /><testcase classname="unit.api.test_client_coverage_improvement.TestEdgeCasesAndErrorHandling" name="test_acreate_with_all_optional_parameters" time="0.009" /><testcase classname="unit.api.test_decorators_comprehensive.TestWithTrace" name="test_with_trace_basic_functionality" time="0.002" /><testcase classname="unit.api.test_decorators_comprehensive.TestWithTrace" name="test_with_trace_with_existing_trace_id" time="0.002" /><testcase classname="unit.api.test_decorators_comprehensive.TestWithTrace" name="test_with_trace_exception_handling" time="0.003" /><testcase classname="unit.api.test_decorators_comprehensive.TestWithTrace" name="test_with_trace_preserves_function_metadata" time="0.001" /><testcase classname="unit.api.test_decorators_comprehensive.TestWithAsyncTrace" name="test_with_async_trace_basic_functionality" time="0.015" /><testcase classname="unit.api.test_decorators_comprehensive.TestWithAsyncTrace" name="test_with_async_trace_exception_handling" time="0.017" /><testcase classname="unit.api.test_decorators_comprehensive.TestWithLogging" name="test_with_logging_basic_functionality" time="0.002" /><testcase classname="unit.api.test_decorators_comprehensive.TestWithLogging" name="test_with_logging_exception_handling" time="0.002" /><testcase classname="unit.api.test_decorators_comprehensive.TestWithAsyncLogging" name="test_with_async_logging_basic_functionality" time="0.023" /><testcase classname="unit.api.test_decorators_comprehensive.TestWithAsyncLogging" name="test_with_async_logging_exception_handling" time="0.016" /><testcase classname="unit.api.test_decorators_comprehensive.TestCostTracking" name="test_cost_tracking_basic_functionality" time="0.002" /><testcase classname="unit.api.test_decorators_comprehensive.TestCostTracking" name="test_cost_tracking_with_custom_model" time="0.002" /><testcase classname="unit.api.test_decorators_comprehensive.TestCostTracking" name="test_cost_tracking_exception_handling" time="0.002" /><testcase classname="unit.api.test_decorators_comprehensive.TestWithPostgresLogging" name="test_with_postgres_logging_sync_function" time="0.002" /><testcase classname="unit.api.test_decorators_comprehensive.TestWithPostgresLogging" name="test_with_postgres_logging_async_function" time="0.022" /><testcase classname="unit.api.test_decorators_comprehensive.TestDecoratorCombinations" name="test_multiple_decorators_combination" time="0.004" /><testcase classname="unit.api.test_decorators_comprehensive.TestDecoratorCombinations" name="test_async_decorators_combination" time="0.022" /><testcase classname="unit.api.test_decorators_comprehensive.TestEdgeCases" name="test_decorator_with_no_arguments" time="0.003" /><testcase classname="unit.api.test_decorators_comprehensive.TestEdgeCases" name="test_decorator_with_kwargs_only" time="0.002" /><testcase classname="unit.api.test_decorators_comprehensive.TestEdgeCases" name="test_cost_tracking_with_missing_usage" time="0.003" /><testcase classname="unit.api.test_decorators_comprehensive.TestEdgeCases" name="test_logging_with_none_result" time="0.001" /><testcase classname="unit.api.test_decorators_missing_coverage.TestCostTrackingMissingCoverage" name="test_cost_tracking_disabled_sync" time="0.001" /><testcase classname="unit.api.test_decorators_missing_coverage.TestCostTrackingMissingCoverage" name="test_cost_tracking_disabled_async" time="0.016" /><testcase classname="unit.api.test_decorators_missing_coverage.TestCostTrackingMissingCoverage" name="test_cost_tracking_sync_with_usage_and_cost_calculation" time="0.004" /><testcase classname="unit.api.test_decorators_missing_coverage.TestCostTrackingMissingCoverage" name="test_cost_tracking_sync_with_none_cost" time="0.004" /><testcase classname="unit.api.test_decorators_missing_coverage.TestCostTrackingMissingCoverage" name="test_cost_tracking_sync_exception_handling" time="0.002" /><testcase classname="unit.api.test_decorators_missing_coverage.TestCostTrackingMissingCoverage" name="test_cost_tracking_async_exception_handling" time="0.016" /><testcase classname="unit.api.test_decorators_missing_coverage.TestPostgresLoggingMissingCoverage" name="test_postgres_logging_no_logger_sync" time="0.001" /><testcase classname="unit.api.test_decorators_missing_coverage.TestPostgresLoggingMissingCoverage" name="test_postgres_logging_no_logger_async" time="0.002" /><testcase classname="unit.api.test_decorators_missing_coverage.TestPostgresLoggingMissingCoverage" name="test_with_postgres_logging_sync_exception_handling" time="0.003" /><testcase classname="unit.api.test_decorators_missing_coverage.TestPostgresLoggingMissingCoverage" name="test_postgres_logging_async_exception_handling" time="0.003" /><testcase classname="unit.api.test_decorators_missing_coverage.TestPostgresLoggingMissingCoverage" name="test_postgres_logging_sync_with_messages_and_model" time="0.002" /><testcase classname="unit.api.test_decorators_missing_coverage.TestDecoratorEdgeCases" name="test_cost_tracking_with_no_usage_attribute" time="0.001" /><testcase classname="unit.api.test_decorators_missing_coverage.TestDecoratorEdgeCases" name="test_async_cost_tracking_with_no_usage_attribute" time="0.015" /><testcase classname="unit.api.test_fast_client_comprehensive.TestFastChatCompletions" name="test_fast_chat_completions_initialization" time="0.001" /><testcase classname="unit.api.test_fast_client_comprehensive.TestFastChatCompletions" name="test_get_lazy_plugin_manager" time="0.001" /><testcase classname="unit.api.test_fast_client_comprehensive.TestFastChatCompletions" name="test_get_performance_manager" time="0.002" /><testcase classname="unit.api.test_fast_client_comprehensive.TestFastChatCompletions" name="test_get_cache_manager" time="0.002" /><testcase classname="unit.api.test_fast_client_comprehensive.TestFastChatCompletions" name="test_get_concurrency_manager" time="0.003" /><testcase classname="unit.api.test_fast_client_comprehensive.TestFastChatCompletions" name="test_ensure_initialized" time="0.002" /><testcase classname="unit.api.test_fast_client_comprehensive.TestFastChatCompletions" name="test_load_performance_manager" time="0.002" /><testcase classname="unit.api.test_fast_client_comprehensive.TestFastChatCompletions" name="test_load_cache_manager" time="0.002" /><testcase classname="unit.api.test_fast_client_comprehensive.TestFastChatCompletions" name="test_validate_request" time="0.003" /><testcase classname="unit.api.test_fast_client_comprehensive.TestFastChatCompletions" name="test_generate_cache_key" time="0.001" /><testcase classname="unit.api.test_fast_client_comprehensive.TestFastChatCompletions" name="test_create_traditional" time="0.002" /><testcase classname="unit.api.test_fast_client_comprehensive.TestFastChat" name="test_fast_chat_initialization" time="0.001" /><testcase classname="unit.api.test_fast_client_comprehensive.TestFastChat" name="test_completions_property" time="0.001" /><testcase classname="unit.api.test_fast_client_comprehensive.TestFastHarborAI" name="test_fast_harbor_ai_initialization_basic" time="0.002" /><testcase classname="unit.api.test_fast_client_comprehensive.TestFastHarborAI" name="test_fast_harbor_ai_initialization_with_config" time="0.002" /><testcase classname="unit.api.test_fast_client_comprehensive.TestFastHarborAI" name="test_merge_config" time="0.003" /><testcase classname="unit.api.test_fast_client_comprehensive.TestFastHarborAI" name="test_chat_property" time="0.003" /><testcase classname="unit.api.test_fast_client_comprehensive.TestFastHarborAI" name="test_init_memory_optimization" time="0.003" /><testcase classname="unit.api.test_fast_client_comprehensive.TestFastHarborAI" name="test_get_statistics" time="0.003" /><testcase classname="unit.api.test_fast_client_comprehensive.TestFastHarborAI" name="test_cleanup" time="0.004" /><testcase classname="unit.api.test_fast_client_comprehensive.TestCreateFastClient" name="test_create_fast_client" time="0.002" /><testcase classname="unit.api.test_fast_client_comprehensive.TestPerformanceOptimizations" name="test_initialization_performance" time="0.002" /><testcase classname="unit.api.test_fast_client_comprehensive.TestPerformanceOptimizations" name="test_lazy_loading_performance" time="0.002" /><testcase classname="unit.api.test_fast_client_comprehensive.TestErrorHandling" name="test_initialization_error_handling" time="0.001" /><testcase classname="unit.api.test_fast_client_comprehensive.TestErrorHandling" name="test_memory_optimization_error_handling" time="0.002" /><testcase classname="unit.api.test_fast_client_comprehensive.TestErrorHandling" name="test_cleanup_error_handling" time="0.005" /><testcase classname="unit.api.test_fast_client_comprehensive.TestEdgeCases" name="test_empty_config" time="0.002" /><testcase classname="unit.api.test_fast_client_comprehensive.TestEdgeCases" name="test_none_config" time="0.002" /><testcase classname="unit.api.test_fast_client_comprehensive.TestEdgeCases" name="test_large_config" time="0.002" /><testcase classname="unit.api.test_fast_client_comprehensive.TestImportErrorHandling" name="test_memory_manager_import_error" time="0.002" /><testcase classname="unit.api.test_fast_client_comprehensive.TestImportErrorHandling" name="test_concurrency_manager_import_error" time="0.001" /><testcase classname="unit.api.test_fast_client_comprehensive.TestImportErrorHandling" name="test_performance_manager_import_error" time="0.004" /><testcase classname="unit.api.test_fast_client_comprehensive.TestImportErrorHandling" name="test_cache_manager_import_error" time="0.002" /><testcase classname="unit.api.test_fast_client_comprehensive.TestMemoryOptimizationEdgeCases" name="test_memory_optimization_init_failure" time="0.002" /><testcase classname="unit.api.test_fast_client_comprehensive.TestMemoryOptimizationEdgeCases" name="test_memory_optimization_unavailable_warning" time="0.002" /><testcase classname="unit.api.test_fast_client_comprehensive.TestMemoryOptimizationEdgeCases" name="test_memory_stats_psutil_import_error" time="0.002" /><testcase classname="unit.api.test_fast_client_comprehensive.TestMemoryOptimizationEdgeCases" name="test_memory_stats_psutil_runtime_error" time="0.005" /><testcase classname="unit.api.test_fast_client_comprehensive.TestMemoryOptimizationEdgeCases" name="test_memory_stats_without_memory_manager" time="0.002" /><testcase classname="unit.api.test_fast_client_comprehensive.TestMemoryOptimizationEdgeCases" name="test_cleanup_memory_without_memory_manager" time="0.002" /><testcase classname="unit.api.test_fast_client_comprehensive.TestConcurrencyManagerEdgeCases" name="test_concurrency_manager_start_failure" time="0.003" /><testcase classname="unit.api.test_fast_client_comprehensive.TestConcurrencyManagerEdgeCases" name="test_concurrency_manager_with_running_loop" time="0.003" /><testcase classname="unit.api.test_fast_client_comprehensive.TestConcurrencyManagerEdgeCases" name="test_ensure_concurrency_manager_started_success" time="0.003" /><testcase classname="unit.api.test_fast_client_comprehensive.TestConcurrencyManagerEdgeCases" name="test_ensure_concurrency_manager_started_failure" time="0.003" /><testcase classname="unit.api.test_fast_client_comprehensive.TestConcurrencyManagerEdgeCases" name="test_ensure_concurrency_manager_started_no_task" time="0.002" /><testcase classname="unit.api.test_fast_client_comprehensive.TestCacheManagerFallback" name="test_cache_manager_fallback_to_traditional" time="0.001" /><testcase classname="unit.api.test_fast_client_comprehensive.TestCacheManagerFallback" name="test_cache_manager_use_memory_manager_cache" time="0.001" /><testcase classname="unit.api.test_fast_client_comprehensive.TestCacheManagerFallback" name="test_cache_manager_memory_manager_without_cache" time="0.002" /><testcase classname="unit.api.test_fast_client_comprehensive.TestCacheManagerFallback" name="test_cache_manager_traditional_import_error" time="0.003" /><testcase classname="unit.api.test_fast_client_comprehensive.TestAsyncOperations" name="test_create_async_with_concurrency_manager" time="0.007" /><testcase classname="unit.api.test_fast_client_comprehensive.TestAsyncOperations" name="test_create_async_concurrency_manager_failure" time="0.009" /><testcase classname="unit.api.test_fast_client_coverage_improvement.TestFastChatCompletionsCoverageImprovement" name="test_get_concurrency_manager_with_available_optimization" time="0.004" /><testcase classname="unit.api.test_fast_client_coverage_improvement.TestFastChatCompletionsCoverageImprovement" name="test_get_concurrency_manager_with_running_loop" time="0.003" /><testcase classname="unit.api.test_fast_client_coverage_improvement.TestFastChatCompletionsCoverageImprovement" name="test_get_concurrency_manager_initialization_error" time="0.002" /><testcase classname="unit.api.test_fast_client_coverage_improvement.TestFastChatCompletionsCoverageImprovement" name="test_ensure_initialized_with_performance_and_cache" time="0.004" /><testcase classname="unit.api.test_fast_client_coverage_improvement.TestFastChatCompletionsCoverageImprovement" name="test_ensure_initialized_disabled_optimizations" time="0.002" /><testcase classname="unit.api.test_fast_client_coverage_improvement.TestFastChatCompletionsCoverageImprovement" name="test_ensure_initialized_error" time="0.002" /><testcase classname="unit.api.test_fast_client_coverage_improvement.TestFastChatCompletionsCoverageImprovement" name="test_load_cache_manager_with_memory_manager" time="0.001" /><testcase classname="unit.api.test_fast_client_coverage_improvement.TestFastChatCompletionsCoverageImprovement" name="test_load_cache_manager_fallback" time="0.001" /><testcase classname="unit.api.test_fast_client_coverage_improvement.TestFastChatCompletionsCoverageImprovement" name="test_load_cache_manager_import_error" time="0.002" /><testcase classname="unit.api.test_fast_client_coverage_improvement.TestFastChatCompletionsCoverageImprovement" name="test_load_cache_manager_general_error" time="0.003" /><testcase classname="unit.api.test_fast_client_coverage_improvement.TestFastChatCompletionsCoverageImprovement" name="test_ensure_concurrency_manager_started_success" time="0.003" /><testcase classname="unit.api.test_fast_client_coverage_improvement.TestFastChatCompletionsCoverageImprovement" name="test_ensure_concurrency_manager_started_error" time="0.003" /><testcase classname="unit.api.test_fast_client_coverage_improvement.TestFastChatCompletionsCoverageImprovement" name="test_ensure_concurrency_manager_started_no_task" time="0.002" /><testcase classname="unit.api.test_fast_client_coverage_improvement.TestFastChatCompletionsCoverageImprovement" name="test_create_with_concurrency_manager_success" time="0.005" /><testcase classname="unit.api.test_fast_client_coverage_improvement.TestFastChatCompletionsCoverageImprovement" name="test_create_with_concurrency_manager_error_fallback" time="0.004" /><testcase classname="unit.api.test_fast_client_coverage_improvement.TestFastChatCompletionsCoverageImprovement" name="test_create_traditional_with_cache_hit" time="0.002" /><testcase classname="unit.api.test_fast_client_coverage_improvement.TestFastChatCompletionsCoverageImprovement" name="test_create_traditional_with_cache_miss_and_performance_tracking" time="0.003" /><testcase classname="unit.api.test_fast_client_coverage_improvement.TestFastChatCompletionsCoverageImprovement" name="test_create_traditional_unsupported_model" time="0.002" /><testcase classname="unit.api.test_fast_client_coverage_improvement.TestFastChatCompletionsCoverageImprovement" name="test_create_traditional_plugin_error" time="0.003" /><testcase classname="unit.api.test_fast_client_coverage_improvement.TestFastChatCompletionsCoverageImprovement" name="test_create_async_with_concurrency_manager_success" time="0.006" /><testcase classname="unit.api.test_fast_client_coverage_improvement.TestFastChatCompletionsCoverageImprovement" name="test_create_async_with_concurrency_manager_error_fallback" time="0.009" /><testcase classname="unit.api.test_fast_client_coverage_improvement.TestFastChatCompletionsCoverageImprovement" name="test_create_async_traditional_success" time="0.004" /><testcase classname="unit.api.test_fast_client_coverage_improvement.TestFastChatCompletionsCoverageImprovement" name="test_create_async_traditional_unsupported_model" time="0.002" /><testcase classname="unit.api.test_fast_client_coverage_improvement.TestFastChatCompletionsCoverageImprovement" name="test_create_async_traditional_plugin_error" time="0.004" /><testcase classname="unit.api.test_fast_client_coverage_improvement.TestFastChatCompletionsCoverageImprovement" name="test_validate_request_temperature_boundary" time="0.001" /><testcase classname="unit.api.test_fast_client_coverage_improvement.TestFastChatCompletionsCoverageImprovement" name="test_validate_request_max_tokens_boundary" time="0.001" /><testcase classname="unit.api.test_fast_client_coverage_improvement.TestFastChatCompletionsCoverageImprovement" name="test_format_messages_with_additional_fields" time="0.001" /><testcase classname="unit.api.test_fast_client_coverage_improvement.TestFastChatCompletionsCoverageImprovement" name="test_generate_cache_key_consistency" time="0.001" /><testcase classname="unit.api.test_fast_client_coverage_improvement.TestFastChatCompletionsCoverageImprovement" name="test_generate_cache_key_different_inputs" time="0.001" /><testcase classname="unit.api.test_fast_client_coverage_improvement.TestFastChatCompletionsCoverageImprovement" name="test_generate_cache_key_excludes_stream" time="0.001" /><testcase classname="unit.api.test_fast_client_coverage_improvement.TestFastHarborAICoverageImprovement" name="test_merge_config_with_get_settings_error" time="0.002" /><testcase classname="unit.api.test_fast_client_coverage_improvement.TestFastHarborAICoverageImprovement" name="test_init_memory_optimization_unavailable" time="0.001" /><testcase classname="unit.api.test_fast_client_coverage_improvement.TestFastHarborAICoverageImprovement" name="test_init_memory_optimization_with_custom_config" time="0.003" /><testcase classname="unit.api.test_fast_client_coverage_improvement.TestFastHarborAICoverageImprovement" name="test_init_memory_optimization_error" time="0.002" /><testcase classname="unit.api.test_fast_client_coverage_improvement.TestFastHarborAICoverageImprovement" name="test_preload_model_success" time="0.002" /><testcase classname="unit.api.test_fast_client_coverage_improvement.TestFastHarborAICoverageImprovement" name="test_preload_model_no_plugin" time="0.002" /><testcase classname="unit.api.test_fast_client_coverage_improvement.TestFastHarborAICoverageImprovement" name="test_get_statistics_with_memory_manager" time="0.003" /><testcase classname="unit.api.test_fast_client_coverage_improvement.TestFastHarborAICoverageImprovement" name="test_get_memory_stats_with_psutil" time="0.004" /><testcase classname="unit.api.test_fast_client_coverage_improvement.TestFastHarborAICoverageImprovement" name="test_get_memory_stats_psutil_import_error" time="0.002" /><testcase classname="unit.api.test_fast_client_coverage_improvement.TestFastHarborAICoverageImprovement" name="test_get_memory_stats_psutil_general_error" time="0.002" /><testcase classname="unit.api.test_fast_client_coverage_improvement.TestFastHarborAICoverageImprovement" name="test_get_memory_stats_no_memory_manager" time="0.001" /><testcase classname="unit.api.test_fast_client_coverage_improvement.TestFastHarborAICoverageImprovement" name="test_cleanup_memory_with_manager" time="0.002" /><testcase classname="unit.api.test_fast_client_coverage_improvement.TestFastHarborAICoverageImprovement" name="test_cleanup_memory_no_manager" time="0.001" /><testcase classname="unit.api.test_fast_client_coverage_improvement.TestFastHarborAICoverageImprovement" name="test_cleanup_with_performance_manager" time="0.004" /><testcase classname="unit.api.test_fast_client_coverage_improvement.TestFastHarborAICoverageImprovement" name="test_cleanup_memory_manager_error" time="0.002" /><testcase classname="unit.api.test_fast_client_coverage_improvement.TestFastHarborAICoverageImprovement" name="test_context_manager" time="0.002" /><testcase classname="unit.api.test_fast_client_coverage_improvement.TestFastHarborAICoverageImprovement" name="test_destructor" time="0.003" /><testcase classname="unit.api.test_fast_client_coverage_improvement.TestFastHarborAICoverageImprovement" name="test_destructor_with_exception" time="0.001" /><testcase classname="unit.api.test_fast_client_coverage_improvement.TestCreateFastClientFunction" name="test_create_fast_client_with_config" time="0.001" /><testcase classname="unit.api.test_fast_client_coverage_improvement.TestCreateFastClientFunction" name="test_create_fast_client_no_config" time="0.002" /><testcase classname="unit.api.test_fast_decorators_comprehensive.TestFastTrace" name="test_fast_trace_sync_function_basic" time="0.003" /><testcase classname="unit.api.test_fast_decorators_comprehensive.TestFastTrace" name="test_fast_trace_sync_function_with_existing_trace_id" time="0.002" /><testcase classname="unit.api.test_fast_decorators_comprehensive.TestFastTrace" name="test_fast_trace_sync_function_tracing_disabled" time="0.002" /><testcase classname="unit.api.test_fast_decorators_comprehensive.TestFastTrace" name="test_fast_trace_async_function_basic" time="0.015" /><testcase classname="unit.api.test_fast_decorators_comprehensive.TestFastTrace" name="test_fast_trace_async_function_with_existing_trace_id" time="0.015" /><testcase classname="unit.api.test_fast_decorators_comprehensive.TestFastTrace" name="test_fast_trace_preserves_function_metadata" time="0.001" /><testcase classname="unit.api.test_fast_decorators_comprehensive.TestFastCostTracking" name="test_fast_cost_tracking_sync_function_basic" time="0.002" /><testcase classname="unit.api.test_fast_decorators_comprehensive.TestFastCostTracking" name="test_fast_cost_tracking_sync_function_disabled" time="0.002" /><testcase classname="unit.api.test_fast_decorators_comprehensive.TestFastCostTracking" name="test_fast_cost_tracking_async_function_basic" time="0.004" /><testcase classname="unit.api.test_fast_decorators_comprehensive.TestFastCostTracking" name="test_fast_cost_tracking_async_function_disabled" time="0.002" /><testcase classname="unit.api.test_fast_decorators_comprehensive.TestFastCostTracking" name="test_fast_cost_tracking_sync_exception_handling" time="0.002" /><testcase classname="unit.api.test_fast_decorators_comprehensive.TestFastCostTracking" name="test_fast_cost_tracking_async_exception_handling" time="0.003" /><testcase classname="unit.api.test_fast_decorators_comprehensive.TestFastCostTracking" name="test_fast_cost_tracking_no_usage_attribute" time="0.001" /><testcase classname="unit.api.test_fast_decorators_comprehensive.TestConditionalDecorator" name="test_conditional_decorator_enabled" time="0.001" /><testcase classname="unit.api.test_fast_decorators_comprehensive.TestConditionalDecorator" name="test_conditional_decorator_disabled" time="0.001" /><testcase classname="unit.api.test_fast_decorators_comprehensive.TestConditionalDecorator" name="test_conditional_decorator_with_complex_decorator" time="0.013" /><testcase classname="unit.api.test_fast_decorators_comprehensive.TestFastPathDecorators" name="test_fast_path_decorators_basic_functionality" time="0.002" /><testcase classname="unit.api.test_fast_decorators_comprehensive.TestFastPathDecorators" name="test_fast_path_decorators_disabled" time="0.002" /><testcase classname="unit.api.test_fast_decorators_comprehensive.TestFastPathDecorators" name="test_fast_path_decorators_async_function" time="0.020" /><testcase classname="unit.api.test_fast_decorators_comprehensive.TestAsyncRecordCost" name="test_async_record_cost_success" time="0.002" /><testcase classname="unit.api.test_fast_decorators_comprehensive.TestAsyncRecordCost" name="test_async_record_cost_failure" time="0.002" /><testcase classname="unit.api.test_fast_decorators_comprehensive.TestAsyncRecordCost" name="test_async_record_cost_exception_handling" time="0.002" /><testcase classname="unit.api.test_fast_decorators_comprehensive.TestPerformanceComparison" name="test_fast_trace_vs_regular_trace_performance" time="0.149" /><testcase classname="unit.api.test_fast_decorators_comprehensive.TestPerformanceComparison" name="test_fast_cost_tracking_performance" time="0.001" /><testcase classname="unit.api.test_fast_decorators_comprehensive.TestEdgeCases" name="test_fast_trace_with_none_trace_id" time="0.001" /><testcase classname="unit.api.test_fast_decorators_comprehensive.TestEdgeCases" name="test_fast_cost_tracking_with_missing_usage" time="0.001" /><testcase classname="unit.api.test_fast_decorators_comprehensive.TestEdgeCases" name="test_conditional_decorator_with_none_condition" time="0.001" /><testcase classname="unit.api.test_fast_decorators_comprehensive.TestEdgeCases" name="test_fast_path_decorators_with_missing_config" time="0.001" /><testcase classname="unit.api.test_structured_comprehensive.TestStructuredOutputHandler" name="test_init_default_provider" time="0.001" /><testcase classname="unit.api.test_structured_comprehensive.TestStructuredOutputHandler" name="test_init_agently_provider_available" time="0.002" /><testcase classname="unit.api.test_structured_comprehensive.TestStructuredOutputHandler" name="test_init_agently_provider_unavailable" time="0.001" /><testcase classname="unit.api.test_structured_comprehensive.TestStructuredOutputHandler" name="test_init_invalid_provider" time="0.001" /><testcase classname="unit.api.test_structured_comprehensive.TestStructuredOutputHandler" name="test_init_custom_cache_settings" time="0.001" /><testcase classname="unit.api.test_structured_comprehensive.TestStructuredOutputHandler" name="test_check_agently_availability_available" time="0.001" /><testcase classname="unit.api.test_structured_comprehensive.TestStructuredOutputHandler" name="test_check_agently_availability_unavailable" time="0.001" /><testcase classname="unit.api.test_structured_comprehensive.TestStructuredOutputHandler" name="test_parse_response_native_valid_json" time="0.003" /><testcase classname="unit.api.test_structured_comprehensive.TestStructuredOutputHandler" name="test_parse_response_native_invalid_json" time="0.002" /><testcase classname="unit.api.test_structured_comprehensive.TestStructuredOutputHandler" name="test_parse_response_native_empty_string" time="0.001" /><testcase classname="unit.api.test_structured_comprehensive.TestStructuredOutputHandler" name="test_parse_response_native_none_input" time="0.001" /><testcase classname="unit.api.test_structured_comprehensive.TestStructuredOutputHandler" name="test_parse_response_agently_success" time="0.002" /><testcase classname="unit.api.test_structured_comprehensive.TestStructuredOutputHandler" name="test_parse_response_agently_fallback" time="0.002" /><testcase classname="unit.api.test_structured_comprehensive.TestStructuredOutputHandler" name="test_parse_response_with_schema_validation_success" time="0.004" /><testcase classname="unit.api.test_structured_comprehensive.TestStructuredOutputHandler" name="test_parse_response_json_in_codeblock" time="0.002" /><testcase classname="unit.api.test_structured_comprehensive.TestStructuredOutputHandler" name="test_parse_response_array_structure" time="0.002" /><testcase classname="unit.api.test_structured_comprehensive.TestStructuredOutputHandler" name="test_parse_response_nested_structure" time="0.001" /><testcase classname="unit.api.test_structured_comprehensive.TestStructuredOutputHandler" name="test_parse_response_unicode_content" time="0.001" /><testcase classname="unit.api.test_structured_comprehensive.TestStructuredOutputHandler" name="test_parse_response_special_characters" time="0.001" /><testcase classname="unit.api.test_structured_comprehensive.TestStructuredOutputHandler" name="test_format_response_format" time="0.001" /><testcase classname="unit.api.test_structured_comprehensive.TestStructuredOutputHandler" name="test_extract_json_from_text_various_formats" time="0.001" /><testcase classname="unit.api.test_structured_comprehensive.TestStructuredOutputHandlerIntegration" name="test_real_world_api_response_parsing" time="0.002" /><testcase classname="unit.api.test_structured_comprehensive.TestStructuredOutputHandlerIntegration" name="test_error_response_parsing" time="0.001" /><testcase classname="unit.api.test_structured_comprehensive.TestStructuredOutputHandlerIntegration" name="test_large_data_parsing_performance" time="0.010" /><testcase classname="unit.api.test_structured_comprehensive.TestStructuredOutputHandlerIntegration" name="test_concurrent_parsing" time="0.034" /><testcase classname="unit.api.test_structured_comprehensive.TestEdgeCasesAndErrorHandling" name="test_malformed_json_with_extra_characters" time="0.002" /><testcase classname="unit.api.test_structured_comprehensive.TestEdgeCasesAndErrorHandling" name="test_json_with_comments" time="0.002" /><testcase classname="unit.api.test_structured_comprehensive.TestEdgeCasesAndErrorHandling" name="test_extremely_nested_structure" time="0.002" /><testcase classname="unit.api.test_structured_comprehensive.TestEdgeCasesAndErrorHandling" name="test_json_with_null_values" time="0.001" /><testcase classname="unit.api.test_structured_comprehensive.TestEdgeCasesAndErrorHandling" name="test_json_with_boolean_values" time="0.002" /><testcase classname="unit.api.test_structured_comprehensive.TestEdgeCasesAndErrorHandling" name="test_json_with_numeric_edge_cases" time="0.001" /><testcase classname="unit.api.test_structured_comprehensive.TestJSONSchemaConversion" name="test_convert_schema_with_non_dict_input" time="0.001" /><testcase classname="unit.api.test_structured_comprehensive.TestJSONSchemaConversion" name="test_convert_object_schema_with_enum_values" time="0.001" /><testcase classname="unit.api.test_structured_comprehensive.TestJSONSchemaConversion" name="test_convert_primitive_schema" time="0.001" /><testcase classname="unit.api.test_structured_comprehensive.TestJSONSchemaConversion" name="test_convert_array_schema_with_object_items" time="0.001" /><testcase classname="unit.api.test_structured_comprehensive.TestJSONSchemaConversion" name="test_convert_array_schema_with_string_items" time="0.001" /><testcase classname="unit.api.test_structured_comprehensive.TestJSONSchemaConversion" name="test_convert_array_schema_with_integer_items" time="0.001" /><testcase classname="unit.api.test_structured_comprehensive.TestJSONSchemaConversion" name="test_convert_array_schema_with_number_items" time="0.001" /><testcase classname="unit.api.test_structured_comprehensive.TestJSONSchemaConversion" name="test_convert_array_schema_with_boolean_items" time="0.001" /><testcase classname="unit.api.test_structured_comprehensive.TestJSONSchemaConversion" name="test_convert_array_schema_with_unknown_items" time="0.001" /><testcase classname="unit.api.test_structured_comprehensive.TestStreamingParsing" name="test_parse_streaming_response_agently_success" time="0.003" /><testcase classname="unit.api.test_structured_comprehensive.TestStreamingParsing" name="test_parse_streaming_response_native_success" time="0.002" /><testcase classname="unit.api.test_structured_comprehensive.TestStreamingParsing" name="test_parse_streaming_response_empty_stream" time="0.001" /><testcase classname="unit.api.test_structured_comprehensive.TestStreamingParsing" name="test_parse_sync_streaming_with_agently" time="0.003" /><testcase classname="unit.api.test_structured_comprehensive.TestStreamingParsing" name="test_parse_async_streaming_with_agently" time="0.004" /><testcase classname="unit.api.test_structured_comprehensive.TestStreamingParsing" name="test_parse_sync_streaming_with_native" time="0.001" /><testcase classname="unit.api.test_structured_comprehensive.TestStreamingParsing" name="test_parse_async_streaming_with_native" time="0.003" /><testcase classname="unit.api.test_structured_comprehensive.TestStreamingParsing" name="test_parse_streaming_with_native_invalid_json" time="0.001" /><testcase classname="unit.api.test_structured_comprehensive.TestJSONExtractionAndValidation" name="test_extract_json_from_text_json_codeblock" time="0.001" /><testcase classname="unit.api.test_structured_comprehensive.TestJSONExtractionAndValidation" name="test_extract_json_from_text_generic_codeblock" time="0.001" /><testcase classname="unit.api.test_structured_comprehensive.TestJSONExtractionAndValidation" name="test_extract_json_from_text_inline_json" time="0.001" /><testcase classname="unit.api.test_structured_comprehensive.TestJSONExtractionAndValidation" name="test_extract_json_from_text_multiple_json" time="0.001" /><testcase classname="unit.api.test_structured_comprehensive.TestJSONExtractionAndValidation" name="test_extract_json_from_text_no_json" time="0.001" /><testcase classname="unit.api.test_structured_comprehensive.TestJSONExtractionAndValidation" name="test_extract_json_from_text_array" time="0.001" /><testcase classname="unit.api.test_structured_comprehensive.TestJSONExtractionAndValidation" name="test_validate_against_schema_success" time="0.003" /><testcase classname="unit.api.test_structured_comprehensive.TestJSONExtractionAndValidation" name="test_validate_against_schema_failure" time="0.005" /><testcase classname="unit.api.test_structured_comprehensive.TestJSONExtractionAndValidation" name="test_validate_against_schema_type_mismatch" time="0.002" /><testcase classname="unit.api.test_structured_comprehensive.TestGlobalFunctions" name="test_parse_structured_output_function" time="0.001" /><testcase classname="unit.api.test_structured_comprehensive.TestGlobalFunctions" name="test_parse_streaming_structured_output_function" time="0.001" /><testcase classname="unit.api.test_structured_comprehensive.TestGlobalFunctions" name="test_create_response_format_function" time="0.001" /><testcase classname="unit.api.test_structured_comprehensive.TestUtilityMethods" name="test_update_result_by_key_simple_path" time="0.001" /><testcase classname="unit.api.test_structured_comprehensive.TestUtilityMethods" name="test_update_result_by_key_nested_path" time="0.001" /><testcase classname="unit.api.test_structured_comprehensive.TestUtilityMethods" name="test_update_result_by_key_array_path" time="0.001" /><testcase classname="unit.api.test_structured_comprehensive.TestUtilityMethods" name="test_update_result_by_key_complex_nested_path" time="0.001" /><testcase classname="unit.api.test_structured_comprehensive.TestUtilityMethods" name="test_update_result_by_key_error_handling" time="0.001" /><testcase classname="unit.api.test_structured_comprehensive.TestUtilityMethods" name="test_update_result_by_key_non_string_existing_value" time="0.001" /><testcase classname="unit.api.test_structured_comprehensive.TestUtilityMethods" name="test_extract_json_from_text_with_braces" time="0.001" /><testcase classname="unit.api.test_structured_comprehensive.TestUtilityMethods" name="test_extract_json_from_text_with_array" time="0.001" /><testcase classname="unit.api.test_structured_comprehensive.TestUtilityMethods" name="test_extract_json_from_text_no_json" time="0.001" /><testcase classname="unit.api.test_structured_comprehensive.TestErrorHandlingAndEdgeCases" name="test_parse_with_agently_none_result" time="0.004" /><testcase classname="unit.api.test_structured_comprehensive.TestErrorHandlingAndEdgeCases" name="test_extract_json_from_text_with_code_blocks" time="0.001" /><testcase classname="unit.api.test_structured_comprehensive.TestErrorHandlingAndEdgeCases" name="test_extract_json_from_text_with_generic_code_blocks" time="0.001" /><testcase classname="unit.api.test_structured_comprehensive.TestErrorHandlingAndEdgeCases" name="test_extract_json_from_text_with_invalid_code_block" time="0.001" /><testcase classname="unit.api.test_structured_comprehensive.TestErrorHandlingAndEdgeCases" name="test_parse_streaming_with_native_provider" time="0.002" /><testcase classname="unit.api.test_structured_comprehensive.TestErrorHandlingAndEdgeCases" name="test_parse_response_with_native_provider" time="0.002" /><testcase classname="unit.api.test_structured_comprehensive.TestAdditionalCoverage" name="test_convert_json_schema_to_agently_output_exception_handling" time="0.001" /><testcase classname="unit.api.test_structured_comprehensive.TestAdditionalCoverage" name="test_extract_json_from_text_edge_cases" time="0.001" /><testcase classname="unit.api.test_structured_comprehensive.TestAdditionalCoverage" name="test_validate_against_schema_edge_cases" time="0.002" /><testcase classname="unit.api.test_structured_comprehensive.TestAdditionalCoverage" name="test_update_result_by_key_complex_paths" time="0.001" /><testcase classname="unit.api.test_structured_comprehensive.TestAdditionalCoverage" name="test_format_response_format_edge_cases" time="0.001" /><testcase classname="unit.api.test_structured_comprehensive.TestAdditionalCoverage" name="test_parse_with_agently_configuration_edge_cases" time="0.002" /><testcase classname="unit.api.test_structured_comprehensive.TestAdditionalCoverage" name="test_parse_streaming_with_agently_error_handling" time="0.002" /><testcase classname="unit.api.test_structured_comprehensive.TestAdditionalCoverage" name="test_parse_response_with_none_content" time="0.001" /><testcase classname="unit.api.test_structured_comprehensive.TestAdditionalCoverage" name="test_parse_response_with_empty_schema" time="0.001" /><testcase classname="unit.api.test_structured_comprehensive.TestAdditionalCoverage" name="test_convert_schema_to_agently_format_complex_types" time="0.001" /><testcase classname="unit.api.test_structured_comprehensive.TestAdditionalCoverage" name="test_extract_json_from_text_malformed_json" time="0.001" /><testcase classname="unit.api.test_structured_comprehensive.TestAdditionalCoverage" name="test_update_result_by_key_type_conversion" time="0.001" /><testcase classname="unit.api.test_structured_comprehensive.TestStreamingAndErrorHandling" name="test_parse_streaming_agently_import_error" time="0.002" /><testcase classname="unit.api.test_structured_comprehensive.TestStreamingAndErrorHandling" name="test_parse_streaming_agently_structured_output_error" time="0.001" /><testcase classname="unit.api.test_structured_comprehensive.TestStreamingAndErrorHandling" name="test_parse_streaming_agently_general_exception_fallback" time="0.005" /><testcase classname="unit.api.test_structured_comprehensive.TestStreamingAndErrorHandling" name="test_parse_streaming_agently_event_processing_error" time="0.003" /><testcase classname="unit.api.test_structured_comprehensive.TestStreamingAndErrorHandling" name="test_extract_json_from_text_code_block_validation" time="0.001" /><testcase classname="unit.api.test_structured_comprehensive.TestStreamingAndErrorHandling" name="test_parse_with_agently_fallback_to_json_extraction" time="0.003" /><testcase classname="unit.api.test_structured_comprehensive.TestStreamingAndErrorHandling" name="test_parse_with_agently_no_fallback_content" time="0.002" /><testcase classname="unit.api.test_structured_comprehensive.TestStreamingAndErrorHandling" name="test_convert_object_schema_with_array_property" time="0.001" /><testcase classname="unit.api.test_structured_comprehensive.TestStreamingAndErrorHandling" name="test_convert_object_schema_default_string_type" time="0.001" /><testcase classname="unit.api.test_structured_comprehensive.TestAsyncStreamingWithAgently" name="test_parse_async_streaming_agently_import_error" time="0.004" /><testcase classname="unit.api.test_structured_comprehensive.TestAsyncStreamingWithAgently" name="test_parse_async_streaming_agently_structured_output_error" time="0.002" /><testcase classname="unit.api.test_structured_comprehensive.TestAsyncStreamingWithAgently" name="test_parse_async_streaming_agently_fallback_mechanism" time="0.005" /><testcase classname="unit.api.test_structured_comprehensive.TestAsyncStreamingWithAgently" name="test_parse_async_streaming_agently_event_processing" time="0.004" /><testcase classname="unit.api.test_structured_comprehensive.TestNativeStreamingParsing" name="test_parse_streaming_with_native_empty_stream" time="0.001" /><testcase classname="unit.api.test_structured_comprehensive.TestNativeStreamingParsing" name="test_parse_async_streaming_with_native_empty_stream" time="0.002" /><testcase classname="unit.api.test_structured_comprehensive.TestNativeStreamingParsing" name="test_parse_streaming_with_native_json_chunks" time="0.004" /><testcase classname="unit.api.test_structured_comprehensive.TestNativeStreamingParsing" name="test_parse_async_streaming_with_native_json_chunks" time="0.004" /><testcase classname="unit.api.test_structured_coverage_enhancement.TestStructuredOutputHandlerCoverageEnhancement" name="test_check_agently_availability_import_error" time="0.001" /><testcase classname="unit.api.test_structured_coverage_enhancement.TestStructuredOutputHandlerCoverageEnhancement" name="test_check_agently_availability_no_create_agent" time="0.001" /><testcase classname="unit.api.test_structured_coverage_enhancement.TestStructuredOutputHandlerCoverageEnhancement" name="test_check_agently_availability_general_exception" time="0.001" /><testcase classname="unit.api.test_structured_coverage_enhancement.TestStructuredOutputHandlerCoverageEnhancement" name="test_convert_json_schema_to_agently_output_none_schema" time="0.001" /><testcase classname="unit.api.test_structured_coverage_enhancement.TestStructuredOutputHandlerCoverageEnhancement" name="test_convert_schema_to_agently_format_array_type" time="0.001" /><testcase classname="unit.api.test_structured_coverage_enhancement.TestStructuredOutputHandlerCoverageEnhancement" name="test_convert_schema_to_agently_format_unknown_type" time="0.001" /><testcase classname="unit.api.test_structured_coverage_enhancement.TestStructuredOutputHandlerCoverageEnhancement" name="test_convert_array_schema_no_items" time="0.001" /><testcase classname="unit.api.test_structured_coverage_enhancement.TestStructuredOutputHandlerCoverageEnhancement" name="test_parse_response_agently_unavailable_fallback" time="0.002" /><testcase classname="unit.api.test_structured_coverage_enhancement.TestStructuredOutputHandlerCoverageEnhancement" name="test_parse_with_agently_no_api_key" time="2.489" /><testcase classname="unit.api.test_structured_coverage_enhancement.TestStructuredOutputHandlerCoverageEnhancement" name="test_validate_against_schema_validation_error" time="0.002" /><testcase classname="unit.api.test_structured_coverage_enhancement.TestStructuredOutputHandlerCoverageEnhancement" name="test_extract_json_from_text_no_json_found" time="0.001" /><testcase classname="unit.api.test_structured_coverage_enhancement.TestStructuredOutputHandlerCoverageEnhancement" name="test_extract_json_from_text_multiple_patterns" time="0.001" /><testcase classname="unit.api.test_structured_coverage_enhancement.TestStructuredOutputHandlerCoverageEnhancement" name="test_parse_streaming_response_agently_unavailable" time="0.004" /><testcase classname="unit.api.test_structured_coverage_enhancement.TestStructuredOutputHandlerCoverageEnhancement" name="test_parse_streaming_response_agently_error" time="0.002" /><testcase classname="unit.api.test_structured_coverage_enhancement.TestStructuredOutputHandlerCoverageEnhancement" name="test_parse_streaming_with_agently_async_stream" time="0.001" /><testcase classname="unit.api.test_structured_coverage_enhancement.TestStructuredOutputHandlerCoverageEnhancement" name="test_parse_sync_streaming_with_agently_no_api_key" time="0.002" /><testcase classname="unit.api.test_structured_coverage_enhancement.TestStructuredOutputHandlerCoverageEnhancement" name="test_parse_sync_streaming_with_agently_agent_error" time="0.003" /><testcase classname="unit.api.test_structured_coverage_enhancement.TestStructuredOutputHandlerCoverageEnhancement" name="test_parse_sync_streaming_with_agently_streaming_error" time="0.004" /><testcase classname="unit.api.test_structured_coverage_enhancement.TestStructuredOutputHandlerCoverageEnhancement" name="test_parse_sync_streaming_with_agently_json_error" time="0.003" /><testcase classname="unit.api.test_structured_coverage_enhancement.TestStructuredOutputHandlerCoverageEnhancement" name="test_parse_async_streaming_with_agently_no_api_key" time="0.004" /><testcase classname="unit.api.test_structured_coverage_enhancement.TestStructuredOutputHandlerCoverageEnhancement" name="test_parse_async_streaming_with_agently_agent_error" time="0.004" /><testcase classname="unit.api.test_structured_coverage_enhancement.TestStructuredOutputHandlerCoverageEnhancement" name="test_parse_async_streaming_with_agently_streaming_error" time="0.004" /><testcase classname="unit.api.test_structured_coverage_enhancement.TestStructuredOutputHandlerCoverageEnhancement" name="test_parse_async_streaming_with_agently_json_error" time="0.004" /><testcase classname="unit.api.test_structured_coverage_enhancement.TestStructuredOutputHandlerCoverageEnhancement" name="test_parse_streaming_with_native_async_stream" time="0.001" /><testcase classname="unit.api.test_structured_coverage_enhancement.TestStructuredOutputHandlerCoverageEnhancement" name="test_parse_sync_streaming_with_native_json_error" time="0.001" /><testcase classname="unit.api.test_structured_coverage_enhancement.TestStructuredOutputHandlerCoverageEnhancement" name="test_parse_async_streaming_with_native_json_error" time="0.003" /><testcase classname="unit.api.test_structured_coverage_enhancement.TestStructuredOutputHandlerCoverageEnhancement" name="test_update_result_by_key_invalid_key_format" time="0.001" /><testcase classname="unit.api.test_structured_coverage_enhancement.TestStructuredOutputHandlerCoverageEnhancement" name="test_update_result_by_key_nested_creation" time="0.001" /><testcase classname="unit.api.test_structured_coverage_enhancement.TestStructuredOutputHandlerCoverageEnhancement" name="test_update_result_by_key_array_index_error" time="0.001" /><testcase classname="unit.api.test_structured_coverage_enhancement.TestStructuredOutputHandlerEdgeCases" name="test_parse_response_empty_content" time="0.001" /><testcase classname="unit.api.test_structured_coverage_enhancement.TestStructuredOutputHandlerEdgeCases" name="test_parse_response_whitespace_only" time="0.001" /><testcase classname="unit.api.test_structured_coverage_enhancement.TestStructuredOutputHandlerEdgeCases" name="test_extract_json_from_text_nested_codeblocks" time="0.001" /><testcase classname="unit.api.test_structured_coverage_enhancement.TestStructuredOutputHandlerEdgeCases" name="test_streaming_response_empty_stream" time="0.001" /><testcase classname="unit.api.test_structured_coverage_enhancement.TestStructuredOutputHandlerEdgeCases" name="test_async_streaming_response_empty_stream" time="0.003" /><testcase classname="unit.api.test_structured_coverage_补充.TestAgentlyAvailabilityChecks" name="test_check_agently_availability_no_create_agent_attribute" time="0.002" /><testcase classname="unit.api.test_structured_coverage_补充.TestAgentlyAvailabilityChecks" name="test_check_agently_availability_import_error" time="0.001" /><testcase classname="unit.api.test_structured_coverage_补充.TestAgentlyAvailabilityChecks" name="test_check_agently_availability_general_exception" time="0.001" /><testcase classname="unit.api.test_structured_coverage_补充.TestSchemaConversionEdgeCases" name="test_convert_json_schema_to_agently_output_exception" time="0.001" /><testcase classname="unit.api.test_structured_coverage_补充.TestSchemaConversionEdgeCases" name="test_convert_schema_to_agently_format_non_dict_input" time="0.001" /><testcase classname="unit.api.test_structured_coverage_补充.TestSchemaConversionEdgeCases" name="test_convert_schema_to_agently_format_array_type" time="0.001" /><testcase classname="unit.api.test_structured_coverage_补充.TestSchemaConversionEdgeCases" name="test_convert_object_schema_with_enum_values" time="0.001" /><testcase classname="unit.api.test_structured_coverage_补充.TestSchemaConversionEdgeCases" name="test_convert_array_schema_non_dict_items" time="0.001" /><testcase classname="unit.api.test_structured_coverage_补充.TestParseResponseEdgeCases" name="test_parse_response_agently_import_error_fallback" time="0.003" /><testcase classname="unit.api.test_structured_coverage_补充.TestParseResponseEdgeCases" name="test_parse_response_all_methods_fail" time="0.001" /><testcase classname="unit.api.test_structured_coverage_补充.TestAgentlyParsingEdgeCases" name="test_parse_with_agently_no_model_error" time="0.001" /><testcase classname="unit.api.test_structured_coverage_补充.TestAgentlyParsingEdgeCases" name="test_parse_with_agently_none_result_error" time="0.002" /><testcase classname="unit.api.test_structured_coverage_补充.TestAgentlyParsingEdgeCases" name="test_parse_with_agently_with_model_response_fallback" time="0.002" /><testcase classname="unit.api.test_structured_coverage_补充.TestStreamingParsingEdgeCases" name="test_parse_streaming_response_agently_import_error" time="0.001" /><testcase classname="unit.api.test_structured_coverage_补充.TestStreamingParsingEdgeCases" name="test_parse_streaming_response_agently_structured_output_error" time="0.002" /><testcase classname="unit.api.test_structured_coverage_补充.TestStreamingParsingEdgeCases" name="test_parse_streaming_response_agently_general_exception" time="0.001" /><testcase classname="unit.api.test_structured_coverage_补充.TestStreamingParsingEdgeCases" name="test_parse_streaming_response_all_methods_fail" time="0.003" /><testcase classname="unit.api.test_structured_coverage_补充.TestUpdateResultByKeyEdgeCases" name="test_update_result_by_key_exception_fallback" time="0.001" /><testcase classname="unit.api.test_structured_coverage_补充.TestUpdateResultByKeyEdgeCases" name="test_update_result_by_key_array_extend" time="0.001" /><testcase classname="unit.api.test_structured_coverage_补充.TestUpdateResultByKeyEdgeCases" name="test_update_result_by_key_array_non_string_conversion" time="0.001" /><testcase classname="unit.api.test_structured_coverage_补充.TestUpdateResultByKeyEdgeCases" name="test_update_result_by_key_non_string_field_conversion" time="0.001" /><testcase classname="unit.core.optimizations.test_async_request_processor.TestRequestConfig" name="test_default_config" time="0.002" /><testcase classname="unit.core.optimizations.test_async_request_processor.TestRequestConfig" name="test_custom_config" time="0.001" /><testcase classname="unit.core.optimizations.test_async_request_processor.TestAsyncRequest" name="test_request_creation" time="0.001" /><testcase classname="unit.core.optimizations.test_async_request_processor.TestAsyncRequest" name="test_request_hash_generation" time="0.001" /><testcase classname="unit.core.optimizations.test_async_request_processor.TestAsyncResponse" name="test_response_creation" time="0.001" /><testcase classname="unit.core.optimizations.test_async_request_processor.TestAsyncResponse" name="test_error_response" time="0.001" /><testcase classname="unit.core.optimizations.test_async_request_processor.TestRateLimiter" name="test_rate_limiter_basic" time="0.002" /><testcase classname="unit.core.optimizations.test_async_request_processor.TestRateLimiter" name="test_rate_limiter_window_reset" time="0.160" /><testcase classname="unit.core.optimizations.test_async_request_processor.TestRateLimiter" name="test_wait_for_permit" time="0.220" /><testcase classname="unit.core.optimizations.test_async_request_processor.TestRateLimiter" name="test_wait_for_permit_timeout" time="0.111" /><testcase classname="unit.core.optimizations.test_async_request_processor.TestAsyncRequestProcessor" name="test_init_with_default_config" time="0.002" /><testcase classname="unit.core.optimizations.test_async_request_processor.TestAsyncRequestProcessor" name="test_init_with_custom_config" time="0.001" /><testcase classname="unit.core.optimizations.test_async_request_processor.TestAsyncRequestProcessor" name="test_init_without_rate_limiting" time="0.001" /><testcase classname="unit.core.optimizations.test_async_request_processor.TestAsyncRequestProcessor" name="test_start_stop_lifecycle" time="0.003" /><testcase classname="unit.core.optimizations.test_async_request_processor.TestAsyncRequestProcessor" name="test_start_already_running" time="0.005" /><testcase classname="unit.core.optimizations.test_async_request_processor.TestAsyncRequestProcessor" name="test_submit_request_basic" time="0.003" /><testcase classname="unit.core.optimizations.test_async_request_processor.TestAsyncRequestProcessor" name="test_submit_request_with_data" time="0.002" /><testcase classname="unit.core.optimizations.test_async_request_processor.TestAsyncRequestProcessor" name="test_request_merging" time="0.003" /><testcase classname="unit.core.optimizations.test_async_request_processor.TestAsyncRequestProcessor" name="test_rate_limiting" time="0.032" /><testcase classname="unit.core.optimizations.test_async_request_processor.TestAsyncRequestProcessor" name="test_get_statistics" time="0.001" /><testcase classname="unit.core.optimizations.test_async_request_processor.TestAsyncRequestProcessor" name="test_cancel_request" time="0.003" /><testcase classname="unit.core.optimizations.test_async_request_processor.TestAsyncRequestProcessor" name="test_manual_request_cancellation" time="0.002" /><testcase classname="unit.core.optimizations.test_async_request_processor.TestAsyncRequestProcessor" name="test_batch_processing" time="0.054" /><testcase classname="unit.core.optimizations.test_async_request_processor.TestAsyncRequestProcessor" name="test_retry_mechanism" time="0.514" /><testcase classname="unit.core.optimizations.test_async_request_processor.TestAsyncRequestProcessor" name="test_retry_exhausted" time="0.012" /><testcase classname="unit.core.optimizations.test_async_request_processor.TestAsyncRequestProcessor" name="test_performance_monitoring" time="0.008" /><testcase classname="unit.core.optimizations.test_async_request_processor.TestAsyncRequestProcessor" name="test_stream_processing" time="0.009" /><testcase classname="unit.core.optimizations.test_async_request_processor.TestAsyncRequestProcessorIntegration" name="test_full_request_lifecycle" time="0.111" /><testcase classname="unit.core.optimizations.test_async_request_processor.TestAsyncRequestProcessorIntegration" name="test_concurrent_requests" time="0.207" /><testcase classname="unit.core.optimizations.test_async_request_processor.TestAsyncRequestProcessorIntegration" name="test_priority_scheduling" time="0.204" /><testcase classname="unit.core.optimizations.test_concurrency_manager.TestConcurrencyConfig" name="test_default_config" time="0.001" /><testcase classname="unit.core.optimizations.test_concurrency_manager.TestConcurrencyConfig" name="test_custom_config" time="0.001" /><testcase classname="unit.core.optimizations.test_concurrency_manager.TestComponentInfo" name="test_component_info_creation" time="0.001" /><testcase classname="unit.core.optimizations.test_concurrency_manager.TestComponentInfo" name="test_component_info_error_tracking" time="0.001" /><testcase classname="unit.core.optimizations.test_concurrency_manager.TestPerformanceMetrics" name="test_performance_metrics_creation" time="0.001" /><testcase classname="unit.core.optimizations.test_concurrency_manager.TestConcurrencyManager" name="test_init_with_default_config" time="0.002" /><testcase classname="unit.core.optimizations.test_concurrency_manager.TestConcurrencyManager" name="test_init_with_custom_config" time="0.003" /><testcase classname="unit.core.optimizations.test_concurrency_manager.TestConcurrencyManager" name="test_start_stop_lifecycle" time="0.023" /><testcase classname="unit.core.optimizations.test_concurrency_manager.TestConcurrencyManager" name="test_start_already_running" time="0.228" /><testcase classname="unit.core.optimizations.test_concurrency_manager.TestConcurrencyManager" name="test_start_component_failure" time="0.007" /><testcase classname="unit.core.optimizations.test_concurrency_manager.TestConcurrencyManager" name="test_get_statistics" time="0.002" /><testcase classname="unit.core.optimizations.test_concurrency_manager.TestConcurrencyManager" name="test_register_component" time="0.003" /><testcase classname="unit.core.optimizations.test_concurrency_manager.TestConcurrencyManager" name="test_stop_component" time="0.007" /><testcase classname="unit.core.optimizations.test_concurrency_manager.TestConcurrencyManager" name="test_collect_performance_metrics" time="0.007" /><testcase classname="unit.core.optimizations.test_concurrency_manager.TestConcurrencyManager" name="test_adaptive_optimization_high_cpu" time="0.004" /><testcase classname="unit.core.optimizations.test_concurrency_manager.TestConcurrencyManager" name="test_adaptive_optimization_high_memory" time="0.009" /><testcase classname="unit.core.optimizations.test_concurrency_manager.TestConcurrencyManager" name="test_adaptive_optimization_low_cpu" time="0.004" /><testcase classname="unit.core.optimizations.test_concurrency_manager.TestConcurrencyManager" name="test_adaptive_optimization_rate_limiting" time="0.004" /><testcase classname="unit.core.optimizations.test_concurrency_manager.TestConcurrencyManager" name="test_health_check_component_failure" time="0.004" /><testcase classname="unit.core.optimizations.test_concurrency_manager.TestConcurrencyManager" name="test_health_check_component_success" time="0.004" /><testcase classname="unit.core.optimizations.test_concurrency_manager.TestConcurrencyManager" name="test_health_check_no_health_check_method" time="0.004" /><testcase classname="unit.core.optimizations.test_concurrency_manager.TestConcurrencyManager" name="test_get_component_status_via_statistics" time="0.002" /><testcase classname="unit.core.optimizations.test_concurrency_manager.TestConcurrencyManager" name="test_get_performance_history" time="0.002" /><testcase classname="unit.core.optimizations.test_concurrency_manager.TestConcurrencyManager" name="test_resource_cleanup_on_stop" time="0.009" /><testcase classname="unit.core.optimizations.test_concurrency_manager.TestConcurrencyManagerIntegration" name="test_full_lifecycle_with_monitoring" time="0.204" /><testcase classname="unit.core.optimizations.test_concurrency_manager.TestConcurrencyManagerIntegration" name="test_error_recovery_scenario" time="0.004" /><testcase classname="unit.core.test_async_cost_tracking.TestAsyncCostTracker" name="test_async_tracker_creation" time="0.001" /><testcase classname="unit.core.test_async_cost_tracking.TestAsyncCostTracker" name="test_track_api_call_async_basic" time="0.005" /><testcase classname="unit.core.test_async_cost_tracking.TestAsyncCostTracker" name="test_track_api_call_async_with_metadata" time="0.004" /><testcase classname="unit.core.test_async_cost_tracking.TestAsyncCostTracker" name="test_track_api_call_async_disabled_middleware" time="0.004" /><testcase classname="unit.core.test_async_cost_tracking.TestAsyncCostTracker" name="test_track_api_call_async_fast_path_skip" time="0.004" /><testcase classname="unit.core.test_async_cost_tracking.TestAsyncCostTracker" name="test_batch_processing_by_size" time="0.008" /><testcase classname="unit.core.test_async_cost_tracking.TestAsyncCostTracker" name="test_batch_processing_by_timeout" time="0.006" /><testcase classname="unit.core.test_async_cost_tracking.TestAsyncCostTracker" name="test_process_batch_empty" time="0.003" /><testcase classname="unit.core.test_async_cost_tracking.TestAsyncCostTracker" name="test_process_batch_success" time="0.005" /><testcase classname="unit.core.test_async_cost_tracking.TestAsyncCostTracker" name="test_process_batch_failure" time="0.004" /><testcase classname="unit.core.test_async_cost_tracking.TestAsyncCostTracker" name="test_process_calls_sync" time="0.001" /><testcase classname="unit.core.test_async_cost_tracking.TestAsyncCostTracker" name="test_process_calls_sync_with_error" time="0.001" /><testcase classname="unit.core.test_async_cost_tracking.TestAsyncCostTracker" name="test_get_cost_summary" time="0.007" /><testcase classname="unit.core.test_async_cost_tracking.TestAsyncCostTracker" name="test_flush_pending" time="0.005" /><testcase classname="unit.core.test_async_cost_tracking.TestAsyncCostTracker" name="test_flush_pending_empty" time="0.004" /><testcase classname="unit.core.test_async_cost_tracking.TestAsyncCostTracker" name="test_track_sync" time="0.002" /><testcase classname="unit.core.test_async_cost_tracking.TestAsyncCostTracker" name="test_track_sync_batch_trigger" time="0.003" /><testcase classname="unit.core.test_async_cost_tracking.TestAsyncCostTracker" name="test_close" time="0.006" /><testcase classname="unit.core.test_async_cost_tracking.TestAsyncCostTracker" name="test_destructor" time="0.002" /><testcase classname="unit.core.test_async_cost_tracking.TestAsyncCostTrackerConcurrency" name="test_concurrent_tracking" time="0.007" /><testcase classname="unit.core.test_async_cost_tracking.TestAsyncCostTrackerConcurrency" name="test_concurrent_batch_processing" time="0.007" /><testcase classname="unit.core.test_async_cost_tracking.TestGlobalAsyncCostTracker" name="test_get_async_cost_tracker_singleton" time="0.001" /><testcase classname="unit.core.test_async_cost_tracking.TestGlobalAsyncCostTracker" name="test_cleanup_async_cost_tracker" time="0.005" /><testcase classname="unit.core.test_async_cost_tracking.TestAsyncCostTrackerPerformance" name="test_batch_processing_performance" time="0.009" /><testcase classname="unit.core.test_async_cost_tracking.TestAsyncCostTrackerEdgeCases" name="test_middleware_disabled" time="0.004" /><testcase classname="unit.core.test_async_cost_tracking.TestAsyncCostTrackerEdgeCases" name="test_fast_path_with_skip_enabled" time="0.003" /><testcase classname="unit.core.test_async_cost_tracking.TestAsyncCostTrackerEdgeCases" name="test_process_calls_sync_exception" time="0.002" /><testcase classname="unit.core.test_async_cost_tracking.TestAsyncCostTrackerEdgeCases" name="test_batch_processing_exception" time="0.006" /><testcase classname="unit.core.test_async_cost_tracking.TestAsyncCostTrackerEdgeCases" name="test_destructor_exception_handling" time="0.002" /><testcase classname="unit.core.test_async_cost_tracking.TestAsyncCostTrackerEdgeCases" name="test_cleanup_with_none_tracker" time="0.003" /><testcase classname="unit.core.test_async_cost_tracking.TestAsyncCostTrackerEdgeCases" name="test_memory_usage_with_large_batch" time="0.014" /><testcase classname="unit.core.test_cache_manager.TestCacheEntry" name="test_cache_entry_creation" time="0.001" /><testcase classname="unit.core.test_cache_manager.TestCacheEntry" name="test_cache_entry_expiration" time="0.001" /><testcase classname="unit.core.test_cache_manager.TestCacheEntry" name="test_cache_entry_touch" time="0.011" /><testcase classname="unit.core.test_cache_manager.TestTokenCache" name="test_token_cache_creation" time="0.001" /><testcase classname="unit.core.test_cache_manager.TestTokenCache" name="test_generate_key" time="0.001" /><testcase classname="unit.core.test_cache_manager.TestTokenCache" name="test_token_count_operations" time="0.001" /><testcase classname="unit.core.test_cache_manager.TestTokenCache" name="test_token_cache_ttl" time="1.102" /><testcase classname="unit.core.test_cache_manager.TestTokenCache" name="test_token_cache_lru_eviction" time="0.001" /><testcase classname="unit.core.test_cache_manager.TestTokenCache" name="test_clear_expired" time="1.102" /><testcase classname="unit.core.test_cache_manager.TestTokenCache" name="test_get_stats" time="0.001" /><testcase classname="unit.core.test_cache_manager.TestTokenCache" name="test_token_cache_thread_safety" time="0.011" /><testcase classname="unit.core.test_cache_manager.TestResponseCache" name="test_response_cache_creation" time="0.001" /><testcase classname="unit.core.test_cache_manager.TestResponseCache" name="test_generate_key_consistency" time="0.001" /><testcase classname="unit.core.test_cache_manager.TestResponseCache" name="test_response_operations" time="0.001" /><testcase classname="unit.core.test_cache_manager.TestResponseCache" name="test_response_cache_ttl" time="1.103" /><testcase classname="unit.core.test_cache_manager.TestResponseCache" name="test_response_cache_lru_eviction" time="0.003" /><testcase classname="unit.core.test_cache_manager.TestResponseCache" name="test_response_cache_thread_safety" time="0.013" /><testcase classname="unit.core.test_cache_manager.TestCacheManager" name="test_cache_manager_creation" time="0.001" /><testcase classname="unit.core.test_cache_manager.TestCacheManager" name="test_cleanup_task_lifecycle" time="0.003" /><testcase classname="unit.core.test_cache_manager.TestCacheManager" name="test_periodic_cleanup" time="1.307" /><testcase classname="unit.core.test_cache_manager.TestCacheManager" name="test_cleanup_task_error_handling" time="0.326" /><testcase classname="unit.core.test_cache_manager.TestCacheManager" name="test_comprehensive_stats" time="0.002" /><testcase classname="unit.core.test_cache_manager.TestCacheManager" name="test_clear_all_caches" time="0.002" /><testcase classname="unit.core.test_cache_manager.TestGlobalCacheManager" name="test_get_cache_manager_singleton" time="0.001" /><testcase classname="unit.core.test_cache_manager.TestGlobalCacheManager" name="test_global_cache_lifecycle" time="0.004" /><testcase classname="unit.core.test_cache_manager.TestConcurrentAccess" name="test_concurrent_token_cache_access" time="0.061" /><testcase classname="unit.core.test_cache_manager.TestConcurrentAccess" name="test_concurrent_response_cache_access" time="0.023" /><testcase classname="unit.core.test_cache_manager.TestConcurrentAccess" name="test_concurrent_cache_manager_operations" time="0.477" /><testcase classname="unit.core.test_client_manager.TestClientManager" name="test_init_traditional_mode" time="0.004" /><testcase classname="unit.core.test_client_manager.TestClientManager" name="test_init_lazy_mode" time="0.003" /><testcase classname="unit.core.test_client_manager.TestClientManager" name="test_register_plugin_traditional_mode" time="0.002" /><testcase classname="unit.core.test_client_manager.TestClientManager" name="test_register_plugin_duplicate_name" time="0.002" /><testcase classname="unit.core.test_client_manager.TestClientManager" name="test_register_plugin_duplicate_model" time="0.002" /><testcase classname="unit.core.test_client_manager.TestClientManager" name="test_scan_plugin_directory_success" time="0.003" /><testcase classname="unit.core.test_client_manager.TestClientManager" name="test_load_plugin_module_success" time="0.004" /><testcase classname="unit.core.test_client_manager.TestClientManager" name="test_load_plugin_module_no_plugin_class" time="0.003" /><testcase classname="unit.core.test_client_manager.TestClientManagerModelRouting" name="test_get_plugin_for_model_traditional_mode_success" time="0.003" /><testcase classname="unit.core.test_client_manager.TestClientManagerModelRouting" name="test_get_plugin_for_model_traditional_mode_not_found" time="0.002" /><testcase classname="unit.core.test_client_manager.TestClientManagerModelRouting" name="test_get_plugin_for_model_lazy_mode" time="0.002" /><testcase classname="unit.core.test_client_manager.TestClientManagerModelRouting" name="test_get_available_models_traditional_mode" time="0.004" /><testcase classname="unit.core.test_client_manager.TestClientManagerModelRouting" name="test_get_available_models_lazy_mode" time="0.003"><failure message="AttributeError: 'MockLazyManager' object has no attribute 'get_supported_models'">tests\unit\core\test_client_manager.py:387: in test_get_available_models_lazy_mode
    models = manager.get_available_models()
             ^^^^^^^^^^^^^^^^^^^^^^^^^^^^^^
harborai\core\client_manager.py:240: in get_available_models
    model_names = self._lazy_manager.get_supported_models()
                  ^^^^^^^^^^^^^^^^^^^^^^^^^^^^^^^^^^^^^^^
E   AttributeError: 'MockLazyManager' object has no attribute 'get_supported_models'</failure></testcase><testcase classname="unit.core.test_client_manager.TestClientManagerModelRouting" name="test_get_plugin_info_traditional_mode" time="0.003" /><testcase classname="unit.core.test_client_manager.TestClientManagerModelRouting" name="test_get_plugin_info_empty" time="0.003" /><testcase classname="unit.core.test_client_manager.TestClientManagerModelRouting" name="test_preload_plugin_traditional_mode" time="0.005" /><testcase classname="unit.core.test_client_manager.TestClientManagerModelRouting" name="test_preload_model_traditional_mode" time="0.004" /><testcase classname="unit.core.test_client_manager.TestClientManagerStatistics" name="test_get_loading_statistics_traditional_mode" time="0.002" /><testcase classname="unit.core.test_client_manager.TestClientManagerStatistics" name="test_get_loading_statistics_lazy_mode" time="0.001" /><testcase classname="unit.core.test_client_manager.TestClientManagerChatCompletion" name="test_chat_completion_with_fallback_success" time="0.006" /><testcase classname="unit.core.test_client_manager.TestClientManagerChatCompletion" name="test_chat_completion_with_fallback_fallback_success" time="0.007" /><testcase classname="unit.core.test_client_manager.TestClientManagerChatCompletion" name="test_chat_completion_with_fallback_all_fail" time="0.008" /><testcase classname="unit.core.test_client_manager.TestClientManagerChatCompletion" name="test_chat_completion_sync_with_fallback_success" time="0.004" /><testcase classname="unit.core.test_client_manager.TestClientManagerChatCompletion" name="test_chat_completion_sync_with_fallback_fallback_success" time="0.008" /><testcase classname="unit.core.test_client_manager.TestClientManagerReasoningModel" name="test_process_messages_for_reasoning_model_system_to_user" time="0.004" /><testcase classname="unit.core.test_client_manager.TestClientManagerReasoningModel" name="test_process_messages_for_reasoning_model_no_system" time="0.003" /><testcase classname="unit.core.test_client_manager.TestClientManagerReasoningModel" name="test_process_messages_for_reasoning_model_only_system" time="0.006" /><testcase classname="unit.core.test_client_manager.TestClientManagerReasoningModel" name="test_process_messages_for_reasoning_model_multiple_system" time="0.004" /><testcase classname="unit.core.test_client_manager.TestClientManagerReasoningModel" name="test_chat_completion_with_reasoning_model" time="0.005" /><testcase classname="unit.core.test_client_manager.TestClientManagerParameterFiltering" name="test_chat_completion_with_parameter_filtering" time="0.008" /><testcase classname="unit.core.test_client_manager.TestClientManagerParameterFiltering" name="test_chat_completion_with_structured_provider" time="0.006" /><testcase classname="unit.core.test_client_manager.TestClientManagerErrorHandling" name="test_get_plugin_for_model_with_fallback_mapping" time="0.003" /><testcase classname="unit.core.test_client_manager.TestClientManagerErrorHandling" name="test_get_plugin_for_model_no_fallback_mapping" time="0.004" /><testcase classname="unit.core.test_client_manager.TestClientManagerErrorHandling" name="test_chat_completion_model_not_found_error" time="0.005" /><testcase classname="unit.core.test_client_manager.TestClientManagerErrorHandling" name="test_register_plugin_invalid_plugin" time="0.004" /><testcase classname="unit.core.test_client_manager.TestClientManagerErrorHandling" name="test_plugin_loading_import_error" time="0.004" /><testcase classname="unit.core.test_client_manager.TestClientManagerIntegration" name="test_full_workflow_with_multiple_plugins" time="0.005" /><testcase classname="unit.core.test_client_manager.TestClientManagerIntegration" name="test_complex_fallback_scenario" time="0.009" /><testcase classname="unit.core.test_client_manager.TestClientManagerIntegration" name="test_lazy_vs_traditional_mode_consistency" time="0.003"><failure message="AttributeError: 'MockLazyManager' object has no attribute 'get_supported_models'">tests\unit\core\test_client_manager.py:1037: in test_lazy_vs_traditional_mode_consistency
    lazy_models = lazy_manager.get_available_models()
                  ^^^^^^^^^^^^^^^^^^^^^^^^^^^^^^^^^^^
harborai\core\client_manager.py:240: in get_available_models
    model_names = self._lazy_manager.get_supported_models()
                  ^^^^^^^^^^^^^^^^^^^^^^^^^^^^^^^^^^^^^^^
E   AttributeError: 'MockLazyManager' object has no attribute 'get_supported_models'</failure></testcase><testcase classname="unit.core.test_client_manager.TestClientManagerUnregister" name="test_unregister_plugin_success" time="0.004" /><testcase classname="unit.core.test_client_manager.TestClientManagerUnregister" name="test_unregister_plugin_not_found" time="0.003" /><testcase classname="unit.core.test_client_manager.TestClientManagerEdgeCases" name="test_get_plugin_for_model_with_model_mapping" time="0.002" /><testcase classname="unit.core.test_client_manager.TestClientManagerEdgeCases" name="test_lazy_mode_fallback_to_traditional" time="0.002" /><testcase classname="unit.core.test_client_manager.TestClientManagerEdgeCases" name="test_plugin_config_merging" time="0.002" /><testcase classname="unit.core.test_client_manager.TestClientManagerEdgeCases" name="test_plugin_loading_with_valid_module" time="0.002" /><testcase classname="unit.core.test_client_manager.TestClientManagerEdgeCases" name="test_plugin_loading_with_empty_directory" time="0.002" /><testcase classname="unit.core.test_client_manager.TestClientManagerEdgeCases" name="test_plugin_registration_multiple_plugins" time="0.002" /><testcase classname="unit.core.test_client_manager.TestClientManagerEdgeCases" name="test_load_plugins_error_handling" time="0.002" /><testcase classname="unit.core.test_client_manager.TestClientManagerEdgeCases" name="test_plugin_error_handling_graceful" time="0.002" /><testcase classname="unit.core.test_client_manager.TestClientManagerAdvancedFeatures" name="test_get_plugin_info_with_specific_plugin" time="0.006" /><testcase classname="unit.core.test_client_manager.TestClientManagerAdvancedFeatures" name="test_get_plugin_info_all_plugins" time="0.003" /><testcase classname="unit.core.test_client_manager.TestClientManagerAdvancedFeatures" name="test_chat_completion_with_trace_id" time="0.006" /><testcase classname="unit.core.test_client_manager.TestClientManagerAdvancedFeatures" name="test_model_fallback_mapping" time="0.002" /><testcase classname="unit.core.test_client_manager.TestClientManagerAdvancedFeatures" name="test_empty_plugin_directory_list" time="0.002" /><testcase classname="unit.core.test_client_manager.TestClientManagerAdvancedFeatures" name="test_none_plugin_directory_list" time="0.002" /><testcase classname="unit.core.test_client_manager.TestClientManagerConcurrency" name="test_concurrent_chat_completions" time="0.011" /><testcase classname="unit.core.test_client_manager.TestClientManagerConcurrency" name="test_thread_safety_plugin_registration" time="0.005" /><testcase classname="unit.core.test_client_manager_additional_coverage.TestClientManagerAdditionalCoverage" name="test_scan_plugin_directory_exception_handling" time="0.007" /><testcase classname="unit.core.test_client_manager_additional_coverage.TestClientManagerAdditionalCoverage" name="test_load_plugin_module_exception_handling" time="0.004" /><testcase classname="unit.core.test_client_manager_additional_coverage.TestClientManagerAdditionalCoverage" name="test_import_error_in_scan_plugin_directory" time="0.005" /><testcase classname="unit.core.test_client_manager_additional_coverage.TestClientManagerAdditionalCoverage" name="test_configuration_merging_api_key_override" time="0.005" /><testcase classname="unit.core.test_client_manager_additional_coverage.TestClientManagerAdditionalCoverage" name="test_configuration_merging_base_url_override" time="0.006" /><testcase classname="unit.core.test_client_manager_additional_coverage.TestClientManagerAdditionalCoverage" name="test_sync_fallback_last_model_exception" time="0.006" /><testcase classname="unit.core.test_client_manager_additional_coverage.TestClientManagerAdditionalCoverage" name="test_plugin_config_with_existing_api_key" time="0.006" /><testcase classname="unit.core.test_client_manager_additional_coverage.TestClientManagerAdditionalCoverage" name="test_plugin_config_with_existing_base_url" time="0.005" /><testcase classname="unit.core.test_client_manager_additional_coverage.TestClientManagerAdditionalCoverage" name="test_client_config_none_values" time="0.002" /><testcase classname="unit.core.test_client_manager_additional_coverage.TestClientManagerAdditionalCoverage" name="test_empty_plugin_directories_list" time="0.002" /><testcase classname="unit.core.test_client_manager_additional_coverage.TestClientManagerAdditionalCoverage" name="test_none_plugin_directories" time="0.002" /><testcase classname="unit.core.test_client_manager_coverage.TestClientManagerCoverage" name="test_plugin_directory_scan_exception_handling" time="0.005" /><testcase classname="unit.core.test_client_manager_coverage.TestClientManagerCoverage" name="test_plugin_module_load_exception_handling" time="0.004" /><testcase classname="unit.core.test_client_manager_coverage.TestClientManagerCoverage" name="test_lazy_loading_mode_get_plugin_info" time="0.003" /><testcase classname="unit.core.test_client_manager_coverage.TestClientManagerCoverage" name="test_preload_plugin_lazy_mode" time="0.003" /><testcase classname="unit.core.test_client_manager_coverage.TestClientManagerCoverage" name="test_preload_plugin_non_lazy_mode" time="0.005" /><testcase classname="unit.core.test_client_manager_coverage.TestClientManagerCoverage" name="test_preload_model_lazy_mode" time="0.003" /><testcase classname="unit.core.test_client_manager_coverage.TestClientManagerCoverage" name="test_preload_model_non_lazy_mode" time="0.003" /><testcase classname="unit.core.test_client_manager_coverage.TestClientManagerCoverage" name="test_process_messages_for_reasoning_model_system_merge" time="0.004" /><testcase classname="unit.core.test_client_manager_coverage.TestClientManagerCoverage" name="test_get_available_models_lazy_mode" time="0.003"><failure message="TypeError: 'Mock' object is not iterable">tests\unit\core\test_client_manager_coverage.py:181: in test_get_available_models_lazy_mode
    result = manager.get_available_models()
             ^^^^^^^^^^^^^^^^^^^^^^^^^^^^^^
harborai\core\client_manager.py:242: in get_available_models
    for model_name in model_names:
E   TypeError: 'Mock' object is not iterable</failure></testcase><testcase classname="unit.core.test_client_manager_coverage.TestClientManagerCoverage" name="test_get_loading_statistics_lazy_mode" time="0.003" /><testcase classname="unit.core.test_client_manager_coverage.TestClientManagerCoverage" name="test_get_loading_statistics_traditional_mode" time="0.003" /><testcase classname="unit.core.test_client_manager_coverage.TestClientManagerCoverage" name="test_get_plugin_for_model_with_model_mapping" time="0.003" /><testcase classname="unit.core.test_client_manager_coverage.TestClientManagerCoverage" name="test_get_plugin_for_model_lazy_fallback" time="0.004" /><testcase classname="unit.core.test_client_manager_final_coverage.TestClientManagerFinalCoverage" name="test_plugin_directory_scan_exception" time="0.004" /><testcase classname="unit.core.test_client_manager_final_coverage.TestClientManagerFinalCoverage" name="test_plugin_loading_exception_handling" time="0.004" /><testcase classname="unit.core.test_client_manager_final_coverage.TestClientManagerFinalCoverage" name="test_configuration_merging_with_api_key" time="0.004" /><testcase classname="unit.core.test_client_manager_final_coverage.TestClientManagerFinalCoverage" name="test_configuration_merging_with_base_url" time="0.003" /><testcase classname="unit.core.test_client_manager_final_coverage.TestClientManagerFinalCoverage" name="test_lazy_loading_plugin_info_retrieval" time="0.003" /><testcase classname="unit.core.test_client_manager_final_coverage.TestClientManagerFinalCoverage" name="test_preload_warning_in_non_lazy_mode" time="0.003" /><testcase classname="unit.core.test_client_manager_final_coverage.TestClientManagerFinalCoverage" name="test_preload_model_warning_in_non_lazy_mode" time="0.005" /><testcase classname="unit.core.test_client_manager_final_coverage.TestClientManagerFinalCoverage" name="test_synchronous_fallback_exception_handling" time="0.005" /><testcase classname="unit.core.test_client_manager_final_coverage.TestClientManagerFinalCoverage" name="test_import_error_in_plugin_directory_scan" time="0.004" /><testcase classname="unit.core.test_client_manager_missing_coverage.TestClientManagerMissingCoverage" name="test_plugin_directory_import_error" time="0.004" /><testcase classname="unit.core.test_client_manager_missing_coverage.TestClientManagerMissingCoverage" name="test_plugin_module_loading_exception" time="0.003" /><testcase classname="unit.core.test_client_manager_missing_coverage.TestClientManagerMissingCoverage" name="test_fallback_models_exhausted_sync" time="0.003" /><testcase classname="unit.core.test_client_manager_missing_coverage.TestClientManagerMissingCoverage" name="test_model_fallback_warning_sync" time="0.004" /><testcase classname="unit.core.test_client_manager_missing_coverage.TestClientManagerMissingCoverage" name="test_async_fallback_models_exhausted" time="0.006" /><testcase classname="unit.core.test_client_manager_missing_coverage.TestClientManagerMissingCoverage" name="test_reasoning_model_message_processing" time="0.003" /><testcase classname="unit.core.test_client_manager_missing_coverage.TestClientManagerMissingCoverage" name="test_get_plugin_for_model_not_found" time="0.002" /><testcase classname="unit.core.test_client_manager_missing_coverage.TestClientManagerMissingCoverage" name="test_unregister_nonexistent_plugin" time="0.003" /><testcase classname="unit.core.test_cost_tracking.TestTokenUsage" name="test_token_usage_creation" time="0.001" /><testcase classname="unit.core.test_cost_tracking.TestTokenUsage" name="test_token_usage_auto_total" time="0.001" /><testcase classname="unit.core.test_cost_tracking.TestTokenUsage" name="test_token_usage_zero_values" time="0.001" /><testcase classname="unit.core.test_cost_tracking.TestCostBreakdown" name="test_cost_breakdown_creation" time="0.001" /><testcase classname="unit.core.test_cost_tracking.TestCostBreakdown" name="test_cost_breakdown_total_cost" time="0.001" /><testcase classname="unit.core.test_cost_tracking.TestCostBreakdown" name="test_cost_breakdown_zero_cost" time="0.001" /><testcase classname="unit.core.test_cost_tracking.TestApiCall" name="test_api_call_creation" time="0.001" /><testcase classname="unit.core.test_cost_tracking.TestApiCall" name="test_api_call_minimal_creation" time="0.001" /><testcase classname="unit.core.test_cost_tracking.TestBudget" name="test_budget_creation" time="0.001" /><testcase classname="unit.core.test_cost_tracking.TestBudget" name="test_budget_minimal_creation" time="0.001" /><testcase classname="unit.core.test_cost_tracking.TestTokenCounter" name="test_token_counter_creation" time="0.001" /><testcase classname="unit.core.test_cost_tracking.TestTokenCounter" name="test_count_tokens_gpt" time="0.001" /><testcase classname="unit.core.test_cost_tracking.TestTokenCounter" name="test_count_tokens_empty_text" time="0.001" /><testcase classname="unit.core.test_cost_tracking.TestTokenCounter" name="test_count_tokens_ernie" time="0.001" /><testcase classname="unit.core.test_cost_tracking.TestTokenCounter" name="test_count_tokens_doubao" time="0.001" /><testcase classname="unit.core.test_cost_tracking.TestTokenCounter" name="test_count_tokens_gemini" time="0.001" /><testcase classname="unit.core.test_cost_tracking.TestTokenCounter" name="test_count_message_tokens" time="0.001" /><testcase classname="unit.core.test_cost_tracking.TestTokenCounter" name="test_count_message_tokens_multimodal" time="0.001" /><testcase classname="unit.core.test_cost_tracking.TestTokenCounter" name="test_count_response_tokens" time="0.001" /><testcase classname="unit.core.test_cost_tracking.TestTokenCounter" name="test_estimate_tokens" time="0.001" /><testcase classname="unit.core.test_cost_tracking.TestPricingCalculator" name="test_pricing_calculator_creation" time="0.001" /><testcase classname="unit.core.test_cost_tracking.TestPricingCalculator" name="test_calculate_cost_breakdown" time="0.001" /><testcase classname="unit.core.test_cost_tracking.TestPricingCalculator" name="test_calculate_cost_with_discount" time="0.001" /><testcase classname="unit.core.test_cost_tracking.TestPricingCalculator" name="test_compare_provider_costs" time="0.001" /><testcase classname="unit.core.test_cost_tracking.TestBudgetManager" name="test_budget_manager_creation" time="0.001" /><testcase classname="unit.core.test_cost_tracking.TestBudgetManager" name="test_create_budget" time="0.002" /><testcase classname="unit.core.test_cost_tracking.TestBudgetManager" name="test_check_budget_within_limit" time="0.002" /><testcase classname="unit.core.test_cost_tracking.TestBudgetManager" name="test_check_budget_exceeded" time="0.001" /><testcase classname="unit.core.test_cost_tracking.TestBudgetManager" name="test_budget_alert_thresholds" time="0.003" /><testcase classname="unit.core.test_cost_tracking.TestBudgetManager" name="test_update_usage" time="0.002" /><testcase classname="unit.core.test_cost_tracking.TestBudgetManager" name="test_get_budget_status" time="0.001" /><testcase classname="unit.core.test_cost_tracking.TestBudgetManager" name="test_get_budget_status_nonexistent" time="0.001" /><testcase classname="unit.core.test_cost_tracking.TestBudgetManager" name="test_disabled_budget" time="0.001" /><testcase classname="unit.core.test_cost_tracking.TestCostTracker" name="test_cost_tracker_creation" time="0.001" /><testcase classname="unit.core.test_cost_tracking.TestCostTracker" name="test_track_api_call" time="0.001" /><testcase classname="unit.core.test_cost_tracking.TestCostTracker" name="test_get_cost_summary" time="0.001" /><testcase classname="unit.core.test_cost_tracking.TestCostTracker" name="test_get_cost_summary_by_period" time="0.001" /><testcase classname="unit.core.test_cost_tracking.TestCostTracker" name="test_multiple_api_calls" time="0.001" /><testcase classname="unit.core.test_cost_tracking.TestCostTrackingIntegration" name="test_end_to_end_cost_tracking" time="0.002" /><testcase classname="unit.core.test_cost_tracking.TestCostTrackingIntegration" name="test_multiple_providers_tracking" time="0.001" /><testcase classname="unit.core.test_cost_tracking.TestCostTrackingIntegration" name="test_error_handling_in_tracking" time="0.001" /><testcase classname="unit.core.test_cost_tracking.TestCostTrackingIntegration" name="test_logging_in_cost_tracking" time="0.001" /><testcase classname="unit.core.test_cost_tracking.TestPricingCalculatorAdvanced" name="test_calculate_cost_with_discount" time="0.001" /><testcase classname="unit.core.test_cost_tracking.TestPricingCalculatorAdvanced" name="test_compare_provider_costs" time="0.001" /><testcase classname="unit.core.test_cost_tracking.TestPricingCalculatorAdvanced" name="test_estimate_monthly_cost" time="0.001" /><testcase classname="unit.core.test_cost_tracking.TestCostReporter" name="test_cost_reporter_creation" time="0.001" /><testcase classname="unit.core.test_cost_tracking.TestCostReporter" name="test_generate_report_empty" time="0.001" /><testcase classname="unit.core.test_cost_tracking.TestCostReporter" name="test_generate_report_with_data" time="0.001" /><testcase classname="unit.core.test_cost_tracking.TestCostOptimizer" name="test_cost_optimizer_creation" time="0.001" /><testcase classname="unit.core.test_cost_tracking.TestCostOptimizer" name="test_analyze_model_efficiency_empty" time="0.001" /><testcase classname="unit.core.test_cost_tracking.TestCostOptimizer" name="test_analyze_model_efficiency_with_data" time="0.002" /><testcase classname="unit.core.test_cost_tracking.TestCostOptimizer" name="test_suggest_optimizations_empty" time="0.001" /><testcase classname="unit.core.test_cost_tracking.TestCostOptimizer" name="test_suggest_optimizations_with_data" time="0.001" /><testcase classname="unit.core.test_cost_tracking.TestCostTrackerAdvanced" name="test_filter_calls_by_period_today" time="0.001" /><testcase classname="unit.core.test_cost_tracking.TestCostTrackerAdvanced" name="test_filter_calls_by_period_week" time="0.001" /><testcase classname="unit.core.test_cost_tracking.TestCostTrackerAdvanced" name="test_filter_calls_by_period_month" time="0.001" /><testcase classname="unit.core.test_cost_tracking.TestCostTrackerAdvanced" name="test_filter_calls_by_period_invalid" time="0.001" /><testcase classname="unit.core.test_doubao_plugin_comprehensive.TestDoubaoPluginInitialization" name="test_basic_initialization" time="0.001" /><testcase classname="unit.core.test_doubao_plugin_comprehensive.TestDoubaoPluginInitialization" name="test_initialization_with_custom_config" time="0.001" /><testcase classname="unit.core.test_doubao_plugin_comprehensive.TestDoubaoPluginInitialization" name="test_initialization_without_api_key" time="0.001" /><testcase classname="unit.core.test_doubao_plugin_comprehensive.TestDoubaoPluginInitialization" name="test_supported_models" time="0.001" /><testcase classname="unit.core.test_doubao_plugin_comprehensive.TestDoubaoPluginInitialization" name="test_supports_model" time="0.001" /><testcase classname="unit.core.test_doubao_plugin_comprehensive.TestDoubaoPluginInitialization" name="test_is_thinking_model" time="0.001" /><testcase classname="unit.core.test_doubao_plugin_comprehensive.TestDoubaoPluginValidation" name="test_empty_messages_validation" time="0.001" /><testcase classname="unit.core.test_doubao_plugin_comprehensive.TestDoubaoPluginValidation" name="test_missing_api_key_validation" time="0.001" /><testcase classname="unit.core.test_doubao_plugin_comprehensive.TestDoubaoPluginValidation" name="test_temperature_range_validation" time="0.001" /><testcase classname="unit.core.test_doubao_plugin_comprehensive.TestDoubaoPluginValidation" name="test_max_tokens_validation" time="0.001" /><testcase classname="unit.core.test_doubao_plugin_comprehensive.TestDoubaoPluginRequestPreparation" name="test_prepare_basic_request" time="0.001" /><testcase classname="unit.core.test_doubao_plugin_comprehensive.TestDoubaoPluginRequestPreparation" name="test_prepare_request_with_optional_params" time="0.001" /><testcase classname="unit.core.test_doubao_plugin_comprehensive.TestDoubaoPluginRequestPreparation" name="test_prepare_request_with_structured_output" time="0.001" /><testcase classname="unit.core.test_doubao_plugin_comprehensive.TestDoubaoPluginRequestPreparation" name="test_prepare_request_with_complex_messages" time="0.001" /><testcase classname="unit.core.test_doubao_plugin_comprehensive.TestDoubaoPluginResponseConversion" name="test_convert_basic_response" time="0.001" /><testcase classname="unit.core.test_doubao_plugin_comprehensive.TestDoubaoPluginResponseConversion" name="test_convert_response_with_thinking_content" time="0.001" /><testcase classname="unit.core.test_doubao_plugin_comprehensive.TestDoubaoPluginResponseConversion" name="test_convert_chunk_response" time="0.001" /><testcase classname="unit.core.test_doubao_plugin_comprehensive.TestDoubaoPluginChatCompletion" name="test_chat_completion_success" time="0.004" /><testcase classname="unit.core.test_doubao_plugin_comprehensive.TestDoubaoPluginChatCompletion" name="test_chat_completion_with_structured_output" time="0.004" /><testcase classname="unit.core.test_doubao_plugin_comprehensive.TestDoubaoPluginChatCompletion" name="test_chat_completion_error_handling" time="0.002" /><testcase classname="unit.core.test_doubao_plugin_comprehensive.TestDoubaoPluginAsyncChatCompletion" name="test_async_chat_completion_success" time="0.007" /><testcase classname="unit.core.test_doubao_plugin_comprehensive.TestDoubaoPluginStreamingResponse" name="test_streaming_response_handling" time="0.003" /><testcase classname="unit.core.test_doubao_plugin_comprehensive.TestDoubaoPluginStreamingResponse" name="test_streaming_response_with_string_lines" time="0.002" /><testcase classname="unit.core.test_doubao_plugin_comprehensive.TestDoubaoPluginStreamingResponse" name="test_streaming_response_with_invalid_json" time="0.002" /><testcase classname="unit.core.test_doubao_plugin_comprehensive.TestDoubaoPluginStreamingResponse" name="test_async_streaming_response_handling" time="0.008" /><testcase classname="unit.core.test_doubao_plugin_comprehensive.TestDoubaoPluginStreamingResponse" name="test_streaming_response_with_thinking_model" time="0.002" /><testcase classname="unit.core.test_doubao_plugin_comprehensive.TestDoubaoPluginErrorHandling" name="test_missing_httpx_dependency" time="0.001" /><testcase classname="unit.core.test_doubao_plugin_comprehensive.TestDoubaoPluginErrorHandling" name="test_missing_httpx_dependency_async" time="0.001" /><testcase classname="unit.core.test_doubao_plugin_comprehensive.TestDoubaoPluginErrorHandling" name="test_structured_output_invalid_json" time="0.003" /><testcase classname="unit.core.test_doubao_plugin_comprehensive.TestDoubaoPluginErrorHandling" name="test_structured_output_missing_required_fields" time="0.003" /><testcase classname="unit.core.test_doubao_plugin_comprehensive.TestDoubaoPluginErrorHandling" name="test_structured_output_no_content" time="0.003" /><testcase classname="unit.core.test_doubao_plugin_comprehensive.TestDoubaoPluginErrorHandling" name="test_async_structured_output_invalid_json" time="0.007" /><testcase classname="unit.core.test_doubao_plugin_comprehensive.TestDoubaoPluginErrorHandling" name="test_general_exception_handling" time="0.002" /><testcase classname="unit.core.test_doubao_plugin_comprehensive.TestDoubaoPluginErrorHandling" name="test_async_general_exception_handling" time="0.003" /><testcase classname="unit.core.test_doubao_plugin_comprehensive.TestDoubaoPluginThinkingContent" name="test_extract_thinking_content_from_reasoning" time="0.001" /><testcase classname="unit.core.test_doubao_plugin_comprehensive.TestDoubaoPluginThinkingContent" name="test_extract_thinking_content_from_thinking" time="0.001" /><testcase classname="unit.core.test_doubao_plugin_comprehensive.TestDoubaoPluginThinkingContent" name="test_extract_thinking_content_from_choices" time="0.001" /><testcase classname="unit.core.test_doubao_plugin_comprehensive.TestDoubaoPluginThinkingContent" name="test_extract_thinking_content_none" time="0.001" /><testcase classname="unit.core.test_doubao_plugin_comprehensive.TestDoubaoPluginClientManagement" name="test_get_client" time="0.002" /><testcase classname="unit.core.test_doubao_plugin_comprehensive.TestDoubaoPluginClientManagement" name="test_client_with_custom_base_url" time="0.001" /><testcase classname="unit.core.test_doubao_plugin_comprehensive.TestDoubaoPluginClientManagement" name="test_client_close" time="0.002" /><testcase classname="unit.core.test_doubao_plugin_comprehensive.TestDoubaoPluginClientManagement" name="test_async_client_close" time="0.005" /><testcase classname="unit.core.test_doubao_plugin_comprehensive.TestDoubaoPluginClientManagement" name="test_destructor" time="0.001" /><testcase classname="unit.core.test_doubao_plugin_comprehensive.TestDoubaoPluginClientManagement" name="test_get_async_client" time="0.001" /><testcase classname="unit.core.test_doubao_plugin_comprehensive.TestDoubaoPluginClientManagement" name="test_close_clients" time="0.001" /><testcase classname="unit.core.test_doubao_plugin_comprehensive.TestDoubaoPluginClientManagement" name="test_aclose_clients" time="0.005" /><testcase classname="unit.core.test_doubao_plugin_comprehensive.TestDoubaoPluginEdgeCases" name="test_httpx_import_error_sync" time="0.002" /><testcase classname="unit.core.test_doubao_plugin_comprehensive.TestDoubaoPluginEdgeCases" name="test_httpx_import_error_async" time="0.003" /><testcase classname="unit.core.test_doubao_plugin_comprehensive.TestDoubaoPluginEdgeCases" name="test_validation_edge_cases" time="0.001" /><testcase classname="unit.core.test_doubao_plugin_comprehensive.TestDoubaoPluginEdgeCases" name="test_extract_thinking_content_edge_cases" time="0.001" /><testcase classname="unit.core.test_doubao_plugin_comprehensive.TestDoubaoPluginEdgeCases" name="test_native_structured_output_success" time="0.004" /><testcase classname="unit.core.test_doubao_plugin_comprehensive.TestDoubaoPluginEdgeCases" name="test_async_native_structured_output_success" time="0.008" /><testcase classname="unit.core.test_doubao_plugin_comprehensive.TestDoubaoPluginEdgeCases" name="test_async_native_structured_output_error" time="0.009" /><testcase classname="unit.core.test_doubao_plugin_comprehensive.TestDoubaoPluginEdgeCases" name="test_sync_exception_handling" time="0.002" /><testcase classname="unit.core.test_doubao_plugin_comprehensive.TestDoubaoPluginEdgeCases" name="test_async_exception_handling" time="0.005" /><testcase classname="unit.core.test_doubao_plugin_comprehensive.TestDoubaoPluginEdgeCases" name="test_streaming_response_edge_cases" time="0.003" /><testcase classname="unit.core.test_doubao_plugin_comprehensive.TestDoubaoPluginEdgeCases" name="test_async_streaming_response_edge_cases" time="0.007" /><testcase classname="unit.core.test_doubao_plugin_comprehensive.TestDoubaoPluginEdgeCases" name="test_native_structured_output_invalid_json" time="0.003" /><testcase classname="unit.core.test_doubao_plugin_comprehensive.TestDoubaoPluginEdgeCases" name="test_native_structured_output_schema_validation_error" time="0.002" /><testcase classname="unit.core.test_doubao_plugin_comprehensive.TestDoubaoPluginAdditionalCoverage" name="test_missing_api_key_validation_in_init" time="0.002" /><testcase classname="unit.core.test_doubao_plugin_comprehensive.TestDoubaoPluginAdditionalCoverage" name="test_extract_thinking_content_from_thinking_field" time="0.001" /><testcase classname="unit.core.test_doubao_plugin_comprehensive.TestDoubaoPluginAdditionalCoverage" name="test_prepare_request_with_tool_call_id" time="0.001" /><testcase classname="unit.core.test_doubao_plugin_comprehensive.TestDoubaoPluginAdditionalCoverage" name="test_prepare_request_with_tool_calls" time="0.001" /><testcase classname="unit.core.test_doubao_plugin_comprehensive.TestDoubaoPluginAdditionalCoverage" name="test_prepare_request_with_message_name" time="0.001" /><testcase classname="unit.core.test_doubao_plugin_comprehensive.TestDoubaoPluginAdditionalCoverage" name="test_chat_completion_with_structured_output_handling" time="0.003" /><testcase classname="unit.core.test_doubao_plugin_comprehensive.TestDoubaoPluginAdditionalCoverage" name="test_async_chat_completion_with_structured_output_handling" time="0.009" /><testcase classname="unit.core.test_doubao_plugin_comprehensive.TestDoubaoPluginAdditionalCoverage" name="test_native_structured_output_success_without_schema" time="0.003" /><testcase classname="unit.core.test_doubao_plugin_comprehensive.TestDoubaoPluginAdditionalCoverage" name="test_async_native_structured_output_success_without_schema" time="0.007" /><testcase classname="unit.core.test_doubao_plugin_comprehensive.TestDoubaoPluginAdditionalCoverage" name="test_async_native_structured_output_no_content_error" time="0.008" /><testcase classname="unit.core.test_doubao_plugin_comprehensive.TestDoubaoPluginAdditionalCoverage" name="test_temperature_validation_edge_cases" time="0.001" /><testcase classname="unit.core.test_doubao_plugin_comprehensive.TestDoubaoPluginAdditionalCoverage" name="test_max_tokens_validation_edge_cases" time="0.001" /><testcase classname="unit.core.test_exceptions.TestHarborAIError" name="test_basic_initialization" time="0.001" /><testcase classname="unit.core.test_exceptions.TestHarborAIError" name="test_full_initialization" time="0.001" /><testcase classname="unit.core.test_exceptions.TestHarborAIError" name="test_kwargs_support" time="0.001" /><testcase classname="unit.core.test_exceptions.TestHarborAIError" name="test_details_copy" time="0.001" /><testcase classname="unit.core.test_exceptions.TestHarborAIError" name="test_inheritance" time="0.001" /><testcase classname="unit.core.test_exceptions.TestHarborAIError" name="test_string_representation" time="0.001" /><testcase classname="unit.core.test_exceptions.TestHarborAIError" name="test_repr_without_error_code" time="0.001" /><testcase classname="unit.core.test_exceptions.TestRetryableError" name="test_inheritance" time="0.001" /><testcase classname="unit.core.test_exceptions.TestRetryableError" name="test_initialization" time="0.001" /><testcase classname="unit.core.test_exceptions.TestNonRetryableError" name="test_inheritance" time="0.001" /><testcase classname="unit.core.test_exceptions.TestNonRetryableError" name="test_initialization" time="0.001" /><testcase classname="unit.core.test_exceptions.TestConfigurationError" name="test_inheritance" time="0.001" /><testcase classname="unit.core.test_exceptions.TestConfigurationError" name="test_initialization" time="0.001" /><testcase classname="unit.core.test_exceptions.TestConfigurationError" name="test_config_key_none" time="0.001" /><testcase classname="unit.core.test_exceptions.TestValidationError" name="test_inheritance" time="0.001" /><testcase classname="unit.core.test_exceptions.TestValidationError" name="test_initialization" time="0.001" /><testcase classname="unit.core.test_exceptions.TestValidationError" name="test_field_errors_copy" time="0.001" /><testcase classname="unit.core.test_exceptions.TestValidationError" name="test_default_values" time="0.001" /><testcase classname="unit.core.test_exceptions.TestParameterValidationError" name="test_inheritance" time="0.001" /><testcase classname="unit.core.test_exceptions.TestAPIError" name="test_inheritance" time="0.001" /><testcase classname="unit.core.test_exceptions.TestAPIError" name="test_initialization" time="0.001" /><testcase classname="unit.core.test_exceptions.TestAPIError" name="test_default_values" time="0.001" /><testcase classname="unit.core.test_exceptions.TestAuthenticationError" name="test_inheritance" time="0.001" /><testcase classname="unit.core.test_exceptions.TestAuthenticationError" name="test_initialization" time="0.001" /><testcase classname="unit.core.test_exceptions.TestRateLimitError" name="test_inheritance" time="0.001" /><testcase classname="unit.core.test_exceptions.TestRateLimitError" name="test_initialization" time="0.001" /><testcase classname="unit.core.test_exceptions.TestRateLimitError" name="test_default_values" time="0.001" /><testcase classname="unit.core.test_exceptions.TestModelNotFoundError" name="test_inheritance" time="0.001" /><testcase classname="unit.core.test_exceptions.TestModelNotSupportedError" name="test_inheritance" time="0.001" /><testcase classname="unit.core.test_exceptions.TestTokenLimitExceededError" name="test_inheritance" time="0.001" /><testcase classname="unit.core.test_exceptions.TestPluginError" name="test_inheritance" time="0.001" /><testcase classname="unit.core.test_exceptions.TestPluginError" name="test_initialization" time="0.001" /><testcase classname="unit.core.test_exceptions.TestPluginError" name="test_default_values" time="0.001" /><testcase classname="unit.core.test_exceptions.TestPluginLoadError" name="test_inheritance" time="0.001" /><testcase classname="unit.core.test_exceptions.TestPluginNotFoundError" name="test_inheritance" time="0.001" /><testcase classname="unit.core.test_exceptions.TestPluginNotFoundError" name="test_default_message_with_plugin_name" time="0.001" /><testcase classname="unit.core.test_exceptions.TestPluginNotFoundError" name="test_default_message_without_plugin_name" time="0.001" /><testcase classname="unit.core.test_exceptions.TestPluginNotFoundError" name="test_custom_message" time="0.001" /><testcase classname="unit.core.test_exceptions.TestPluginConfigError" name="test_inheritance" time="0.001" /><testcase classname="unit.core.test_exceptions.TestPluginExecutionError" name="test_inheritance" time="0.001" /><testcase classname="unit.core.test_exceptions.TestBudgetExceededError" name="test_inheritance" time="0.001" /><testcase classname="unit.core.test_exceptions.TestNetworkError" name="test_inheritance" time="0.001" /><testcase classname="unit.core.test_exceptions.TestTimeoutError" name="test_inheritance" time="0.001" /><testcase classname="unit.core.test_exceptions.TestQuotaExceededError" name="test_inheritance" time="0.001" /><testcase classname="unit.core.test_exceptions.TestServiceUnavailableError" name="test_inheritance" time="0.001" /><testcase classname="unit.core.test_exceptions.TestDatabaseError" name="test_inheritance" time="0.001" /><testcase classname="unit.core.test_exceptions.TestDatabaseError" name="test_initialization" time="0.001" /><testcase classname="unit.core.test_exceptions.TestDatabaseError" name="test_default_values" time="0.001" /><testcase classname="unit.core.test_exceptions.TestExceptionHierarchy" name="test_retryable_error_hierarchy" time="0.001" /><testcase classname="unit.core.test_exceptions.TestExceptionHierarchy" name="test_non_retryable_error_hierarchy" time="0.001" /><testcase classname="unit.core.test_exceptions.TestExceptionHierarchy" name="test_plugin_error_hierarchy" time="0.001" /><testcase classname="unit.core.test_exceptions.TestExceptionHierarchy" name="test_api_error_hierarchy" time="0.001" /><testcase classname="unit.core.test_exceptions.TestExceptionHierarchy" name="test_all_exceptions_inherit_from_harborai_error" time="0.001" /><testcase classname="unit.core.test_exceptions.TestExceptionUsagePatterns" name="test_exception_chaining" time="0.001" /><testcase classname="unit.core.test_exceptions.TestExceptionUsagePatterns" name="test_exception_with_context" time="0.001" /><testcase classname="unit.core.test_exceptions.TestExceptionUsagePatterns" name="test_exception_with_kwargs" time="0.001" /><testcase classname="unit.core.test_exceptions.TestExceptionUsagePatterns" name="test_exception_filtering_by_type" time="0.001" /><testcase classname="unit.core.test_exceptions.TestExceptionUsagePatterns" name="test_retry_logic_pattern" time="0.001" /><testcase classname="unit.core.test_exceptions.TestExceptionUsagePatterns" name="test_error_details_handling" time="0.001" /><testcase classname="unit.core.test_exceptions.TestExceptionUsagePatterns" name="test_original_exception_tracking" time="0.001" /><testcase classname="unit.core.test_fallback.TestFallbackTrigger" name="test_trigger_values" time="0.001" /><testcase classname="unit.core.test_fallback.TestServiceStatus" name="test_status_values" time="0.001" /><testcase classname="unit.core.test_fallback.TestFallbackRule" name="test_rule_creation" time="0.001" /><testcase classname="unit.core.test_fallback.TestFallbackRule" name="test_rule_defaults" time="0.001" /><testcase classname="unit.core.test_fallback.TestServiceEndpoint" name="test_endpoint_creation" time="0.001" /><testcase classname="unit.core.test_fallback.TestServiceEndpoint" name="test_endpoint_defaults" time="0.001" /><testcase classname="unit.core.test_fallback.TestFallbackAttempt" name="test_attempt_creation" time="0.001" /><testcase classname="unit.core.test_fallback.TestFallbackAttempt" name="test_attempt_defaults" time="0.001" /><testcase classname="unit.core.test_fallback.TestFallbackMetrics" name="test_metrics_initialization" time="0.001" /><testcase classname="unit.core.test_fallback.TestFallbackMetrics" name="test_record_attempt" time="0.001" /><testcase classname="unit.core.test_fallback.TestFallbackMetrics" name="test_get_service_metrics_empty" time="0.001" /><testcase classname="unit.core.test_fallback.TestFallbackMetrics" name="test_get_service_metrics_with_data" time="0.001" /><testcase classname="unit.core.test_fallback.TestFallbackMetrics" name="test_get_fallback_statistics_empty" time="0.001" /><testcase classname="unit.core.test_fallback.TestFallbackMetrics" name="test_get_fallback_statistics_with_data" time="0.001" /><testcase classname="unit.core.test_fallback.TestServiceHealthMonitor" name="test_monitor_initialization" time="0.001" /><testcase classname="unit.core.test_fallback.TestServiceHealthMonitor" name="test_register_endpoint" time="0.001" /><testcase classname="unit.core.test_fallback.TestServiceHealthMonitor" name="test_start_stop_monitoring" time="0.102" /><testcase classname="unit.core.test_fallback.TestServiceHealthMonitor" name="test_get_health_status" time="0.001" /><testcase classname="unit.core.test_fallback.TestServiceHealthMonitor" name="test_is_service_available" time="0.001" /><testcase classname="unit.core.test_fallback.TestServiceHealthMonitor" name="test_handle_health_check_failure" time="0.001" /><testcase classname="unit.core.test_fallback.TestFallbackDecisionEngine" name="test_engine_initialization" time="0.001" /><testcase classname="unit.core.test_fallback.TestFallbackDecisionEngine" name="test_add_rule" time="0.001" /><testcase classname="unit.core.test_fallback.TestFallbackDecisionEngine" name="test_should_trigger_fallback_service_unavailable" time="0.001" /><testcase classname="unit.core.test_fallback.TestFallbackDecisionEngine" name="test_should_trigger_fallback_error_types" time="0.001" /><testcase classname="unit.core.test_fallback.TestFallbackDecisionEngine" name="test_should_trigger_fallback_rules" time="0.001" /><testcase classname="unit.core.test_fallback.TestFallbackDecisionEngine" name="test_select_fallback_service" time="0.001" /><testcase classname="unit.core.test_fallback.TestFallbackDecisionEngine" name="test_get_fallback_chain" time="0.001" /><testcase classname="unit.core.test_fallback.TestFallbackStrategies" name="test_priority_fallback_strategy" time="0.001" /><testcase classname="unit.core.test_fallback.TestFallbackStrategies" name="test_priority_fallback_strategy_no_candidates" time="0.001" /><testcase classname="unit.core.test_fallback.TestFallbackStrategies" name="test_cost_optimized_fallback_strategy" time="0.001" /><testcase classname="unit.core.test_fallback.TestFallbackStrategies" name="test_cost_optimized_fallback_strategy_no_candidates" time="0.001" /><testcase classname="unit.core.test_fallback.TestFallbackManager" name="test_manager_initialization" time="0.001" /><testcase classname="unit.core.test_fallback.TestFallbackManager" name="test_manager_default_initialization" time="0.001" /><testcase classname="unit.core.test_fallback.TestFallbackManager" name="test_register_endpoint" time="0.001" /><testcase classname="unit.core.test_fallback.TestFallbackManager" name="test_start_stop_monitoring" time="0.001" /><testcase classname="unit.core.test_fallback.TestFallbackManager" name="test_build_fallback_chain" time="0.001" /><testcase classname="unit.core.test_fallback.TestFallbackManager" name="test_execute_with_fallback_success" time="0.002" /><testcase classname="unit.core.test_fallback.TestFallbackManager" name="test_execute_with_fallback_with_fallback" time="0.002" /><testcase classname="unit.core.test_fallback.TestFallbackManager" name="test_execute_with_fallback_all_fail" time="0.002" /><testcase classname="unit.core.test_fallback.TestFallbackManager" name="test_async_execute_with_fallback_success" time="0.024" /><testcase classname="unit.core.test_fallback.TestFallbackManager" name="test_async_execute_with_fallback_timeout" time="0.111" /><testcase classname="unit.core.test_fallback.TestFallbackManager" name="test_execute_cascading_fallback" time="0.002" /><testcase classname="unit.core.test_fallback.TestFallbackManager" name="test_get_metrics" time="0.001" /><testcase classname="unit.core.test_fallback.TestFallbackIntegration" name="test_full_fallback_lifecycle" time="5.007" /><testcase classname="unit.core.test_fallback.TestFallbackIntegration" name="test_circuit_breaker_integration" time="0.002" /><testcase classname="unit.core.test_fallback.TestFallbackIntegration" name="test_metrics_collection_integration" time="0.003" /><testcase classname="unit.core.test_fallback.TestServiceHealthMonitorAdvanced" name="test_monitor_loop_exception_handling" time="0.203" /><testcase classname="unit.core.test_fallback.TestServiceHealthMonitorAdvanced" name="test_circuit_breaker_half_open_state" time="0.002" /><testcase classname="unit.core.test_fallback.TestServiceHealthMonitorAdvanced" name="test_circuit_breaker_open_state_timeout_not_reached" time="0.001" /><testcase classname="unit.core.test_fallback.TestServiceHealthMonitorAdvanced" name="test_health_check_with_url" time="0.001" /><testcase classname="unit.core.test_hooks_comprehensive.TestHookType" name="test_hook_type_values" time="0.001" /><testcase classname="unit.core.test_hooks_comprehensive.TestHookType" name="test_hook_type_count" time="0.001" /><testcase classname="unit.core.test_hooks_comprehensive.TestHookContext" name="test_hook_context_creation" time="0.001" /><testcase classname="unit.core.test_hooks_comprehensive.TestHookContext" name="test_hook_context_data_modification" time="0.001" /><testcase classname="unit.core.test_hooks_comprehensive.TestPluginHook" name="test_plugin_hook_initialization" time="0.001" /><testcase classname="unit.core.test_hooks_comprehensive.TestPluginHook" name="test_plugin_hook_default_priority" time="0.001" /><testcase classname="unit.core.test_hooks_comprehensive.TestPluginHook" name="test_plugin_hook_enable_disable" time="0.001" /><testcase classname="unit.core.test_hooks_comprehensive.TestPluginHook" name="test_plugin_hook_abstract_method" time="0.001" /><testcase classname="unit.core.test_hooks_comprehensive.TestFunctionHook" name="test_function_hook_creation" time="0.001" /><testcase classname="unit.core.test_hooks_comprehensive.TestFunctionHook" name="test_function_hook_execute_success" time="0.001" /><testcase classname="unit.core.test_hooks_comprehensive.TestFunctionHook" name="test_function_hook_execute_disabled" time="0.001" /><testcase classname="unit.core.test_hooks_comprehensive.TestFunctionHook" name="test_function_hook_execute_exception" time="0.001" /><testcase classname="unit.core.test_hooks_comprehensive.TestFunctionHook" name="test_function_hook_return_false" time="0.001" /><testcase classname="unit.core.test_hooks_comprehensive.TestHookManager" name="test_hook_manager_initialization" time="0.001" /><testcase classname="unit.core.test_hooks_comprehensive.TestHookManager" name="test_register_hook_success" time="0.002" /><testcase classname="unit.core.test_hooks_comprehensive.TestHookManager" name="test_register_hook_priority_sorting" time="0.001" /><testcase classname="unit.core.test_hooks_comprehensive.TestHookManager" name="test_register_hook_replace_existing" time="0.003" /><testcase classname="unit.core.test_hooks_comprehensive.TestHookManager" name="test_register_hook_exception" time="0.002" /><testcase classname="unit.core.test_hooks_comprehensive.TestHookManager" name="test_unregister_hook_success" time="0.002" /><testcase classname="unit.core.test_hooks_comprehensive.TestHookManager" name="test_unregister_hook_not_found" time="0.001" /><testcase classname="unit.core.test_hooks_comprehensive.TestHookManager" name="test_unregister_hook_exception" time="0.002" /><testcase classname="unit.core.test_hooks_comprehensive.TestHookManager" name="test_execute_hooks_success" time="0.002" /><testcase classname="unit.core.test_hooks_comprehensive.TestHookManager" name="test_execute_hooks_early_termination" time="0.003" /><testcase classname="unit.core.test_hooks_comprehensive.TestHookManager" name="test_execute_hooks_disabled_hook" time="0.001" /><testcase classname="unit.core.test_hooks_comprehensive.TestHookManager" name="test_execute_hooks_exception_handling" time="0.002" /><testcase classname="unit.core.test_hooks_comprehensive.TestHookManager" name="test_execute_hooks_error_hook_exception_continue" time="0.002" /><testcase classname="unit.core.test_hooks_comprehensive.TestHookManager" name="test_execute_hooks_no_hooks" time="0.001" /><testcase classname="unit.core.test_hooks_comprehensive.TestHookManager" name="test_execute_hooks_exception" time="0.002" /><testcase classname="unit.core.test_hooks_comprehensive.TestHookManager" name="test_get_hooks" time="0.002" /><testcase classname="unit.core.test_hooks_comprehensive.TestHookManager" name="test_clear_hooks_specific_type" time="0.002" /><testcase classname="unit.core.test_hooks_comprehensive.TestHookManager" name="test_clear_hooks_all_types" time="0.002" /><testcase classname="unit.core.test_hooks_comprehensive.TestHookManager" name="test_clear_hooks_exception" time="0.002" /><testcase classname="unit.core.test_hooks_comprehensive.TestHookManager" name="test_list_hooks" time="0.001" /><testcase classname="unit.core.test_hooks_comprehensive.TestGlobalFunctions" name="test_get_hook_manager" time="0.001" /><testcase classname="unit.core.test_hooks_comprehensive.TestGlobalFunctions" name="test_register_hook_global" time="0.001" /><testcase classname="unit.core.test_hooks_comprehensive.TestGlobalFunctions" name="test_register_function_hook_global" time="0.001" /><testcase classname="unit.core.test_hooks_comprehensive.TestGlobalFunctions" name="test_execute_hooks_global" time="0.002" /><testcase classname="unit.core.test_hooks_comprehensive.TestGlobalFunctions" name="test_execute_hooks_global_with_timestamp" time="0.001" /><testcase classname="unit.core.test_hooks_comprehensive.TestHookIntegration" name="test_complex_hook_workflow" time="0.001" /><testcase classname="unit.core.test_hooks_comprehensive.TestHookIntegration" name="test_hook_priority_and_termination" time="0.001" /><testcase classname="unit.core.test_hooks_comprehensive.TestHookIntegration" name="test_hook_data_sharing" time="0.001" /><testcase classname="unit.core.test_models.TestModelType" name="test_model_type_values" time="0.001" /><testcase classname="unit.core.test_models.TestModelType" name="test_model_type_members" time="0.001" /><testcase classname="unit.core.test_models.TestModelCapabilities" name="test_default_initialization" time="0.001" /><testcase classname="unit.core.test_models.TestModelCapabilities" name="test_custom_initialization" time="0.001" /><testcase classname="unit.core.test_models.TestModelCapabilities" name="test_post_init_with_none_parameters" time="0.001" /><testcase classname="unit.core.test_models.TestReasoningModel" name="test_initialization" time="0.001" /><testcase classname="unit.core.test_models.TestReasoningModel" name="test_default_values" time="0.001" /><testcase classname="unit.core.test_models.TestReasoningModel" name="test_is_reasoning_model_true" time="0.001" /><testcase classname="unit.core.test_models.TestReasoningModel" name="test_is_reasoning_model_false" time="0.001" /><testcase classname="unit.core.test_models.TestReasoningModel" name="test_get_filtered_parameters" time="0.001" /><testcase classname="unit.core.test_models.TestReasoningModel" name="test_get_filtered_parameters_no_unsupported" time="0.001" /><testcase classname="unit.core.test_models.TestModelCapabilitiesConfig" name="test_config_contains_expected_models" time="0.001" /><testcase classname="unit.core.test_models.TestModelCapabilitiesConfig" name="test_deepseek_reasoner_config" time="0.001" /><testcase classname="unit.core.test_models.TestModelCapabilitiesConfig" name="test_deepseek_chat_config" time="0.001" /><testcase classname="unit.core.test_models.TestModelCapabilitiesConfig" name="test_ernie_x1_turbo_config" time="0.001" /><testcase classname="unit.core.test_models.TestModelCapabilitiesConfig" name="test_doubao_seed_config" time="0.001" /><testcase classname="unit.core.test_models.TestReasoningModelPatterns" name="test_reasoning_patterns_exist" time="0.001" /><testcase classname="unit.core.test_models.TestIsReasoningModel" name="test_empty_model_name" time="0.001" /><testcase classname="unit.core.test_models.TestIsReasoningModel" name="test_predefined_reasoning_models" time="0.001" /><testcase classname="unit.core.test_models.TestIsReasoningModel" name="test_predefined_non_reasoning_models" time="0.001" /><testcase classname="unit.core.test_models.TestIsReasoningModel" name="test_pattern_matching_reasoning_models" time="0.001" /><testcase classname="unit.core.test_models.TestIsReasoningModel" name="test_pattern_matching_non_reasoning_models" time="0.001" /><testcase classname="unit.core.test_models.TestGetModelCapabilities" name="test_predefined_model_capabilities" time="0.001" /><testcase classname="unit.core.test_models.TestGetModelCapabilities" name="test_unknown_reasoning_model_capabilities" time="0.001" /><testcase classname="unit.core.test_models.TestGetModelCapabilities" name="test_unknown_non_reasoning_model_capabilities" time="0.001" /><testcase classname="unit.core.test_models.TestCreateReasoningModel" name="test_create_predefined_reasoning_model" time="0.001" /><testcase classname="unit.core.test_models.TestCreateReasoningModel" name="test_create_unknown_reasoning_model" time="0.001" /><testcase classname="unit.core.test_models.TestCreateReasoningModel" name="test_create_reasoning_model_default_provider" time="0.001" /><testcase classname="unit.core.test_models.TestGetSupportedModels" name="test_get_supported_models_returns_copy" time="0.001" /><testcase classname="unit.core.test_models.TestGetSupportedModels" name="test_get_supported_models_content" time="0.001" /><testcase classname="unit.core.test_models.TestGetReasoningModels" name="test_get_reasoning_models_returns_list" time="0.001" /><testcase classname="unit.core.test_models.TestGetReasoningModels" name="test_get_reasoning_models_content" time="0.001" /><testcase classname="unit.core.test_models.TestGetReasoningModels" name="test_get_reasoning_models_excludes_non_reasoning" time="0.001" /><testcase classname="unit.core.test_models.TestFilterParametersForModel" name="test_filter_parameters_predefined_model" time="0.001" /><testcase classname="unit.core.test_models.TestFilterParametersForModel" name="test_filter_parameters_unknown_model" time="0.001" /><testcase classname="unit.core.test_models.TestFilterParametersForModel" name="test_filter_parameters_preserves_original" time="0.001" /><testcase classname="unit.core.test_models.TestFilterParametersForModel" name="test_filter_parameters_no_unsupported" time="0.001" /><testcase classname="unit.core.test_models.TestModelIntegration" name="test_reasoning_model_workflow" time="0.002" /><testcase classname="unit.core.test_models.TestModelIntegration" name="test_non_reasoning_model_workflow" time="0.001" /><testcase classname="unit.core.test_models.TestModelIntegration" name="test_get_all_reasoning_models_integration" time="0.001" /><testcase classname="unit.core.test_models.TestModelIntegration" name="test_model_capabilities_consistency" time="0.001" /><testcase classname="unit.core.test_openai_plugin_comprehensive.TestOpenAIPluginErrorHandling" name="test_handle_authentication_error" time="0.307" /><testcase classname="unit.core.test_openai_plugin_comprehensive.TestOpenAIPluginErrorHandling" name="test_handle_rate_limit_error" time="0.276" /><testcase classname="unit.core.test_openai_plugin_comprehensive.TestOpenAIPluginErrorHandling" name="test_handle_timeout_error" time="0.279" /><testcase classname="unit.core.test_openai_plugin_comprehensive.TestOpenAIPluginErrorHandling" name="test_handle_api_error" time="0.276" /><testcase classname="unit.core.test_openai_plugin_comprehensive.TestOpenAIPluginErrorHandling" name="test_handle_unknown_error" time="0.291" /><testcase classname="unit.core.test_openai_plugin_comprehensive.TestOpenAIPluginRequestPreparation" name="test_prepare_basic_request" time="0.277" /><testcase classname="unit.core.test_openai_plugin_comprehensive.TestOpenAIPluginRequestPreparation" name="test_prepare_request_with_message_attributes" time="0.275" /><testcase classname="unit.core.test_openai_plugin_comprehensive.TestOpenAIPluginRequestPreparation" name="test_prepare_request_with_supported_params" time="0.281" /><testcase classname="unit.core.test_openai_plugin_comprehensive.TestOpenAIPluginRequestPreparation" name="test_prepare_request_with_json_schema_response_format" time="0.275" /><testcase classname="unit.core.test_openai_plugin_comprehensive.TestOpenAIPluginRequestPreparation" name="test_prepare_request_filters_none_values" time="0.278" /><testcase classname="unit.core.test_openai_plugin_comprehensive.TestOpenAIPluginResponseConversion" name="test_convert_basic_response" time="0.275" /><testcase classname="unit.core.test_openai_plugin_comprehensive.TestOpenAIPluginResponseConversion" name="test_chat_completion_async_error_handling" time="0.148" /><testcase classname="unit.core.test_openai_plugin_comprehensive.TestOpenAIPluginResponseConversion" name="test_convert_response_with_tool_calls" time="0.278" /><testcase classname="unit.core.test_openai_plugin_comprehensive.TestOpenAIPluginResponseConversion" name="test_convert_response_with_reasoning_content" time="0.280" /><testcase classname="unit.core.test_openai_plugin_comprehensive.TestOpenAIPluginResponseConversion" name="test_convert_response_with_system_fingerprint" time="0.278" /><testcase classname="unit.core.test_openai_plugin_comprehensive.TestOpenAIPluginStreamHandling" name="test_convert_chunk_to_harbor_format" time="0.289" /><testcase classname="unit.core.test_openai_plugin_comprehensive.TestOpenAIPluginChatCompletion" name="test_chat_completion_success" time="0.141" /><testcase classname="unit.core.test_openai_plugin_comprehensive.TestOpenAIPluginChatCompletion" name="test_chat_completion_with_error" time="0.166" /><testcase classname="unit.core.test_openai_plugin_comprehensive.TestOpenAIPluginChatCompletion" name="test_chat_completion_async_success" time="0.166" /><testcase classname="unit.core.test_openai_plugin_comprehensive.TestOpenAIPluginStreamingAndStructured" name="test_chat_completion_streaming" time="0.142" /><testcase classname="unit.core.test_openai_plugin_comprehensive.TestOpenAIPluginStreamingAndStructured" name="test_chat_completion_async_streaming" time="0.153" /><testcase classname="unit.core.test_openai_plugin_comprehensive.TestOpenAIPluginStreamingAndStructured" name="test_chat_completion_with_structured_output" time="0.147" /><testcase classname="unit.core.test_openai_plugin_comprehensive.TestOpenAIPluginStreamingAndStructured" name="test_streaming_structured_output_success" time="0.146" /><testcase classname="unit.core.test_openai_plugin_comprehensive.TestOpenAIPluginStreamingAndStructured" name="test_async_streaming_structured_output_success" time="0.150" /><testcase classname="unit.core.test_openai_plugin_comprehensive.TestOpenAIPluginStreamingAndStructured" name="test_streaming_structured_output_error_fallback" time="0.155" /><testcase classname="unit.core.test_openai_plugin_comprehensive.TestOpenAIPluginStreamingAndStructured" name="test_async_non_streaming_structured_output" time="0.152" /><testcase classname="unit.core.test_openai_plugin_comprehensive.TestOpenAIPluginStreamingAndStructured" name="test_streaming_with_tool_calls" time="0.147" /><testcase classname="unit.core.test_openai_plugin_comprehensive.TestOpenAIPluginStreamingAndStructured" name="test_supported_models_property" time="0.141" /><testcase classname="unit.core.test_openai_plugin_comprehensive.TestOpenAIPluginClientManagement" name="test_close_sync_client" time="0.278" /><testcase classname="unit.core.test_openai_plugin_comprehensive.TestOpenAIPluginClientManagement" name="test_aclose_async_client" time="0.287" /><testcase classname="unit.core.test_openai_plugin_comprehensive.TestOpenAIPluginClientManagement" name="test_close_without_client" time="0.282" /><testcase classname="unit.core.test_openai_plugin_comprehensive.TestOpenAIPluginClientManagement" name="test_aclose_without_async_client" time="0.280" /><testcase classname="unit.core.test_openai_plugin_comprehensive.TestOpenAIPluginEdgeCases" name="test_response_format_edge_cases" time="0.147" /><testcase classname="unit.core.test_openai_plugin_comprehensive.TestOpenAIPluginEdgeCases" name="test_convert_response_without_reasoning_content" time="0.143" /><testcase classname="unit.core.test_openai_plugin_comprehensive.TestOpenAIPluginEdgeCases" name="test_convert_response_without_system_fingerprint" time="0.150" /><testcase classname="unit.core.test_openai_plugin_comprehensive.TestOpenAIPluginEdgeCases" name="test_network_error_handling" time="0.142" /><testcase classname="unit.core.test_openai_plugin_comprehensive.TestOpenAIPluginEdgeCases" name="test_async_network_error_handling" time="0.147" /><testcase classname="unit.core.test_performance_manager.TestPerformanceStats" name="test_performance_stats_creation" time="0.001" /><testcase classname="unit.core.test_performance_manager.TestPerformanceStats" name="test_performance_stats_with_values" time="0.001" /><testcase classname="unit.core.test_performance_manager.TestPerformanceStats" name="test_performance_stats_to_dict" time="0.001" /><testcase classname="unit.core.test_performance_manager.TestPerformanceManager" name="test_performance_manager_creation" time="0.003" /><testcase classname="unit.core.test_performance_manager.TestPerformanceManager" name="test_initialize_success" time="0.009" /><testcase classname="unit.core.test_performance_manager.TestPerformanceManager" name="test_initialize_already_initialized" time="0.002" /><testcase classname="unit.core.test_performance_manager.TestPerformanceManager" name="test_initialize_failure" time="0.005" /><testcase classname="unit.core.test_performance_manager.TestPerformanceManager" name="test_cleanup" time="0.006" /><testcase classname="unit.core.test_performance_manager.TestPerformanceManager" name="test_cleanup_not_initialized" time="0.002" /><testcase classname="unit.core.test_performance_manager.TestPerformanceManager" name="test_is_initialized" time="0.001" /><testcase classname="unit.core.test_performance_manager.TestPerformanceManager" name="test_get_startup_time" time="0.001" /><testcase classname="unit.core.test_performance_manager.TestPerformanceManager" name="test_get_performance_stats_not_initialized" time="0.002" /><testcase classname="unit.core.test_performance_manager.TestPerformanceManager" name="test_get_performance_stats_initialized" time="0.003" /><testcase classname="unit.core.test_performance_manager.TestPerformanceManager" name="test_get_performance_stats_error" time="0.004" /><testcase classname="unit.core.test_performance_manager.TestPerformanceManager" name="test_update_stats" time="0.006" /><testcase classname="unit.core.test_performance_manager.TestPerformanceManager" name="test_update_stats_with_errors" time="0.004" /><testcase classname="unit.core.test_performance_manager.TestPerformanceManager" name="test_health_check_not_initialized" time="0.002" /><testcase classname="unit.core.test_performance_manager.TestPerformanceManager" name="test_health_check_initialized" time="0.003" /><testcase classname="unit.core.test_performance_manager.TestPerformanceManager" name="test_health_check_error" time="0.003" /><testcase classname="unit.core.test_performance_manager.TestPerformanceManager" name="test_optimize_performance_not_initialized" time="0.002" /><testcase classname="unit.core.test_performance_manager.TestPerformanceManager" name="test_optimize_performance_success" time="0.009" /><testcase classname="unit.core.test_performance_manager.TestPerformanceManager" name="test_optimize_performance_error" time="0.004" /><testcase classname="unit.core.test_performance_manager.TestGlobalFunctions" name="test_get_performance_manager_singleton" time="0.001" /><testcase classname="unit.core.test_performance_manager.TestGlobalFunctions" name="test_initialize_performance_manager" time="0.002" /><testcase classname="unit.core.test_performance_manager.TestGlobalFunctions" name="test_cleanup_performance_manager" time="0.006" /><testcase classname="unit.core.test_performance_manager.TestGlobalFunctions" name="test_cleanup_performance_manager_none" time="0.002" /><testcase classname="unit.core.test_performance_manager.TestGlobalFunctions" name="test_get_system_performance_stats_initialized" time="0.003" /><testcase classname="unit.core.test_performance_manager.TestGlobalFunctions" name="test_get_system_performance_stats_not_initialized" time="0.002" /><testcase classname="unit.core.test_performance_manager.TestGlobalFunctions" name="test_perform_system_health_check" time="0.003" /><testcase classname="unit.core.test_performance_manager.TestGlobalFunctions" name="test_optimize_system_performance" time="0.003" /><testcase classname="unit.core.test_performance_manager.TestPerformanceManagerIntegration" name="test_full_lifecycle" time="0.022" /><testcase classname="unit.core.test_performance_manager.TestPerformanceManagerConcurrency" name="test_concurrent_operations" time="0.011" /><testcase classname="unit.core.test_performance_manager.TestPerformanceManagerConcurrency" name="test_concurrent_initialization" time="0.008" /><testcase classname="unit.core.test_plugin_manager.TestPluginStatus" name="test_plugin_status_values" time="0.001" /><testcase classname="unit.core.test_plugin_manager.TestPluginInfo" name="test_plugin_info_creation" time="0.001" /><testcase classname="unit.core.test_plugin_manager.TestPluginInfo" name="test_plugin_info_to_dict" time="0.001" /><testcase classname="unit.core.test_plugin_manager.TestPluginManager" name="test_plugin_manager_creation" time="0.001" /><testcase classname="unit.core.test_plugin_manager.TestPluginManager" name="test_init_default_plugin_dirs" time="0.001" /><testcase classname="unit.core.test_plugin_manager.TestPluginManager" name="test_discover_plugins" time="0.002" /><testcase classname="unit.core.test_plugin_manager.TestPluginManager" name="test_load_plugin_success" time="0.003" /><testcase classname="unit.core.test_plugin_manager.TestPluginManager" name="test_load_plugin_async_init" time="0.003"><failure message="harborai.core.exceptions.PluginError: Failed to load plugin test_async_module: There is no current event loop in thread 'MainThread'.">harborai\core\plugin_manager.py:226: in load_plugin
    loop = asyncio.get_event_loop()
           ^^^^^^^^^^^^^^^^^^^^^^^^
C:\Users\GM\anaconda3\Lib\asyncio\events.py:677: in get_event_loop
    raise RuntimeError('There is no current event loop in thread %r.'
E   RuntimeError: There is no current event loop in thread 'MainThread'.

The above exception was the direct cause of the following exception:
tests\unit\core\test_plugin_manager.py:287: in test_load_plugin_async_init
    success = manager.load_plugin("test_async_module")
              ^^^^^^^^^^^^^^^^^^^^^^^^^^^^^^^^^^^^^^^^
harborai\core\retry.py:726: in wrapper
    raise last_exception
harborai\core\retry.py:707: in wrapper
    result = func(*args, **kwargs)
             ^^^^^^^^^^^^^^^^^^^^^
harborai\core\plugin_manager.py:255: in load_plugin
    raise PluginError(error_msg) from e
E   harborai.core.exceptions.PluginError: Failed to load plugin test_async_module: There is no current event loop in thread 'MainThread'.</failure></testcase><testcase classname="unit.core.test_plugin_manager.TestPluginManager" name="test_load_plugin_no_plugin_class" time="0.002" /><testcase classname="unit.core.test_plugin_manager.TestPluginManager" name="test_load_plugin_with_dependencies" time="0.003" /><testcase classname="unit.core.test_plugin_manager.TestPluginManager" name="test_load_plugin_missing_dependency" time="0.002" /><testcase classname="unit.core.test_plugin_manager.TestPluginManager" name="test_unload_plugin" time="0.002" /><testcase classname="unit.core.test_plugin_manager.TestPluginManager" name="test_unload_nonexistent_plugin" time="0.002" /><testcase classname="unit.core.test_plugin_manager.TestPluginManager" name="test_get_plugin" time="0.001" /><testcase classname="unit.core.test_plugin_manager.TestPluginManager" name="test_get_plugin_info" time="0.001" /><testcase classname="unit.core.test_plugin_manager.TestPluginManager" name="test_list_plugins" time="0.001" /><testcase classname="unit.core.test_plugin_manager.TestPluginManager" name="test_enable_disable_plugin" time="0.002" /><testcase classname="unit.core.test_plugin_manager.TestPluginManager" name="test_call_plugin" time="0.001" /><testcase classname="unit.core.test_plugin_manager.TestPluginManager" name="test_call_plugin_async" time="0.003" /><testcase classname="unit.core.test_plugin_manager.TestPluginManager" name="test_trigger_hook" time="0.002" /><testcase classname="unit.core.test_plugin_manager.TestPluginManager" name="test_get_plugin_stats" time="0.001" /><testcase classname="unit.core.test_plugin_manager.TestPluginManager" name="test_cleanup" time="0.001" /><testcase classname="unit.core.test_plugin_manager.TestGlobalPluginManager" name="test_get_plugin_manager_singleton" time="0.013" /><testcase classname="unit.core.test_plugin_manager.TestGlobalPluginManager" name="test_set_plugin_manager" time="0.001" /><testcase classname="unit.core.test_plugin_manager.TestPluginManagerConcurrency" name="test_concurrent_plugin_loading" time="0.008" /><testcase classname="unit.core.test_plugin_manager.TestPluginManagerConcurrency" name="test_concurrent_plugin_operations" time="0.004" /><testcase classname="unit.core.test_plugin_manager.TestPluginManagerConcurrency" name="test_concurrent_async_operations" time="0.290" /><testcase classname="unit.core.test_plugin_manager.TestPluginManagerErrorHandling" name="test_load_plugin_import_error" time="0.002" /><testcase classname="unit.core.test_plugin_manager.TestPluginManagerErrorHandling" name="test_load_plugin_initialization_error" time="0.002" /><testcase classname="unit.core.test_plugin_manager.TestPluginManagerErrorHandling" name="test_hook_error_handling" time="0.002" /><testcase classname="unit.core.test_plugins_comprehensive_coverage.TestDeepSeekPlugin" name="test_deepseek_plugin_initialization" time="0.001" /><testcase classname="unit.core.test_plugins_comprehensive_coverage.TestDeepSeekPlugin" name="test_deepseek_plugin_with_config" time="0.001" /><testcase classname="unit.core.test_plugins_comprehensive_coverage.TestDeepSeekPlugin" name="test_deepseek_plugin_supported_models" time="0.001" /><testcase classname="unit.core.test_plugins_comprehensive_coverage.TestDeepSeekPlugin" name="test_deepseek_plugin_supports_model" time="0.001" /><testcase classname="unit.core.test_plugins_comprehensive_coverage.TestDeepSeekPlugin" name="test_deepseek_plugin_get_model_info" time="0.001" /><testcase classname="unit.core.test_plugins_comprehensive_coverage.TestDeepSeekPlugin" name="test_deepseek_plugin_chat_completion_async" time="0.005" /><testcase classname="unit.core.test_plugins_comprehensive_coverage.TestOpenAIPlugin" name="test_openai_plugin_initialization" time="0.286" /><testcase classname="unit.core.test_plugins_comprehensive_coverage.TestOpenAIPlugin" name="test_openai_plugin_with_config" time="0.280" /><testcase classname="unit.core.test_plugins_comprehensive_coverage.TestOpenAIPlugin" name="test_openai_plugin_supported_models" time="0.284" /><testcase classname="unit.core.test_plugins_comprehensive_coverage.TestOpenAIPlugin" name="test_openai_plugin_supports_model" time="0.289" /><testcase classname="unit.core.test_plugins_comprehensive_coverage.TestOpenAIPlugin" name="test_openai_plugin_chat_completion_async" time="0.011" /><testcase classname="unit.core.test_plugins_comprehensive_coverage.TestDoubaoPlugin" name="test_doubao_plugin_initialization" time="0.001" /><testcase classname="unit.core.test_plugins_comprehensive_coverage.TestDoubaoPlugin" name="test_doubao_plugin_with_config" time="0.001" /><testcase classname="unit.core.test_plugins_comprehensive_coverage.TestDoubaoPlugin" name="test_doubao_plugin_supported_models" time="0.001" /><testcase classname="unit.core.test_plugins_comprehensive_coverage.TestDoubaoPlugin" name="test_doubao_plugin_supports_model" time="0.001" /><testcase classname="unit.core.test_plugins_comprehensive_coverage.TestDoubaoPlugin" name="test_doubao_plugin_chat_completion_async" time="0.008" /><testcase classname="unit.core.test_plugins_comprehensive_coverage.TestWenxinPlugin" name="test_wenxin_plugin_initialization" time="0.001" /><testcase classname="unit.core.test_plugins_comprehensive_coverage.TestWenxinPlugin" name="test_wenxin_plugin_with_config" time="0.001" /><testcase classname="unit.core.test_plugins_comprehensive_coverage.TestWenxinPlugin" name="test_wenxin_plugin_supported_models" time="0.001" /><testcase classname="unit.core.test_plugins_comprehensive_coverage.TestWenxinPlugin" name="test_wenxin_plugin_supports_model" time="0.001" /><testcase classname="unit.core.test_plugins_comprehensive_coverage.TestWenxinPlugin" name="test_wenxin_plugin_chat_completion_async" time="0.008" /><testcase classname="unit.core.test_plugins_comprehensive_coverage.TestPluginInfo" name="test_plugin_info_creation" time="0.001" /><testcase classname="unit.core.test_plugins_comprehensive_coverage.TestPluginInfo" name="test_plugin_info_with_dependencies" time="0.001" /><testcase classname="unit.core.test_plugins_comprehensive_coverage.TestPluginErrorHandling" name="test_plugin_load_error" time="0.001" /><testcase classname="unit.core.test_plugins_comprehensive_coverage.TestPluginErrorHandling" name="test_plugin_config_error" time="0.001" /><testcase classname="unit.core.test_plugins_comprehensive_coverage.TestPluginIntegration" name="test_plugin_lifecycle_management" time="0.001" /><testcase classname="unit.core.test_plugins_comprehensive_coverage.TestPluginIntegration" name="test_plugin_async_operations" time="0.281" /><testcase classname="unit.core.test_plugins_manager_additional_coverage.TestPluginManagerAdditionalCoverage" name="test_discover_plugins_spec_none" time="0.003" /><testcase classname="unit.core.test_plugins_manager_additional_coverage.TestPluginManagerAdditionalCoverage" name="test_discover_plugins_spec_no_loader" time="0.003" /><testcase classname="unit.core.test_plugins_manager_additional_coverage.TestPluginManagerAdditionalCoverage" name="test_discover_plugins_no_plugin_class_found" time="0.003" /><testcase classname="unit.core.test_plugins_manager_additional_coverage.TestPluginManagerAdditionalCoverage" name="test_load_plugin_already_loaded" time="0.001" /><testcase classname="unit.core.test_plugins_manager_additional_coverage.TestPluginManagerAdditionalCoverage" name="test_load_plugin_with_config" time="0.001" /><testcase classname="unit.core.test_plugins_manager_additional_coverage.TestPluginManagerAdditionalCoverage" name="test_unload_plugin_with_cleanup_exception" time="0.001" /><testcase classname="unit.core.test_plugins_manager_additional_coverage.TestPluginManagerAdditionalCoverage" name="test_reload_plugin_success" time="0.001" /><testcase classname="unit.core.test_plugins_manager_additional_coverage.TestPluginManagerAdditionalCoverage" name="test_reload_plugin_failure" time="0.001" /><testcase classname="unit.core.test_plugins_manager_additional_coverage.TestPluginManagerAdditionalCoverage" name="test_is_loaded" time="0.002" /><testcase classname="unit.core.test_plugins_manager_additional_coverage.TestPluginManagerAdditionalCoverage" name="test_resolve_dependencies_with_dependencies" time="0.001" /><testcase classname="unit.core.test_plugins_manager_additional_coverage.TestPluginManagerAdditionalCoverage" name="test_resolve_dependencies_no_dependencies" time="0.001" /><testcase classname="unit.core.test_plugins_manager_additional_coverage.TestPluginManagerAdditionalCoverage" name="test_resolve_dependencies_plugin_not_found" time="0.001" /><testcase classname="unit.core.test_plugins_manager_additional_coverage.TestPluginManagerAdditionalCoverage" name="test_initialize_plugin_success" time="0.001" /><testcase classname="unit.core.test_plugins_manager_additional_coverage.TestPluginManagerAdditionalCoverage" name="test_initialize_plugin_failure" time="0.001" /><testcase classname="unit.core.test_plugins_manager_additional_coverage.TestPluginManagerAdditionalCoverage" name="test_enable_plugin_not_loaded" time="0.001" /><testcase classname="unit.core.test_plugins_manager_additional_coverage.TestPluginManagerAdditionalCoverage" name="test_enable_plugin_already_loaded" time="0.001" /><testcase classname="unit.core.test_plugins_manager_additional_coverage.TestPluginManagerAdditionalCoverage" name="test_enable_plugin_no_enable_method" time="0.002" /><testcase classname="unit.core.test_plugins_manager_additional_coverage.TestPluginManagerAdditionalCoverage" name="test_enable_plugin_load_failure" time="0.003" /><testcase classname="unit.core.test_plugins_manager_additional_coverage.TestPluginManagerAdditionalCoverage" name="test_enable_plugin_exception" time="0.002" /><testcase classname="unit.core.test_plugins_manager_additional_coverage.TestPluginManagerAdditionalCoverage" name="test_disable_plugin_success" time="0.002" /><testcase classname="unit.core.test_plugins_manager_additional_coverage.TestPluginManagerAdditionalCoverage" name="test_disable_plugin_not_loaded" time="0.002" /><testcase classname="unit.core.test_plugins_manager_additional_coverage.TestPluginManagerAdditionalCoverage" name="test_disable_plugin_no_disable_method" time="0.002" /><testcase classname="unit.core.test_plugins_manager_additional_coverage.TestPluginManagerAdditionalCoverage" name="test_disable_plugin_exception" time="0.002" /><testcase classname="unit.core.test_plugins_manager_additional_coverage.TestPluginManagerAdditionalCoverage" name="test_shutdown_success" time="0.002" /><testcase classname="unit.core.test_plugins_manager_additional_coverage.TestPluginManagerAdditionalCoverage" name="test_shutdown_with_exception" time="0.002" /><testcase classname="unit.core.test_plugins_manager_additional_coverage.TestPluginManagerAdditionalCoverage" name="test_get_plugin_for_model_load_exception" time="0.002" /><testcase classname="unit.core.test_plugins_manager_coverage.TestPluginRegistry" name="test_register_plugin_success" time="0.001" /><testcase classname="unit.core.test_plugins_manager_coverage.TestPluginRegistry" name="test_register_plugin_without_name" time="0.001" /><testcase classname="unit.core.test_plugins_manager_coverage.TestPluginRegistry" name="test_register_invalid_plugin" time="0.002" /><testcase classname="unit.core.test_plugins_manager_coverage.TestPluginRegistry" name="test_register_plugin_overwrite_warning" time="0.001" /><testcase classname="unit.core.test_plugins_manager_coverage.TestPluginRegistry" name="test_register_model_overwrite_warning" time="0.001" /><testcase classname="unit.core.test_plugins_manager_coverage.TestPluginRegistry" name="test_unregister_plugin_success" time="0.001" /><testcase classname="unit.core.test_plugins_manager_coverage.TestPluginRegistry" name="test_unregister_nonexistent_plugin" time="0.001" /><testcase classname="unit.core.test_plugins_manager_coverage.TestPluginRegistry" name="test_unregister_plugin_exception" time="0.001" /><testcase classname="unit.core.test_plugins_manager_coverage.TestPluginRegistry" name="test_get_plugin_class" time="0.002" /><testcase classname="unit.core.test_plugins_manager_coverage.TestPluginRegistry" name="test_get_plugin_for_model" time="0.001" /><testcase classname="unit.core.test_plugins_manager_coverage.TestPluginRegistry" name="test_list_plugins" time="0.002" /><testcase classname="unit.core.test_plugins_manager_coverage.TestPluginRegistry" name="test_list_models" time="0.001" /><testcase classname="unit.core.test_plugins_manager_coverage.TestPluginRegistry" name="test_get_plugin_info" time="0.001" /><testcase classname="unit.core.test_plugins_manager_coverage.TestPluginManager" name="test_init_with_config" time="0.001" /><testcase classname="unit.core.test_plugins_manager_coverage.TestPluginManager" name="test_init_without_config" time="0.001" /><testcase classname="unit.core.test_plugins_manager_coverage.TestPluginManager" name="test_discover_plugins_success" time="0.001" /><testcase classname="unit.core.test_plugins_manager_coverage.TestPluginManager" name="test_discover_plugins_directory_not_exists" time="0.002" /><testcase classname="unit.core.test_plugins_manager_coverage.TestPluginManager" name="test_discover_plugins_load_error" time="0.005" /><testcase classname="unit.core.test_plugins_manager_coverage.TestPluginManager" name="test_discover_plugins_general_exception" time="0.002" /><testcase classname="unit.core.test_plugins_manager_coverage.TestPluginManager" name="test_load_plugin_success" time="0.001" /><testcase classname="unit.core.test_plugins_manager_coverage.TestPluginManager" name="test_load_plugin_not_found" time="0.001" /><testcase classname="unit.core.test_plugins_manager_coverage.TestPluginManager" name="test_load_plugin_initialization_failed" time="0.001" /><testcase classname="unit.core.test_plugins_manager_coverage.TestPluginManager" name="test_load_plugin_exception_during_creation" time="0.002" /><testcase classname="unit.core.test_plugins_manager_coverage.TestPluginManager" name="test_get_plugin_success" time="0.001" /><testcase classname="unit.core.test_plugins_manager_coverage.TestPluginManager" name="test_get_plugin_not_loaded" time="0.001" /><testcase classname="unit.core.test_plugins_manager_coverage.TestPluginManager" name="test_unload_plugin_success" time="0.002" /><testcase classname="unit.core.test_plugins_manager_coverage.TestPluginManager" name="test_unload_plugin_not_loaded" time="0.001" /><testcase classname="unit.core.test_plugins_manager_coverage.TestPluginManager" name="test_list_loaded_plugins" time="0.001" /><testcase classname="unit.core.test_plugins_manager_coverage.TestPluginManager" name="test_get_plugin_for_model" time="0.001" /><testcase classname="unit.core.test_plugins_manager_coverage.TestPluginManager" name="test_get_plugin_for_model_not_found" time="0.001" /><testcase classname="unit.core.test_plugins_manager_coverage.TestPluginManager" name="test_get_plugin_for_model_not_loaded" time="0.001" /><testcase classname="unit.core.test_pricing.TestModelPricing" name="test_model_pricing_creation" time="0.001" /><testcase classname="unit.core.test_pricing.TestModelPricing" name="test_model_pricing_equality" time="0.001" /><testcase classname="unit.core.test_pricing.TestPricingCalculator" name="test_calculate_cost_known_model" time="0.001" /><testcase classname="unit.core.test_pricing.TestPricingCalculator" name="test_calculate_cost_unknown_model" time="0.001" /><testcase classname="unit.core.test_pricing.TestPricingCalculator" name="test_calculate_cost_zero_tokens" time="0.001" /><testcase classname="unit.core.test_pricing.TestPricingCalculator" name="test_calculate_cost_large_numbers" time="0.001" /><testcase classname="unit.core.test_pricing.TestPricingCalculator" name="test_calculate_cost_various_models[gpt-3.5-turbo-1000-500]" time="0.002" /><testcase classname="unit.core.test_pricing.TestPricingCalculator" name="test_calculate_cost_various_models[gpt-4-2000-1000]" time="0.001" /><testcase classname="unit.core.test_pricing.TestPricingCalculator" name="test_calculate_cost_various_models[gpt-4o-1500-750]" time="0.001" /><testcase classname="unit.core.test_pricing.TestPricingCalculator" name="test_calculate_cost_various_models[ernie-3.5-8k-1200-600]" time="0.001" /><testcase classname="unit.core.test_pricing.TestPricingCalculator" name="test_calculate_cost_various_models[doubao-1-5-pro-32k-character-250715-800-400]" time="0.001" /><testcase classname="unit.core.test_pricing.TestPricingCalculator" name="test_get_model_pricing_existing" time="0.001" /><testcase classname="unit.core.test_pricing.TestPricingCalculator" name="test_get_model_pricing_non_existing" time="0.001" /><testcase classname="unit.core.test_pricing.TestPricingCalculator" name="test_add_model_pricing" time="0.001" /><testcase classname="unit.core.test_pricing.TestPricingCalculator" name="test_add_model_pricing_overwrite" time="0.001" /><testcase classname="unit.core.test_pricing.TestPricingCalculator" name="test_list_supported_models" time="0.001" /><testcase classname="unit.core.test_pricing.TestPricingCalculator" name="test_model_pricing_consistency" time="0.001" /><testcase classname="unit.core.test_pricing.TestPricingCalculator" name="test_edge_cases" time="0.001" /><testcase classname="unit.core.test_pricing.TestPricingCalculator" name="test_precision" time="0.001" /><testcase classname="unit.core.test_retry.TestRetryStrategy" name="test_strategy_is_abstract" time="0.001" /><testcase classname="unit.core.test_retry.TestExponentialBackoff" name="test_exponential_backoff_initialization" time="0.001" /><testcase classname="unit.core.test_retry.TestExponentialBackoff" name="test_exponential_backoff_calculation" time="0.001" /><testcase classname="unit.core.test_retry.TestExponentialBackoff" name="test_exponential_backoff_with_jitter" time="0.001" /><testcase classname="unit.core.test_retry.TestLinearBackoff" name="test_linear_backoff_initialization" time="0.001" /><testcase classname="unit.core.test_retry.TestLinearBackoff" name="test_linear_backoff_calculation" time="0.001" /><testcase classname="unit.core.test_retry.TestFixedBackoff" name="test_fixed_backoff_initialization" time="0.001" /><testcase classname="unit.core.test_retry.TestFixedBackoff" name="test_fixed_backoff_calculation" time="0.001" /><testcase classname="unit.core.test_retry.TestFixedBackoff" name="test_fixed_delay_alias" time="0.001" /><testcase classname="unit.core.test_retry.TestFixedBackoff" name="test_fixed_delay_with_jitter" time="0.001" /><testcase classname="unit.core.test_retry.TestRetryStrategyEnum" name="test_enum_values" time="0.001" /><testcase classname="unit.core.test_retry.TestRetryConfig" name="test_config_initialization" time="0.001" /><testcase classname="unit.core.test_retry.TestRetryConfig" name="test_config_defaults" time="0.001" /><testcase classname="unit.core.test_retry.TestRetryConfig" name="test_config_post_init_multiplier_sync" time="0.001" /><testcase classname="unit.core.test_retry.TestRetryManager" name="test_manager_initialization" time="0.001" /><testcase classname="unit.core.test_retry.TestRetryManager" name="test_retry_manager_strategy_initialization" time="0.001" /><testcase classname="unit.core.test_retry.TestRetryManager" name="test_should_retry_max_attempts" time="0.001" /><testcase classname="unit.core.test_retry.TestRetryManager" name="test_should_retry_retryable_exceptions" time="0.001" /><testcase classname="unit.core.test_retry.TestRetryManager" name="test_calculate_delay" time="0.001" /><testcase classname="unit.core.test_retry.TestRetryManager" name="test_execute_success" time="0.001" /><testcase classname="unit.core.test_retry.TestRetryManager" name="test_execute_with_retries" time="0.029" /><testcase classname="unit.core.test_retry.TestRetryManager" name="test_execute_async_success" time="0.025" /><testcase classname="unit.core.test_retry.TestRetryManager" name="test_retry_manager_should_retry_with_api_error" time="0.001" /><testcase classname="unit.core.test_retry.TestRetryManager" name="test_retry_manager_should_retry_with_rate_limit" time="0.001" /><testcase classname="unit.core.test_retry.TestRetryManager" name="test_retry_manager_should_retry_with_custom_condition" time="0.001" /><testcase classname="unit.core.test_retry.TestRetryManager" name="test_retry_manager_execute_with_callbacks" time="0.031" /><testcase classname="unit.core.test_retry.TestRetryManager" name="test_retry_manager_reset" time="0.001" /><testcase classname="unit.core.test_retry.TestRetryManager" name="test_retry_manager_execute_with_retry_alias" time="0.001" /><testcase classname="unit.core.test_retry.TestRetryManager" name="test_retry_manager_get_strategy_name" time="0.001" /><testcase classname="unit.core.test_retry.TestRetryManager" name="test_retry_manager_callback_error_handling" time="0.016" /><testcase classname="unit.core.test_retry.TestRetryManager" name="test_retry_manager_random_strategy_calculation" time="0.002" /><testcase classname="unit.core.test_retry.TestRetryDecorator" name="test_retry_decorator_success" time="0.001" /><testcase classname="unit.core.test_retry.TestRetryDecorator" name="test_retry_decorator_failure" time="0.034" /><testcase classname="unit.core.test_retry.TestRetryDecorator" name="test_retry_decorator_with_callbacks" time="0.011" /><testcase classname="unit.core.test_retry.TestRetryDecorator" name="test_retry_decorator_success_after_failure" time="0.010" /><testcase classname="unit.core.test_retry.TestRetryDecorator" name="test_retry_decorator_async" time="0.052" /><testcase classname="unit.core.test_retry.TestRetryDecorator" name="test_retry_decorator_async_failure" time="0.013" /><testcase classname="unit.core.test_retry.TestRetryDecorator" name="test_retry_decorator_async_with_callbacks" time="0.029" /><testcase classname="unit.core.test_retry.TestRetryDecorator" name="test_retry_decorator_with_strategy" time="0.001" /><testcase classname="unit.core.test_retry.TestRetryableOperation" name="test_retryable_operation_init" time="0.001" /><testcase classname="unit.core.test_retry.TestRetryableOperation" name="test_retryable_operation_execution" time="0.001" /><testcase classname="unit.core.test_retry.TestCircuitBreaker" name="test_circuit_breaker_init" time="0.001" /><testcase classname="unit.core.test_retry.TestCircuitBreaker" name="test_circuit_breaker_success" time="0.001" /><testcase classname="unit.core.test_retry.TestCircuitBreaker" name="test_circuit_breaker_failure" time="0.001" /><testcase classname="unit.core.test_retry.TestCircuitBreaker" name="test_circuit_breaker_open_state" time="0.001" /><testcase classname="unit.core.test_retry.TestCircuitBreaker" name="test_circuit_breaker_get_state" time="0.001" /><testcase classname="unit.core.test_retry.TestCircuitBreaker" name="test_circuit_breaker_half_open_state" time="0.152" /><testcase classname="unit.core.test_retry.TestCircuitBreaker" name="test_circuit_breaker_half_open_to_closed" time="0.001" /><testcase classname="unit.core.test_retry.TestCircuitBreaker" name="test_circuit_breaker_half_open_to_open" time="0.001" /><testcase classname="unit.core.test_retry.TestCircuitBreaker" name="test_circuit_breaker_can_execute_states" time="0.153" /><testcase classname="unit.core.test_retry.TestCircuitBreaker" name="test_circuit_breaker_expected_exception" time="0.002" /><testcase classname="unit.core.test_retry.TestCircuitBreaker" name="test_circuit_breaker_private_methods" time="0.001" /><testcase classname="unit.core.test_retry.TestRetryPolicy" name="test_retry_policy_init" time="0.001" /><testcase classname="unit.core.test_retry.TestRetryPolicy" name="test_retry_policy_should_retry" time="0.002" /><testcase classname="unit.core.test_retry.TestRetryPolicy" name="test_retry_policy_calculate_delay" time="0.001" /><testcase classname="unit.core.test_retry.TestRetryPolicy" name="test_retry_policy_delay_with_jitter" time="0.001" /><testcase classname="unit.core.test_retry.TestRetryPolicy" name="test_retry_policy_max_delay_limit" time="0.001" /><testcase classname="unit.core.test_retry.TestRetryPolicy" name="test_retry_policy_unknown_strategy" time="0.001" /><testcase classname="unit.core.test_retry.TestRetryPolicy" name="test_retry_policy_should_retry_edge_cases" time="0.001" /><testcase classname="unit.core.test_retry.TestRetryPolicy" name="test_retry_policy_default_values" time="0.001" /><testcase classname="unit.core.test_retry.TestRetryIntegration" name="test_full_retry_lifecycle" time="0.033" /><testcase classname="unit.core.test_retry.TestRetryIntegration" name="test_async_retry_integration" time="0.097" /><testcase classname="unit.core.test_retry.TestRetryManagerAdvanced" name="test_execute_with_strategy" time="0.022" /><testcase classname="unit.core.test_retry.TestRetryManagerAdvanced" name="test_execute_with_strategy_linear" time="0.012" /><testcase classname="unit.core.test_retry.TestRetryManagerAdvanced" name="test_execute_with_strategy_fixed" time="0.012" /><testcase classname="unit.core.test_retry.TestRetryManagerAdvanced" name="test_execute_with_strategy_none" time="0.012" /><testcase classname="unit.core.test_retry.TestRetryManagerAdvanced" name="test_execute_with_timeout_success" time="0.035" /><testcase classname="unit.core.test_retry.TestRetryManagerAdvanced" name="test_execute_with_timeout_total_timeout" time="0.201" /><testcase classname="unit.core.test_retry.TestRetryManagerAdvanced" name="test_execute_with_timeout_no_time_left" time="0.185" /><testcase classname="unit.core.test_retry.TestRetryManagerAdvanced" name="test_execute_with_timeout_would_exceed_with_delay" time="0.013" /><testcase classname="unit.core.test_retry.TestRetryManagerAdvanced" name="test_execute_with_timeout_all_attempts_failed" time="0.012" /><testcase classname="unit.core.test_retry.TestRetryStrategyEnumCompatibility" name="test_enum_strategy_fixed" time="0.001" /><testcase classname="unit.core.test_retry.TestRetryStrategyEnumCompatibility" name="test_enum_strategy_linear" time="0.001" /><testcase classname="unit.core.test_retry.TestRetryStrategyEnumCompatibility" name="test_enum_strategy_exponential" time="0.001" /><testcase classname="unit.core.test_retry.TestRetryStrategyEnumCompatibility" name="test_enum_strategy_random" time="0.001" /><testcase classname="unit.core.test_retry.TestRetryStrategyEnumCompatibility" name="test_enum_strategy_with_jitter" time="0.001" /><testcase classname="unit.core.test_retry_missing_coverage.TestRetryConfigPostInit" name="test_post_init_with_multiplier_set_flag" time="0.001" /><testcase classname="unit.core.test_retry_missing_coverage.TestRetryConfigPostInit" name="test_post_init_with_backoff_multiplier_set_flag" time="0.001" /><testcase classname="unit.core.test_retry_missing_coverage.TestRetryConfigPostInit" name="test_post_init_sync_multipliers" time="0.001" /><testcase classname="unit.core.test_retry_missing_coverage.TestRetryManagerShouldRetry" name="test_should_retry_with_rate_limit_error" time="0.001" /><testcase classname="unit.core.test_retry_missing_coverage.TestRetryManagerShouldRetry" name="test_should_retry_with_api_error_non_5xx" time="0.001" /><testcase classname="unit.core.test_retry_missing_coverage.TestRetryManagerCalculateDelay" name="test_calculate_delay_with_rate_limit_retry_after" time="0.001" /><testcase classname="unit.core.test_retry_missing_coverage.TestRetryManagerCalculateDelay" name="test_calculate_delay_with_strategy_object" time="0.001" /><testcase classname="unit.core.test_retry_missing_coverage.TestRetryManagerExecuteRetryCallback" name="test_execute_retry_callback_with_exception" time="0.002" /><testcase classname="unit.core.test_retry_missing_coverage.TestRetryManagerExecuteFailureCallback" name="test_execute_failure_callback_with_exception" time="0.002" /><testcase classname="unit.core.test_retry_missing_coverage.TestRetryManagerExecuteWithRetry" name="test_execute_with_retry_alias" time="0.001" /><testcase classname="unit.core.test_retry_missing_coverage.TestRetryableOperationTimeoutHandling" name="test_execute_with_timeout_would_exceed" time="0.001" /><testcase classname="unit.core.test_retry_missing_coverage.TestRetryDecorators" name="test_retry_on_exception_decorator" time="0.035" /><testcase classname="unit.core.test_retry_missing_coverage.TestRetryDecorators" name="test_async_retry_on_exception_decorator" time="0.058" /><testcase classname="unit.core.test_retry_missing_coverage.TestRetryPolicyEdgeCases" name="test_retry_policy_unknown_exception" time="0.001" /><testcase classname="unit.core.test_retry_missing_coverage.TestRetryPolicyEdgeCases" name="test_retry_policy_at_max_attempts" time="0.001" /><testcase classname="unit.core.test_retry_missing_coverage.TestRetryManagerAsyncExecute" name="test_async_execute_success_on_retry" time="0.056" /><testcase classname="unit.core.test_retry_missing_coverage.TestRetryManagerReset" name="test_reset_state" time="0.001" /><testcase classname="unit.core.test_retry_missing_coverage.TestRetryManagerExecuteWithLogging" name="test_execute_logs_success_on_retry" time="0.031" /><testcase classname="unit.core.test_retry_missing_coverage.TestRetryManagerCalculateDelayStrategies" name="test_calculate_delay_fixed_strategy" time="0.001" /><testcase classname="unit.core.test_retry_missing_coverage.TestRetryManagerCalculateDelayStrategies" name="test_calculate_delay_linear_strategy" time="0.001" /><testcase classname="unit.core.test_retry_missing_coverage.TestRetryManagerCalculateDelayStrategies" name="test_calculate_delay_exponential_strategy" time="0.001" /><testcase classname="unit.core.test_retry_missing_coverage.TestRetryManagerCalculateDelayStrategies" name="test_calculate_delay_random_strategy" time="0.001" /><testcase classname="unit.core.test_retry_missing_coverage.TestRetryManagerCalculateDelayStrategies" name="test_calculate_delay_unknown_strategy" time="0.001" /><testcase classname="unit.core.test_retry_missing_coverage.TestRetryManagerCalculateDelayStrategies" name="test_calculate_delay_with_max_delay_limit" time="0.001" /><testcase classname="unit.core.test_retry_missing_coverage.TestRetryManagerCalculateDelayStrategies" name="test_calculate_delay_with_jitter" time="0.001" /><testcase classname="unit.core.test_retry_missing_coverage.TestRetryManagerCalculateDelayStrategies" name="test_calculate_delay_with_negative_jitter" time="0.002" /><testcase classname="unit.core.test_retry_missing_coverage.TestRetryManagerExecuteCallbacks" name="test_execute_retry_callback_with_exception" time="0.003" /><testcase classname="unit.core.test_retry_missing_coverage.TestRetryManagerExecuteCallbacks" name="test_execute_failure_callback_with_exception" time="0.002" /><testcase classname="unit.core.test_retry_missing_coverage.TestRetryManagerShouldRetryEdgeCases" name="test_should_retry_with_rate_limit_error" time="0.001" /><testcase classname="unit.core.test_retry_missing_coverage.TestRetryManagerShouldRetryEdgeCases" name="test_should_retry_with_api_error_non_5xx" time="0.001" /><testcase classname="unit.core.test_retry_missing_coverage.TestRetryManagerShouldRetryEdgeCases" name="test_should_retry_non_retryable_exception" time="0.001" /><testcase classname="unit.core.test_retry_missing_coverage.TestRetryManagerShouldRetryEdgeCases" name="test_custom_retry_condition_true" time="0.001" /><testcase classname="unit.core.test_retry_missing_coverage.TestRetryManagerShouldRetryEdgeCases" name="test_custom_retry_condition_false" time="0.001" /><testcase classname="unit.core.test_unified_decorators.TestDecoratorMode" name="test_decorator_mode_values" time="0.001" /><testcase classname="unit.core.test_unified_decorators.TestDecoratorMode" name="test_decorator_mode_comparison" time="0.001" /><testcase classname="unit.core.test_unified_decorators.TestDecoratorConfig" name="test_default_config" time="0.001" /><testcase classname="unit.core.test_unified_decorators.TestDecoratorConfig" name="test_fast_mode_config" time="0.001" /><testcase classname="unit.core.test_unified_decorators.TestDecoratorConfig" name="test_full_mode_config" time="0.001" /><testcase classname="unit.core.test_unified_decorators.TestDecoratorConfig" name="test_custom_config" time="0.001" /><testcase classname="unit.core.test_unified_decorators.TestUnifiedDecorator" name="test_decorator_initialization_default" time="0.002" /><testcase classname="unit.core.test_unified_decorators.TestUnifiedDecorator" name="test_decorator_initialization_with_config" time="0.001" /><testcase classname="unit.core.test_unified_decorators.TestUnifiedDecorator" name="test_decorator_initialization_postgres_logger_warning" time="0.002" /><testcase classname="unit.core.test_unified_decorators.TestUnifiedDecorator" name="test_decorator_initialization_postgres_logger_exception" time="0.003" /><testcase classname="unit.core.test_unified_decorators.TestUnifiedDecorator" name="test_sync_function_decoration" time="0.002" /><testcase classname="unit.core.test_unified_decorators.TestUnifiedDecorator" name="test_async_function_decoration" time="0.025" /><testcase classname="unit.core.test_unified_decorators.TestUnifiedDecorator" name="test_async_function_with_caching" time="0.006" /><testcase classname="unit.core.test_unified_decorators.TestUnifiedDecorator" name="test_sync_function_with_error" time="0.002" /><testcase classname="unit.core.test_unified_decorators.TestUnifiedDecorator" name="test_async_function_with_error" time="0.004" /><testcase classname="unit.core.test_unified_decorators.TestUnifiedDecorator" name="test_update_execution_stats" time="0.002" /><testcase classname="unit.core.test_unified_decorators.TestUnifiedDecorator" name="test_get_stats" time="0.002" /><testcase classname="unit.core.test_unified_decorators.TestPreDefinedDecorators" name="test_fast_decorator_instance" time="0.001" /><testcase classname="unit.core.test_unified_decorators.TestPreDefinedDecorators" name="test_full_decorator_instance" time="0.001" /><testcase classname="unit.core.test_unified_decorators.TestPreDefinedDecorators" name="test_unified_trace_with_mode" time="0.001" /><testcase classname="unit.core.test_unified_decorators.TestPreDefinedDecorators" name="test_unified_trace_with_config" time="0.001" /><testcase classname="unit.core.test_unified_decorators.TestPreDefinedDecorators" name="test_unified_trace_with_kwargs" time="0.001" /><testcase classname="unit.core.test_unified_decorators.TestPreDefinedDecorators" name="test_fast_trace_decorator" time="0.001" /><testcase classname="unit.core.test_unified_decorators.TestPreDefinedDecorators" name="test_full_trace_decorator" time="0.001" /><testcase classname="unit.core.test_unified_decorators.TestPreDefinedDecorators" name="test_conditional_unified_decorator_true" time="0.001" /><testcase classname="unit.core.test_unified_decorators.TestPreDefinedDecorators" name="test_conditional_unified_decorator_false" time="0.001" /><testcase classname="unit.core.test_unified_decorators.TestPreDefinedDecorators" name="test_smart_decorator" time="0.002" /><testcase classname="unit.core.test_unified_decorators.TestCompatibilityDecorators" name="test_cost_tracking_decorator" time="0.001" /><testcase classname="unit.core.test_unified_decorators.TestCompatibilityDecorators" name="test_with_trace_decorator" time="0.001" /><testcase classname="unit.core.test_unified_decorators.TestCompatibilityDecorators" name="test_with_postgres_logging_decorator" time="0.001" /><testcase classname="unit.core.test_unified_decorators.TestCompatibilityDecorators" name="test_with_async_trace_decorator" time="0.001" /><testcase classname="unit.core.test_unified_decorators.TestDecoratorIntegration" name="test_full_integration_async" time="0.007" /><testcase classname="unit.core.test_unified_decorators.TestDecoratorIntegration" name="test_full_integration_sync" time="0.014" /><testcase classname="unit.core.test_unified_decorators.TestDecoratorEdgeCases" name="test_decorator_with_none_config" time="0.001" /><testcase classname="unit.core.test_unified_decorators.TestDecoratorEdgeCases" name="test_async_function_cache_key_generation" time="0.009" /><testcase classname="unit.core.test_unified_decorators.TestDecoratorEdgeCases" name="test_decorator_stats_isolation" time="0.003" /><testcase classname="unit.core.test_unified_decorators.TestUnifiedDecoratorAdvanced" name="test_cache_functionality_sync" time="0.003" /><testcase classname="unit.core.test_unified_decorators.TestUnifiedDecoratorAdvanced" name="test_cache_error_handling" time="0.004" /><testcase classname="unit.core.test_unified_decorators.TestUnifiedDecoratorAdvanced" name="test_postgres_logging_sync" time="0.002" /><testcase classname="unit.core.test_unified_decorators.TestUnifiedDecoratorAdvanced" name="test_postgres_logging_async" time="0.005" /><testcase classname="unit.core.test_unified_decorators.TestUnifiedDecoratorAdvanced" name="test_postgres_logging_error_handling" time="0.003" /><testcase classname="unit.core.test_unified_decorators.TestUnifiedDecoratorAdvanced" name="test_cost_tracking_sync" time="0.003" /><testcase classname="unit.core.test_unified_decorators.TestUnifiedDecoratorAdvanced" name="test_cost_tracking_async" time="0.006" /><testcase classname="unit.core.test_unified_decorators.TestUnifiedDecoratorAdvanced" name="test_cost_tracking_error_handling" time="0.002" /><testcase classname="unit.core.test_unified_decorators.TestUnifiedDecoratorAdvanced" name="test_trace_context_handling" time="0.003" /><testcase classname="unit.core.test_unified_decorators.TestUnifiedDecoratorAdvanced" name="test_trace_context_error_handling" time="0.004" /><testcase classname="unit.core.test_unified_decorators.TestUnifiedDecoratorAdvanced" name="test_extract_cost_info_with_usage" time="0.002" /><testcase classname="unit.core.test_unified_decorators.TestUnifiedDecoratorAdvanced" name="test_extract_cost_info_without_usage" time="0.002" /><testcase classname="unit.core.test_unified_decorators.TestUnifiedDecoratorAdvanced" name="test_extract_cost_info_empty" time="0.002" /><testcase classname="unit.core.test_unified_decorators.TestUnifiedDecoratorAdvanced" name="test_background_logging" time="0.010" /><testcase classname="unit.core.test_unified_decorators.TestUnifiedDecoratorAdvanced" name="test_cache_key_generation" time="0.002" /><testcase classname="unit.core.test_unified_decorators.TestDecoratorHelperMethods" name="test_get_cached_result_hit" time="0.004" /><testcase classname="unit.core.test_unified_decorators.TestDecoratorHelperMethods" name="test_get_cached_result_miss" time="0.004" /><testcase classname="unit.core.test_unified_decorators.TestDecoratorHelperMethods" name="test_cache_result_success" time="0.005" /><testcase classname="unit.core.test_unified_decorators.TestDecoratorHelperMethods" name="test_cache_result_error" time="0.004" /><testcase classname="unit.core.test_unified_decorators.TestDecoratorPostExecution" name="test_handle_post_execution_async" time="0.079" /><testcase classname="unit.core.test_unified_decorators.TestDecoratorPostExecution" name="test_handle_post_execution_sync" time="0.003" /><testcase classname="unit.core.test_unified_decorators_additional_coverage.TestUnifiedDecoratorAdditionalCoverage" name="test_cache_manager_none_scenarios" time="0.001" /><testcase classname="unit.core.test_unified_decorators_additional_coverage.TestUnifiedDecoratorAdditionalCoverage" name="test_cache_manager_none_async_scenarios" time="0.003" /><testcase classname="unit.core.test_unified_decorators_additional_coverage.TestUnifiedDecoratorAdditionalCoverage" name="test_cache_get_exception_handling" time="0.003" /><testcase classname="unit.core.test_unified_decorators_additional_coverage.TestUnifiedDecoratorAdditionalCoverage" name="test_cache_get_async_exception_handling" time="0.004" /><testcase classname="unit.core.test_unified_decorators_additional_coverage.TestUnifiedDecoratorAdditionalCoverage" name="test_cache_set_exception_handling" time="0.002" /><testcase classname="unit.core.test_unified_decorators_additional_coverage.TestUnifiedDecoratorAdditionalCoverage" name="test_cache_set_async_exception_handling" time="0.004" /><testcase classname="unit.core.test_unified_decorators_additional_coverage.TestUnifiedDecoratorAdditionalCoverage" name="test_end_trace_sync_exception_handling" time="0.004" /><testcase classname="unit.core.test_unified_decorators_additional_coverage.TestUnifiedDecoratorAdditionalCoverage" name="test_end_trace_async_exception_handling" time="0.004" /><testcase classname="unit.core.test_unified_decorators_additional_coverage.TestUnifiedDecoratorAdditionalCoverage" name="test_end_trace_sync_no_end_method" time="0.001" /><testcase classname="unit.core.test_unified_decorators_additional_coverage.TestUnifiedDecoratorAdditionalCoverage" name="test_end_trace_async_no_end_method" time="0.002" /><testcase classname="unit.core.test_unified_decorators_additional_coverage.TestUnifiedDecoratorAdditionalCoverage" name="test_track_cost_no_tracker" time="0.002" /><testcase classname="unit.core.test_unified_decorators_additional_coverage.TestUnifiedDecoratorAdditionalCoverage" name="test_track_cost_with_tracker" time="0.005" /><testcase classname="unit.core.test_unified_decorators_additional_coverage.TestUnifiedDecoratorAdditionalCoverage" name="test_extract_cost_info_with_usage" time="0.001" /><testcase classname="unit.core.test_unified_decorators_additional_coverage.TestUnifiedDecoratorAdditionalCoverage" name="test_extract_cost_info_no_usage" time="0.001" /><testcase classname="unit.core.test_unified_decorators_additional_coverage.TestUnifiedDecoratorAdditionalCoverage" name="test_extract_cost_info_partial_usage" time="0.001" /><testcase classname="unit.core.test_unified_decorators_additional_coverage.TestUnifiedDecoratorAdditionalCoverage" name="test_postgres_logging_none_logger" time="0.003" /><testcase classname="unit.core.test_unified_decorators_additional_coverage.TestUnifiedDecoratorAdditionalCoverage" name="test_postgres_logging_sync_none_logger" time="0.001" /><testcase classname="unit.core.test_unified_decorators_additional_coverage.TestUnifiedDecoratorAdditionalCoverage" name="test_postgres_logging_async_exception" time="0.005" /><testcase classname="unit.core.test_unified_decorators_additional_coverage.TestUnifiedDecoratorAdditionalCoverage" name="test_postgres_logging_sync_exception" time="0.004" /><testcase classname="unit.core.test_unified_decorators_additional_coverage.TestUnifiedDecoratorAdditionalCoverage" name="test_log_error_async_none_logger" time="0.003" /><testcase classname="unit.core.test_unified_decorators_additional_coverage.TestUnifiedDecoratorAdditionalCoverage" name="test_log_error_sync_none_logger" time="0.002" /><testcase classname="unit.core.test_unified_decorators_additional_coverage.TestUnifiedDecoratorAdditionalCoverage" name="test_decorator_config_mode_validation" time="0.001" /><testcase classname="unit.core.test_unified_decorators_additional_coverage.TestUnifiedDecoratorAdditionalCoverage" name="test_decorator_config_with_custom_mode" time="0.001" /><testcase classname="unit.core.test_unified_decorators_additional_coverage.TestUnifiedDecoratorAdditionalCoverage" name="test_unified_trace_function_with_kwargs_override" time="0.001" /><testcase classname="unit.core.test_unified_decorators_additional_coverage.TestUnifiedDecoratorAdditionalCoverage" name="test_unified_trace_function_with_custom_mode" time="0.001" /><testcase classname="unit.core.test_unified_decorators_additional_coverage.TestUnifiedDecoratorAdditionalCoverage" name="test_decorator_with_complex_function_signature" time="0.003" /><testcase classname="unit.core.test_unified_decorators_additional_coverage.TestUnifiedDecoratorAdditionalCoverage" name="test_decorator_with_sync_complex_function_signature" time="0.002" /><testcase classname="unit.core.test_unified_decorators_additional_coverage.TestUnifiedDecoratorAdditionalCoverage" name="test_track_cost_exception_handling" time="0.007" /><testcase classname="unit.core.test_unified_decorators_additional_coverage.TestUnifiedDecoratorAdditionalCoverage" name="test_extract_cost_info_empty_result" time="0.001" /><testcase classname="unit.core.test_unified_decorators_coverage.TestUnifiedDecoratorCoverage" name="test_cache_get_exception_handling" time="0.004" /><testcase classname="unit.core.test_unified_decorators_coverage.TestUnifiedDecoratorCoverage" name="test_cache_set_exception_handling" time="0.005" /><testcase classname="unit.core.test_unified_decorators_coverage.TestUnifiedDecoratorCoverage" name="test_postgres_logging_async" time="0.005" /><testcase classname="unit.core.test_unified_decorators_coverage.TestUnifiedDecoratorCoverage" name="test_postgres_logging_sync" time="0.004" /><testcase classname="unit.core.test_unified_decorators_coverage.TestUnifiedDecoratorCoverage" name="test_postgres_logging_exception_handling" time="0.005" /><testcase classname="unit.core.test_unified_decorators_coverage.TestUnifiedDecoratorCoverage" name="test_error_logging_async" time="0.006" /><testcase classname="unit.core.test_unified_decorators_coverage.TestUnifiedDecoratorCoverage" name="test_error_logging_sync" time="0.003" /><testcase classname="unit.core.test_unified_decorators_coverage.TestUnifiedDecoratorCoverage" name="test_error_logging_exception_handling" time="0.005" /><testcase classname="unit.core.test_unified_decorators_coverage.TestUnifiedDecoratorCoverage" name="test_cache_disabled_scenarios" time="0.002" /><testcase classname="unit.core.test_unified_decorators_coverage.TestUnifiedDecoratorCoverage" name="test_postgres_logging_disabled_scenarios" time="0.001" /><testcase classname="unit.core.test_unified_decorators_coverage.TestUnifiedDecoratorCoverage" name="test_mixed_feature_configurations[True-False]" time="0.003" /><testcase classname="unit.core.test_unified_decorators_coverage.TestUnifiedDecoratorCoverage" name="test_mixed_feature_configurations[False-True]" time="0.004" /><testcase classname="unit.core.test_unified_decorators_coverage.TestUnifiedDecoratorCoverage" name="test_mixed_feature_configurations[False-False]" time="0.003" /><testcase classname="unit.core.test_unified_decorators_coverage.TestUnifiedDecoratorCoverage" name="test_cache_manager_none_scenarios" time="0.003" /><testcase classname="unit.core.test_unified_decorators_coverage.TestUnifiedDecoratorCoverage" name="test_postgres_logger_none_scenarios" time="0.002" /><testcase classname="unit.core.test_unified_decorators_final_coverage.TestUnifiedDecoratorFinalCoverage" name="test_async_error_with_background_logging" time="0.005" /><testcase classname="unit.core.test_unified_decorators_final_coverage.TestUnifiedDecoratorFinalCoverage" name="test_sync_error_with_background_logging" time="0.003" /><testcase classname="unit.core.test_unified_decorators_final_coverage.TestUnifiedDecoratorFinalCoverage" name="test_cost_tracking_with_cost_info" time="0.006" /><testcase classname="unit.core.test_unified_decorators_final_coverage.TestUnifiedDecoratorFinalCoverage" name="test_sync_cost_tracking_with_cost_info" time="0.002" /><testcase classname="unit.core.test_unified_decorators_final_coverage.TestUnifiedDecoratorFinalCoverage" name="test_cost_tracking_without_cost_info" time="0.005" /><testcase classname="unit.core.test_unified_decorators_final_coverage.TestUnifiedDecoratorFinalCoverage" name="test_sync_cost_tracking_without_cost_info" time="0.003" /><testcase classname="unit.core.test_unified_decorators_final_coverage.TestUnifiedDecoratorFinalCoverage" name="test_cost_tracking_without_tracker" time="0.004" /><testcase classname="unit.core.test_unified_decorators_final_coverage.TestUnifiedDecoratorFinalCoverage" name="test_sync_cost_tracking_without_tracker" time="0.001" /><testcase classname="unit.core.test_unified_decorators_final_coverage.TestUnifiedDecoratorFinalCoverage" name="test_trace_end_failure" time="0.007" /><testcase classname="unit.core.test_unified_decorators_missing_coverage.TestUnifiedDecoratorMissingCoverage" name="test_cache_result_exception_handling" time="0.004" /><testcase classname="unit.core.test_unified_decorators_missing_coverage.TestUnifiedDecoratorMissingCoverage" name="test_cache_result_sync_exception_handling" time="0.002" /><testcase classname="unit.core.test_unified_decorators_missing_coverage.TestUnifiedDecoratorMissingCoverage" name="test_track_cost_functionality" time="0.005" /><testcase classname="unit.core.test_unified_decorators_missing_coverage.TestUnifiedDecoratorMissingCoverage" name="test_track_cost_no_cost_info" time="0.005" /><testcase classname="unit.core.test_unified_decorators_missing_coverage.TestUnifiedDecoratorMissingCoverage" name="test_track_cost_exception_handling" time="0.005" /><testcase classname="unit.core.test_unified_decorators_missing_coverage.TestUnifiedDecoratorMissingCoverage" name="test_log_error_async_with_postgres_logger" time="0.003" /><testcase classname="unit.core.test_unified_decorators_missing_coverage.TestUnifiedDecoratorMissingCoverage" name="test_log_error_async_exception_handling" time="0.004" /><testcase classname="unit.core.test_unified_decorators_missing_coverage.TestUnifiedDecoratorMissingCoverage" name="test_log_error_sync_with_postgres_logger" time="0.003" /><testcase classname="unit.core.test_unified_decorators_missing_coverage.TestUnifiedDecoratorMissingCoverage" name="test_log_error_sync_exception_handling" time="0.002" /><testcase classname="unit.core.test_unified_decorators_missing_coverage.TestUnifiedDecoratorMissingCoverage" name="test_update_execution_stats_first_time" time="0.001" /><testcase classname="unit.core.test_unified_decorators_missing_coverage.TestUnifiedDecoratorMissingCoverage" name="test_update_execution_stats_exponential_moving_average" time="0.001" /><testcase classname="unit.core.test_unified_decorators_missing_coverage.TestUnifiedDecoratorMissingCoverage" name="test_end_trace_with_context" time="0.003" /><testcase classname="unit.core.test_unified_decorators_missing_coverage.TestUnifiedDecoratorMissingCoverage" name="test_end_trace_exception_handling" time="0.003" /><testcase classname="unit.core.test_unified_decorators_missing_coverage.TestUnifiedDecoratorMissingCoverage" name="test_end_trace_no_end_method" time="0.002" /><testcase classname="unit.core.test_unified_decorators_missing_coverage.TestUnifiedDecoratorMissingCoverage" name="test_cache_manager_none_scenarios" time="0.002" /><testcase classname="unit.core.test_unified_decorators_missing_coverage.TestUnifiedDecoratorMissingCoverage" name="test_cost_tracker_none_scenarios" time="0.002" /><testcase classname="unit.core.test_unified_decorators_missing_coverage.TestUnifiedDecoratorMissingCoverage" name="test_postgres_logger_none_scenarios" time="0.002" /><testcase classname="unit.core.test_vendor_manager.TestVendorType" name="test_vendor_type_values" time="0.001" /><testcase classname="unit.core.test_vendor_manager.TestVendorType" name="test_vendor_type_from_string" time="0.001" /><testcase classname="unit.core.test_vendor_manager.TestVendorType" name="test_vendor_type_invalid_string" time="0.001" /><testcase classname="unit.core.test_vendor_manager.TestVendorConfig" name="test_vendor_config_creation" time="0.001" /><testcase classname="unit.core.test_vendor_manager.TestVendorConfig" name="test_vendor_config_equality" time="0.002" /><testcase classname="unit.core.test_vendor_manager.TestVendorManager" name="test_vendor_manager_creation" time="0.002" /><testcase classname="unit.core.test_vendor_manager.TestVendorManager" name="test_vendor_manager_creation_without_config" time="0.002" /><testcase classname="unit.core.test_vendor_manager.TestVendorManager" name="test_initialize_vendors" time="0.002" /><testcase classname="unit.core.test_vendor_manager.TestVendorManager" name="test_initialize_plugins_success" time="0.002" /><testcase classname="unit.core.test_vendor_manager.TestVendorManager" name="test_initialize_plugins_failure" time="0.002" /><testcase classname="unit.core.test_vendor_manager.TestVendorManager" name="test_get_available_vendors" time="0.002" /><testcase classname="unit.core.test_vendor_manager.TestVendorManager" name="test_get_vendor_config_by_enum" time="0.002" /><testcase classname="unit.core.test_vendor_manager.TestVendorManager" name="test_get_vendor_config_by_string" time="0.002" /><testcase classname="unit.core.test_vendor_manager.TestVendorManager" name="test_get_vendor_config_invalid" time="0.003" /><testcase classname="unit.core.test_vendor_manager.TestVendorManager" name="test_get_vendor_plugin" time="0.003" /><testcase classname="unit.core.test_vendor_manager.TestVendorManager" name="test_get_vendor_plugin_invalid" time="0.002" /><testcase classname="unit.core.test_vendor_manager.TestVendorManager" name="test_is_vendor_available_with_api_key" time="0.002" /><testcase classname="unit.core.test_vendor_manager.TestVendorManager" name="test_is_vendor_available_without_api_key" time="0.002" /><testcase classname="unit.core.test_vendor_manager.TestVendorManager" name="test_is_vendor_available_invalid_vendor" time="0.004" /><testcase classname="unit.core.test_vendor_manager.TestVendorManager" name="test_get_models_for_vendor" time="0.002" /><testcase classname="unit.core.test_vendor_manager.TestVendorManager" name="test_get_models_for_invalid_vendor" time="0.003" /><testcase classname="unit.core.test_vendor_manager.TestVendorManager" name="test_get_vendor_for_model" time="0.003" /><testcase classname="unit.core.test_vendor_manager.TestVendorManager" name="test_get_vendor_for_unknown_model" time="0.004" /><testcase classname="unit.core.test_vendor_manager.TestVendorManager" name="test_switch_vendor_success" time="0.003" /><testcase classname="unit.core.test_vendor_manager.TestVendorManager" name="test_switch_vendor_unavailable_target" time="0.004" /><testcase classname="unit.core.test_vendor_manager.TestVendorManager" name="test_get_failover_sequence" time="0.004" /><testcase classname="unit.core.test_vendor_manager.TestVendorManager" name="test_get_failover_sequence_partial_availability" time="0.003" /><testcase classname="unit.core.test_vendor_manager.TestVendorManager" name="test_get_failover_sequence_invalid_vendor" time="0.003" /><testcase classname="unit.core.test_vendor_manager.TestVendorManager" name="test_update_vendor_config_success" time="0.005" /><testcase classname="unit.core.test_vendor_manager.TestVendorManager" name="test_update_vendor_config_invalid_vendor" time="0.003" /><testcase classname="unit.core.test_vendor_manager.TestVendorManager" name="test_update_vendor_config_invalid_field" time="0.003" /><testcase classname="unit.core.test_vendor_manager.TestVendorManagerIntegration" name="test_full_vendor_lifecycle" time="0.003" /><testcase classname="unit.core.test_vendor_manager.TestVendorManagerIntegration" name="test_vendor_failover_scenario" time="0.004" /><testcase classname="unit.core.test_vendor_manager.TestVendorManagerIntegration" name="test_vendor_configuration_management" time="0.005" /><testcase classname="unit.core.test_wenxin_plugin_chat_completion.TestWenxinPluginChatCompletion" name="test_chat_completion_success" time="0.003" /><testcase classname="unit.core.test_wenxin_plugin_chat_completion.TestWenxinPluginChatCompletion" name="test_chat_completion_with_system_message" time="0.004" /><testcase classname="unit.core.test_wenxin_plugin_chat_completion.TestWenxinPluginChatCompletion" name="test_chat_completion_with_parameters" time="0.005" /><testcase classname="unit.core.test_wenxin_plugin_chat_completion.TestWenxinPluginChatCompletion" name="test_chat_completion_api_error" time="0.004" /><testcase classname="unit.core.test_wenxin_plugin_chat_completion.TestWenxinPluginChatCompletion" name="test_chat_completion_http_error" time="0.003" /><testcase classname="unit.core.test_wenxin_plugin_chat_completion.TestWenxinPluginAsyncChatCompletion" name="test_chat_completion_async_success" time="0.007" /><testcase classname="unit.core.test_wenxin_plugin_chat_completion.TestWenxinPluginAsyncChatCompletion" name="test_chat_completion_async_error" time="0.007" /><testcase classname="unit.core.test_wenxin_plugin_chat_completion.TestWenxinPluginStreamResponse" name="test_chat_completion_stream" time="0.003" /><testcase classname="unit.core.test_wenxin_plugin_chat_completion.TestWenxinPluginResponseConversion" name="test_convert_to_harbor_response" time="0.001" /><testcase classname="unit.core.test_wenxin_plugin_chat_completion.TestWenxinPluginResponseConversion" name="test_convert_to_harbor_response_with_thinking" time="0.001" /><testcase classname="unit.core.test_wenxin_plugin_chat_completion.TestWenxinPluginResponseConversion" name="test_convert_to_harbor_chunk" time="0.001" /><testcase classname="unit.core.test_wenxin_plugin_chat_completion.TestWenxinPluginRequestPreparation" name="test_prepare_wenxin_request_basic" time="0.001" /><testcase classname="unit.core.test_wenxin_plugin_chat_completion.TestWenxinPluginRequestPreparation" name="test_prepare_wenxin_request_with_system" time="0.001" /><testcase classname="unit.core.test_wenxin_plugin_chat_completion.TestWenxinPluginRequestPreparation" name="test_prepare_wenxin_request_with_parameters" time="0.001" /><testcase classname="unit.core.test_wenxin_plugin_chat_completion.TestWenxinPluginRequestPreparation" name="test_get_model_endpoint" time="0.001" /><testcase classname="unit.core.test_wenxin_plugin_comprehensive.TestWenxinPluginInitialization" name="test_wenxin_plugin_init_basic" time="0.001" /><testcase classname="unit.core.test_wenxin_plugin_comprehensive.TestWenxinPluginInitialization" name="test_wenxin_plugin_init_with_custom_config" time="0.001" /><testcase classname="unit.core.test_wenxin_plugin_comprehensive.TestWenxinPluginInitialization" name="test_wenxin_plugin_init_api_key_from_kwargs" time="0.001" /><testcase classname="unit.core.test_wenxin_plugin_comprehensive.TestWenxinPluginInitialization" name="test_wenxin_plugin_supported_models" time="0.001" /><testcase classname="unit.core.test_wenxin_plugin_comprehensive.TestWenxinPluginInitialization" name="test_wenxin_plugin_is_thinking_model" time="0.001" /><testcase classname="unit.core.test_wenxin_plugin_comprehensive.TestWenxinPluginClientManagement" name="test_get_client_success" time="0.002" /><testcase classname="unit.core.test_wenxin_plugin_comprehensive.TestWenxinPluginClientManagement" name="test_get_client_httpx_import_error" time="0.001" /><testcase classname="unit.core.test_wenxin_plugin_comprehensive.TestWenxinPluginClientManagement" name="test_get_async_client_success" time="0.001" /><testcase classname="unit.core.test_wenxin_plugin_comprehensive.TestWenxinPluginClientManagement" name="test_get_async_client_httpx_import_error" time="0.001" /><testcase classname="unit.core.test_wenxin_plugin_comprehensive.TestWenxinPluginClientManagement" name="test_client_reuse" time="0.001" /><testcase classname="unit.core.test_wenxin_plugin_comprehensive.TestWenxinPluginValidation" name="test_validate_request_success" time="0.001" /><testcase classname="unit.core.test_wenxin_plugin_comprehensive.TestWenxinPluginValidation" name="test_validate_request_unsupported_model" time="0.001" /><testcase classname="unit.core.test_wenxin_plugin_comprehensive.TestWenxinPluginValidation" name="test_validate_request_empty_messages" time="0.001" /><testcase classname="unit.core.test_wenxin_plugin_comprehensive.TestWenxinPluginValidation" name="test_validate_request_missing_api_key" time="0.001" /><testcase classname="unit.core.test_wenxin_plugin_comprehensive.TestWenxinPluginValidation" name="test_validate_request_invalid_temperature" time="0.001" /><testcase classname="unit.core.test_wenxin_plugin_comprehensive.TestWenxinPluginValidation" name="test_validate_request_invalid_top_p" time="0.001" /><testcase classname="unit.core.test_wenxin_plugin_comprehensive.TestWenxinPluginValidation" name="test_validate_request_valid_parameters" time="0.001" /><testcase classname="unit.core.test_wenxin_plugin_comprehensive.TestWenxinPluginThinkingContent" name="test_extract_thinking_content_from_reasoning_content" time="0.001" /><testcase classname="unit.core.test_wenxin_plugin_comprehensive.TestWenxinPluginThinkingContent" name="test_extract_thinking_content_from_result_reasoning" time="0.001" /><testcase classname="unit.core.test_wenxin_plugin_comprehensive.TestWenxinPluginThinkingContent" name="test_extract_thinking_content_from_choices_message" time="0.001" /><testcase classname="unit.core.test_wenxin_plugin_comprehensive.TestWenxinPluginThinkingContent" name="test_extract_thinking_content_empty_reasoning" time="0.001" /><testcase classname="unit.core.test_wenxin_plugin_comprehensive.TestWenxinPluginThinkingContent" name="test_extract_thinking_content_no_reasoning" time="0.001" /><testcase classname="unit.core.test_wenxin_plugin_comprehensive.TestWenxinPluginThinkingContent" name="test_extract_thinking_content_non_dict_response" time="0.001" /><testcase classname="unit.core.test_wenxin_plugin_comprehensive.TestWenxinPluginModelSupport" name="test_get_model_endpoint" time="0.001" /><testcase classname="unit.core.test_wenxin_plugin_comprehensive.TestWenxinPluginRequestPreparation" name="test_prepare_wenxin_request_basic" time="0.001" /><testcase classname="unit.core.test_wenxin_plugin_comprehensive.TestWenxinPluginRequestPreparation" name="test_prepare_wenxin_request_with_system_message" time="0.001" /><testcase classname="unit.core.test_wenxin_plugin_comprehensive.TestWenxinPluginRequestPreparation" name="test_prepare_wenxin_request_multiple_system_messages" time="0.001" /><testcase classname="unit.core.test_wenxin_plugin_comprehensive.TestWenxinPluginRequestPreparation" name="test_prepare_wenxin_request_only_system_message" time="0.001" /><testcase classname="unit.core.test_wenxin_plugin_comprehensive.TestWenxinPluginRequestPreparation" name="test_prepare_wenxin_request_with_name" time="0.001" /><testcase classname="unit.core.test_wenxin_plugin_comprehensive.TestWenxinPluginRequestPreparation" name="test_prepare_wenxin_request_with_parameters" time="0.001" /><testcase classname="unit.core.test_wenxin_plugin_comprehensive.TestWenxinPluginRequestPreparation" name="test_prepare_wenxin_request_with_response_format_json_schema" time="0.001" /><testcase classname="unit.core.test_wenxin_plugin_comprehensive.TestWenxinPluginRequestPreparation" name="test_prepare_wenxin_request_with_response_format_json_object" time="0.001" /><testcase classname="unit.core.test_wenxin_plugin_comprehensive.TestWenxinPluginRequestPreparation" name="test_prepare_wenxin_request_with_response_format_text" time="0.001" /><testcase classname="unit.core.test_wenxin_plugin_comprehensive.TestWenxinPluginRequestPreparation" name="test_prepare_wenxin_request_with_response_format_unknown_type" time="0.001" /><testcase classname="unit.core.test_wenxin_plugin_comprehensive.TestWenxinPluginRequestPreparation" name="test_prepare_wenxin_request_with_response_format_non_dict" time="0.001" /><testcase classname="unit.core.test_wenxin_plugin_comprehensive.TestWenxinPluginRequestPreparation" name="test_prepare_wenxin_request_empty_content" time="0.001" /><testcase classname="unit.core.test_wenxin_plugin_comprehensive.TestWenxinPluginRequestPreparation" name="test_prepare_wenxin_request_ignore_other_roles" time="0.001" /><testcase classname="unit.core.test_wenxin_plugin_comprehensive.TestWenxinPluginResponseConversion" name="test_convert_to_harbor_response_basic" time="0.001" /><testcase classname="unit.core.test_wenxin_plugin_comprehensive.TestWenxinPluginResponseConversion" name="test_convert_to_harbor_response_with_thinking_content" time="0.001" /><testcase classname="unit.core.test_wenxin_plugin_comprehensive.TestWenxinPluginResponseConversion" name="test_convert_to_harbor_response_missing_usage" time="0.001" /><testcase classname="unit.core.test_wenxin_plugin_comprehensive.TestWenxinPluginResponseConversion" name="test_convert_to_harbor_chunk_basic" time="0.001" /><testcase classname="unit.core.test_wenxin_plugin_comprehensive.TestWenxinPluginResponseConversion" name="test_convert_to_harbor_chunk_with_finish_reason" time="0.001" /><testcase classname="unit.core.test_wenxin_plugin_comprehensive.TestWenxinPluginStreamHandling" name="test_handle_stream_response_basic" time="0.001" /><testcase classname="unit.core.test_wenxin_plugin_comprehensive.TestWenxinPluginStreamHandling" name="test_handle_stream_response_invalid_json" time="0.001" /><testcase classname="unit.core.test_wenxin_plugin_comprehensive.TestWenxinPluginStreamHandling" name="test_handle_stream_response_empty_lines" time="0.001" /><testcase classname="unit.core.test_wenxin_plugin_comprehensive.TestWenxinPluginStreamHandling" name="test_handle_async_stream_response_basic" time="0.003" /><testcase classname="unit.core.test_wenxin_plugin_comprehensive.TestWenxinPluginStreamHandling" name="test_handle_async_stream_response_invalid_json" time="0.002" /><testcase classname="unit.core.test_wenxin_plugin_comprehensive.TestWenxinPluginErrorHandling" name="test_chat_completion_http_error" time="0.002" /><testcase classname="unit.core.test_wenxin_plugin_comprehensive.TestWenxinPluginErrorHandling" name="test_chat_completion_connection_error" time="0.002" /><testcase classname="unit.core.test_wenxin_plugin_comprehensive.TestWenxinPluginErrorHandling" name="test_chat_completion_timeout_error" time="0.002" /><testcase classname="unit.core.test_wenxin_plugin_comprehensive.TestWenxinPluginErrorHandling" name="test_chat_completion_general_exception" time="0.002" /><testcase classname="unit.core.test_wenxin_plugin_comprehensive.TestWenxinPluginErrorHandling" name="test_chat_completion_async_http_error" time="0.004" /><testcase classname="unit.core.test_wenxin_plugin_comprehensive.TestWenxinPluginErrorHandling" name="test_chat_completion_async_connection_error" time="0.003" /><testcase classname="unit.core.test_wenxin_plugin_comprehensive.TestWenxinPluginErrorHandling" name="test_chat_completion_async_timeout_error" time="0.003" /><testcase classname="unit.core.test_wenxin_plugin_comprehensive.TestWenxinPluginErrorHandling" name="test_chat_completion_async_general_exception" time="0.005" /><testcase classname="unit.core.test_wenxin_plugin_comprehensive.TestWenxinPluginCleanup" name="test_close_client" time="0.001" /><testcase classname="unit.core.test_wenxin_plugin_comprehensive.TestWenxinPluginCleanup" name="test_close_client_none" time="0.001" /><testcase classname="unit.core.test_wenxin_plugin_comprehensive.TestWenxinPluginCleanup" name="test_aclose_async_client" time="0.002" /><testcase classname="unit.core.test_wenxin_plugin_comprehensive.TestWenxinPluginCleanup" name="test_aclose_async_client_none" time="0.002" /><testcase classname="unit.core.test_wenxin_plugin_comprehensive.TestWenxinPluginCleanup" name="test_destructor" time="0.001" /><testcase classname="unit.core.test_wenxin_plugin_comprehensive.TestWenxinPluginCleanup" name="test_destructor_with_exception" time="0.001" /><testcase classname="unit.monitoring.test_cost_analysis_complete.TestCostTrend" name="test_cost_trend_creation" time="0.001" /><testcase classname="unit.monitoring.test_cost_analysis_complete.TestBudgetAlert" name="test_budget_alert_creation" time="0.001" /><testcase classname="unit.monitoring.test_cost_analysis_complete.TestCostForecast" name="test_cost_forecast_creation" time="0.001" /><testcase classname="unit.monitoring.test_cost_analysis_complete.TestModelEfficiency" name="test_model_efficiency_creation" time="0.001" /><testcase classname="unit.monitoring.test_cost_analysis_complete.TestCostAnalysisReport" name="test_cost_analysis_report_creation" time="0.001" /><testcase classname="unit.monitoring.test_cost_analysis_complete.TestCostAnalyzer" name="test_cost_analyzer_initialization" time="0.001" /><testcase classname="unit.monitoring.test_cost_analysis_complete.TestCostAnalyzer" name="test_set_budget_limit" time="0.001" /><testcase classname="unit.monitoring.test_cost_analysis_complete.TestCostAnalyzer" name="test_get_budget_limit" time="0.001" /><testcase classname="unit.monitoring.test_cost_analysis_complete.TestCostAnalyzer" name="test_analyze_cost_trends_daily" time="0.002" /><testcase classname="unit.monitoring.test_cost_analysis_complete.TestCostAnalyzer" name="test_analyze_cost_trends_empty_data" time="0.002" /><testcase classname="unit.monitoring.test_cost_analysis_complete.TestCostAnalyzer" name="test_analyze_cost_trends_exception" time="0.002" /><testcase classname="unit.monitoring.test_cost_analysis_complete.TestCostAnalyzer" name="test_check_budget_alerts_no_limits" time="0.001" /><testcase classname="unit.monitoring.test_cost_analysis_complete.TestCostAnalyzer" name="test_check_budget_alerts_warning" time="0.001" /><testcase classname="unit.monitoring.test_cost_analysis_complete.TestCostAnalyzer" name="test_check_budget_alerts_critical" time="0.001" /><testcase classname="unit.monitoring.test_cost_analysis_complete.TestCostAnalyzer" name="test_check_budget_alerts_exception" time="0.001" /><testcase classname="unit.monitoring.test_cost_analysis_complete.TestCostAnalyzer" name="test_forecast_costs_insufficient_data" time="0.001" /><testcase classname="unit.monitoring.test_cost_analysis_complete.TestCostAnalyzer" name="test_forecast_costs_success" time="0.002" /><testcase classname="unit.monitoring.test_cost_analysis_complete.TestCostAnalyzer" name="test_forecast_costs_exception" time="0.003" /><testcase classname="unit.monitoring.test_cost_analysis_complete.TestCostAnalyzer" name="test_analyze_model_efficiency_success" time="0.002" /><testcase classname="unit.monitoring.test_cost_analysis_complete.TestCostAnalyzer" name="test_analyze_model_efficiency_no_requests" time="0.002" /><testcase classname="unit.monitoring.test_cost_analysis_complete.TestCostAnalyzer" name="test_analyze_model_efficiency_exception" time="0.002" /><testcase classname="unit.monitoring.test_cost_analysis_complete.TestCostAnalyzer" name="test_generate_comprehensive_report_success" time="0.003" /><testcase classname="unit.monitoring.test_cost_analysis_complete.TestCostAnalyzer" name="test_generate_comprehensive_report_exception" time="0.002" /><testcase classname="unit.monitoring.test_cost_analysis_complete.TestCostAnalyzer" name="test_export_report_json" time="0.001" /><testcase classname="unit.monitoring.test_cost_analysis_complete.TestCostAnalyzer" name="test_export_report_html" time="0.001" /><testcase classname="unit.monitoring.test_cost_analysis_complete.TestCostAnalyzer" name="test_export_report_unsupported_format" time="0.002" /><testcase classname="unit.monitoring.test_cost_analysis_complete.TestCostAnalyzer" name="test_aggregate_to_weekly" time="0.001" /><testcase classname="unit.monitoring.test_cost_analysis_complete.TestCostAnalyzer" name="test_get_model_costs_in_period" time="0.002" /><testcase classname="unit.monitoring.test_cost_analysis_complete.TestCostAnalyzer" name="test_get_current_period_cost_daily" time="0.001" /><testcase classname="unit.monitoring.test_cost_analysis_complete.TestCostAnalyzer" name="test_get_current_period_cost_weekly" time="0.002" /><testcase classname="unit.monitoring.test_cost_analysis_complete.TestCostAnalyzer" name="test_get_current_period_cost_monthly" time="0.001" /><testcase classname="unit.monitoring.test_cost_analysis_complete.TestCostAnalyzer" name="test_get_current_period_cost_invalid" time="0.001" /><testcase classname="unit.monitoring.test_cost_analysis_complete.TestCostAnalyzer" name="test_generate_budget_recommendations_critical" time="0.001" /><testcase classname="unit.monitoring.test_cost_analysis_complete.TestCostAnalyzer" name="test_generate_budget_recommendations_warning" time="0.001" /><testcase classname="unit.monitoring.test_cost_analysis_complete.TestCostAnalyzer" name="test_analyze_cost_factors_increasing" time="0.001" /><testcase classname="unit.monitoring.test_cost_analysis_complete.TestCostAnalyzer" name="test_analyze_cost_factors_stable" time="0.001" /><testcase classname="unit.monitoring.test_cost_analysis_complete.TestCostAnalyzer" name="test_generate_model_recommendations_low_efficiency" time="0.001" /><testcase classname="unit.monitoring.test_cost_analysis_complete.TestCostAnalyzer" name="test_generate_model_recommendations_high_efficiency" time="0.001" /><testcase classname="unit.monitoring.test_cost_analysis_complete.TestCostAnalyzer" name="test_calculate_growth_rate_insufficient_data" time="0.001" /><testcase classname="unit.monitoring.test_cost_analysis_complete.TestCostAnalyzer" name="test_calculate_growth_rate_positive" time="0.001" /><testcase classname="unit.monitoring.test_cost_analysis_complete.TestCostAnalyzer" name="test_generate_optimization_recommendations_comprehensive" time="0.001" /><testcase classname="unit.monitoring.test_cost_analysis_complete.TestGlobalFunctions" name="test_get_cost_analyzer" time="0.001" /><testcase classname="unit.monitoring.test_cost_analysis_complete.TestGlobalFunctions" name="test_generate_daily_report" time="0.001" /><testcase classname="unit.monitoring.test_cost_analysis_complete.TestGlobalFunctions" name="test_generate_weekly_report" time="0.002" /><testcase classname="unit.monitoring.test_cost_analysis_complete.TestGlobalFunctions" name="test_generate_monthly_report" time="0.002" /><testcase classname="unit.monitoring.test_cost_analysis_complete.TestEdgeCases" name="test_zero_cost_analysis" time="0.001" /><testcase classname="unit.monitoring.test_cost_analysis_complete.TestEdgeCases" name="test_negative_cost_handling" time="0.002" /><testcase classname="unit.monitoring.test_cost_analysis_complete.TestEdgeCases" name="test_unicode_in_recommendations" time="0.001" /><testcase classname="unit.monitoring.test_cost_analysis_complete.TestEdgeCases" name="test_large_numbers_handling" time="0.001" /><testcase classname="unit.monitoring.test_cost_analysis_complete.TestEdgeCases" name="test_empty_model_statistics" time="0.001" /><testcase classname="unit.monitoring.test_cost_analysis_complete.TestEdgeCases" name="test_datetime_serialization" time="0.001" /><testcase classname="unit.monitoring.test_health_check_comprehensive.TestHealthStatus" name="test_health_status_values" time="0.001" /><testcase classname="unit.monitoring.test_health_check_comprehensive.TestHealthStatus" name="test_health_status_comparison" time="0.001" /><testcase classname="unit.monitoring.test_health_check_comprehensive.TestHealthCheckResult" name="test_health_check_result_creation" time="0.001" /><testcase classname="unit.monitoring.test_health_check_comprehensive.TestHealthCheckResult" name="test_health_check_result_with_details" time="0.001" /><testcase classname="unit.monitoring.test_health_check_comprehensive.TestHealthCheckResult" name="test_health_check_result_to_dict" time="0.001" /><testcase classname="unit.monitoring.test_health_check_comprehensive.TestHealthCheckResult" name="test_health_check_result_to_dict_no_details" time="0.001" /><testcase classname="unit.monitoring.test_health_check_comprehensive.TestSystemHealthReport" name="test_system_health_report_creation" time="0.001" /><testcase classname="unit.monitoring.test_health_check_comprehensive.TestSystemHealthReport" name="test_system_health_report_to_dict" time="0.001" /><testcase classname="unit.monitoring.test_health_check_comprehensive.TestHealthChecker" name="test_health_checker_initialization" time="0.001" /><testcase classname="unit.monitoring.test_health_check_comprehensive.TestHealthChecker" name="test_register_sync_check" time="0.001" /><testcase classname="unit.monitoring.test_health_check_comprehensive.TestHealthChecker" name="test_register_async_check" time="0.001" /><testcase classname="unit.monitoring.test_health_check_comprehensive.TestHealthChecker" name="test_unregister_check" time="0.003" /><testcase classname="unit.monitoring.test_health_check_comprehensive.TestHealthChecker" name="test_run_single_check_success_bool" time="0.002" /><testcase classname="unit.monitoring.test_health_check_comprehensive.TestHealthChecker" name="test_run_single_check_failure_bool" time="0.003" /><testcase classname="unit.monitoring.test_health_check_comprehensive.TestHealthChecker" name="test_run_single_check_dict_result" time="0.001" /><testcase classname="unit.monitoring.test_health_check_comprehensive.TestHealthChecker" name="test_run_single_check_string_result" time="0.001" /><testcase classname="unit.monitoring.test_health_check_comprehensive.TestHealthChecker" name="test_run_single_check_exception" time="0.001" /><testcase classname="unit.monitoring.test_health_check_comprehensive.TestHealthChecker" name="test_run_single_async_check_success" time="0.025" /><testcase classname="unit.monitoring.test_health_check_comprehensive.TestHealthChecker" name="test_run_single_async_check_exception" time="0.002" /><testcase classname="unit.monitoring.test_health_check_comprehensive.TestHealthChecker" name="test_run_checks_all" time="0.002" /><testcase classname="unit.monitoring.test_health_check_comprehensive.TestHealthChecker" name="test_run_checks_specific" time="0.001" /><testcase classname="unit.monitoring.test_health_check_comprehensive.TestHealthChecker" name="test_run_checks_empty" time="0.001" /><testcase classname="unit.monitoring.test_health_check_comprehensive.TestHealthChecker" name="test_run_async_checks_all" time="0.021" /><testcase classname="unit.monitoring.test_health_check_comprehensive.TestHealthChecker" name="test_run_async_checks_specific" time="0.002" /><testcase classname="unit.monitoring.test_health_check_comprehensive.TestHealthChecker" name="test_run_async_checks_with_exception" time="0.003" /><testcase classname="unit.monitoring.test_health_check_comprehensive.TestHealthChecker" name="test_calculate_overall_status_empty" time="0.001" /><testcase classname="unit.monitoring.test_health_check_comprehensive.TestHealthChecker" name="test_calculate_overall_status_all_healthy" time="0.001" /><testcase classname="unit.monitoring.test_health_check_comprehensive.TestHealthChecker" name="test_calculate_overall_status_with_degraded" time="0.001" /><testcase classname="unit.monitoring.test_health_check_comprehensive.TestHealthChecker" name="test_calculate_overall_status_with_unhealthy" time="0.001" /><testcase classname="unit.monitoring.test_health_check_comprehensive.TestHealthChecker" name="test_calculate_overall_status_with_unknown" time="0.001" /><testcase classname="unit.monitoring.test_health_check_comprehensive.TestHealthChecker" name="test_get_check_names" time="0.001" /><testcase classname="unit.monitoring.test_health_check_comprehensive.TestHealthChecker" name="test_get_check_names_empty" time="0.001" /><testcase classname="unit.monitoring.test_health_check_comprehensive.TestBasicSystemCheck" name="test_basic_system_check_healthy" time="0.002" /><testcase classname="unit.monitoring.test_health_check_comprehensive.TestBasicSystemCheck" name="test_basic_system_check_degraded" time="0.002" /><testcase classname="unit.monitoring.test_health_check_comprehensive.TestBasicSystemCheck" name="test_basic_system_check_unhealthy" time="0.002" /><testcase classname="unit.monitoring.test_health_check_comprehensive.TestBasicSystemCheck" name="test_basic_system_check_exception" time="0.002" /><testcase classname="unit.monitoring.test_health_check_comprehensive.TestDatabaseConnectionCheck" name="test_database_connection_check_healthy" time="0.001" /><testcase classname="unit.monitoring.test_health_check_comprehensive.TestDatabaseConnectionCheck" name="test_database_connection_check_degraded" time="0.001" /><testcase classname="unit.monitoring.test_health_check_comprehensive.TestDatabaseConnectionCheck" name="test_database_connection_check_exception" time="0.001" /><testcase classname="unit.monitoring.test_health_check_comprehensive.TestGlobalHealthChecker" name="test_get_health_checker_singleton" time="0.001" /><testcase classname="unit.monitoring.test_health_check_comprehensive.TestGlobalHealthChecker" name="test_get_health_checker_default_checks" time="0.001" /><testcase classname="unit.monitoring.test_health_check_comprehensive.TestEdgeCases" name="test_health_check_result_unicode_message" time="0.001" /><testcase classname="unit.monitoring.test_health_check_comprehensive.TestEdgeCases" name="test_health_checker_large_number_of_checks" time="0.014" /><testcase classname="unit.monitoring.test_health_check_comprehensive.TestEdgeCases" name="test_health_checker_zero_duration" time="0.001" /><testcase classname="unit.monitoring.test_health_check_comprehensive.TestEdgeCases" name="test_async_checks_concurrent_execution" time="0.115" /><testcase classname="unit.monitoring.test_opentelemetry_tracer.TestOpenTelemetryTracer" name="test_init_without_opentelemetry" time="0.002" /><testcase classname="unit.monitoring.test_opentelemetry_tracer.TestOpenTelemetryTracer" name="test_init_with_opentelemetry" time="0.001"><skipped type="pytest.skip" message="OpenTelemetry not available">E:\project\harborai\tests\unit\monitoring\test_opentelemetry_tracer.py:39: OpenTelemetry not available</skipped></testcase><testcase classname="unit.monitoring.test_opentelemetry_tracer.TestOpenTelemetryTracer" name="test_init_with_jaeger_endpoint" time="0.000"><skipped type="pytest.skip" message="OpenTelemetry not available">E:\project\harborai\tests\unit\monitoring\test_opentelemetry_tracer.py:52: OpenTelemetry not available</skipped></testcase><testcase classname="unit.monitoring.test_opentelemetry_tracer.TestOpenTelemetryTracer" name="test_init_with_otlp_endpoint" time="0.000"><skipped type="pytest.skip" message="OpenTelemetry not available">E:\project\harborai\tests\unit\monitoring\test_opentelemetry_tracer.py:64: OpenTelemetry not available</skipped></testcase><testcase classname="unit.monitoring.test_opentelemetry_tracer.TestOpenTelemetryTracer" name="test_init_with_exporter_error" time="0.000"><skipped type="pytest.skip" message="OpenTelemetry not available">E:\project\harborai\tests\unit\monitoring\test_opentelemetry_tracer.py:76: OpenTelemetry not available</skipped></testcase><testcase classname="unit.monitoring.test_opentelemetry_tracer.TestOpenTelemetryTracer" name="test_start_span_disabled" time="0.001" /><testcase classname="unit.monitoring.test_opentelemetry_tracer.TestOpenTelemetryTracer" name="test_start_span_enabled" time="0.000"><skipped type="pytest.skip" message="OpenTelemetry not available">E:\project\harborai\tests\unit\monitoring\test_opentelemetry_tracer.py:94: OpenTelemetry not available</skipped></testcase><testcase classname="unit.monitoring.test_opentelemetry_tracer.TestOpenTelemetryTracer" name="test_start_span_with_exception" time="0.000"><skipped type="pytest.skip" message="OpenTelemetry not available">E:\project\harborai\tests\unit\monitoring\test_opentelemetry_tracer.py:108: OpenTelemetry not available</skipped></testcase><testcase classname="unit.monitoring.test_opentelemetry_tracer.TestOpenTelemetryTracer" name="test_trace_api_call_disabled" time="0.001" /><testcase classname="unit.monitoring.test_opentelemetry_tracer.TestOpenTelemetryTracer" name="test_trace_api_call_enabled" time="0.000"><skipped type="pytest.skip" message="OpenTelemetry not available">E:\project\harborai\tests\unit\monitoring\test_opentelemetry_tracer.py:135: OpenTelemetry not available</skipped></testcase><testcase classname="unit.monitoring.test_opentelemetry_tracer.TestOpenTelemetryTracer" name="test_trace_token_usage" time="0.000"><skipped type="pytest.skip" message="OpenTelemetry not available">E:\project\harborai\tests\unit\monitoring\test_opentelemetry_tracer.py:155: OpenTelemetry not available</skipped></testcase><testcase classname="unit.monitoring.test_opentelemetry_tracer.TestOpenTelemetryTracer" name="test_trace_cost" time="0.000"><skipped type="pytest.skip" message="OpenTelemetry not available">E:\project\harborai\tests\unit\monitoring\test_opentelemetry_tracer.py:168: OpenTelemetry not available</skipped></testcase><testcase classname="unit.monitoring.test_opentelemetry_tracer.TestOpenTelemetryTracer" name="test_trace_performance" time="0.000"><skipped type="pytest.skip" message="OpenTelemetry not available">E:\project\harborai\tests\unit\monitoring\test_opentelemetry_tracer.py:180: OpenTelemetry not available</skipped></testcase><testcase classname="unit.monitoring.test_opentelemetry_tracer.TestOpenTelemetryTracer" name="test_trace_performance_minimal" time="0.000"><skipped type="pytest.skip" message="OpenTelemetry not available">E:\project\harborai\tests\unit\monitoring\test_opentelemetry_tracer.py:193: OpenTelemetry not available</skipped></testcase><testcase classname="unit.monitoring.test_opentelemetry_tracer.TestOpenTelemetryTracer" name="test_add_event" time="0.000"><skipped type="pytest.skip" message="OpenTelemetry not available">E:\project\harborai\tests\unit\monitoring\test_opentelemetry_tracer.py:204: OpenTelemetry not available</skipped></testcase><testcase classname="unit.monitoring.test_opentelemetry_tracer.TestOpenTelemetryTracer" name="test_add_event_no_attributes" time="0.000"><skipped type="pytest.skip" message="OpenTelemetry not available">E:\project\harborai\tests\unit\monitoring\test_opentelemetry_tracer.py:215: OpenTelemetry not available</skipped></testcase><testcase classname="unit.monitoring.test_opentelemetry_tracer.TestOpenTelemetryTracer" name="test_inject_context" time="0.000"><skipped type="pytest.skip" message="OpenTelemetry not available">E:\project\harborai\tests\unit\monitoring\test_opentelemetry_tracer.py:226: OpenTelemetry not available</skipped></testcase><testcase classname="unit.monitoring.test_opentelemetry_tracer.TestOpenTelemetryTracer" name="test_inject_context_disabled" time="0.002" /><testcase classname="unit.monitoring.test_opentelemetry_tracer.TestOpenTelemetryTracer" name="test_extract_context" time="0.000"><skipped type="pytest.skip" message="OpenTelemetry not available">E:\project\harborai\tests\unit\monitoring\test_opentelemetry_tracer.py:247: OpenTelemetry not available</skipped></testcase><testcase classname="unit.monitoring.test_opentelemetry_tracer.TestOpenTelemetryTracer" name="test_extract_context_disabled" time="0.002" /><testcase classname="unit.monitoring.test_opentelemetry_tracer.TestOpenTelemetryTracer" name="test_shutdown" time="0.000"><skipped type="pytest.skip" message="OpenTelemetry not available">E:\project\harborai\tests\unit\monitoring\test_opentelemetry_tracer.py:269: OpenTelemetry not available</skipped></testcase><testcase classname="unit.monitoring.test_opentelemetry_tracer.TestGlobalFunctions" name="test_get_otel_tracer_none" time="0.001" /><testcase classname="unit.monitoring.test_opentelemetry_tracer.TestGlobalFunctions" name="test_init_otel_tracer" time="0.001" /><testcase classname="unit.monitoring.test_opentelemetry_tracer.TestOtelTraceDecorator" name="test_decorator_no_tracer" time="0.001" /><testcase classname="unit.monitoring.test_opentelemetry_tracer.TestOtelTraceDecorator" name="test_decorator_disabled_tracer" time="0.001" /><testcase classname="unit.monitoring.test_opentelemetry_tracer.TestOtelTraceDecorator" name="test_decorator_enabled_tracer" time="0.000"><skipped type="pytest.skip" message="OpenTelemetry not available">E:\project\harborai\tests\unit\monitoring\test_opentelemetry_tracer.py:341: OpenTelemetry not available</skipped></testcase><testcase classname="unit.monitoring.test_opentelemetry_tracer.TestOtelTraceDecorator" name="test_decorator_with_exception" time="0.000"><skipped type="pytest.skip" message="OpenTelemetry not available">E:\project\harborai\tests\unit\monitoring\test_opentelemetry_tracer.py:363: OpenTelemetry not available</skipped></testcase><testcase classname="unit.monitoring.test_opentelemetry_tracer.TestOtelTraceDecorator" name="test_decorator_with_usage_result" time="0.000"><skipped type="pytest.skip" message="OpenTelemetry not available">E:\project\harborai\tests\unit\monitoring\test_opentelemetry_tracer.py:382: OpenTelemetry not available</skipped></testcase><testcase classname="unit.monitoring.test_opentelemetry_tracer.TestOtelTraceAsyncDecorator" name="test_async_decorator_no_tracer" time="0.004" /><testcase classname="unit.monitoring.test_opentelemetry_tracer.TestOtelTraceAsyncDecorator" name="test_async_decorator_disabled_tracer" time="0.003" /><testcase classname="unit.monitoring.test_opentelemetry_tracer.TestOtelTraceAsyncDecorator" name="test_async_decorator_enabled_tracer" time="0.000"><skipped type="pytest.skip" message="OpenTelemetry not available">E:\project\harborai\tests\unit\monitoring\test_opentelemetry_tracer.py:452: OpenTelemetry not available</skipped></testcase><testcase classname="unit.monitoring.test_opentelemetry_tracer.TestEdgeCases" name="test_none_span_operations" time="0.001" /><testcase classname="unit.monitoring.test_opentelemetry_tracer.TestEdgeCases" name="test_invalid_parameters" time="0.001" /><testcase classname="unit.monitoring.test_opentelemetry_tracer.TestEdgeCases" name="test_shutdown_without_tracer_provider" time="0.000"><skipped type="pytest.skip" message="OpenTelemetry not available">E:\project\harborai\tests\unit\monitoring\test_opentelemetry_tracer.py:512: OpenTelemetry not available</skipped></testcase><testcase classname="unit.monitoring.test_opentelemetry_tracer.TestEdgeCases" name="test_unicode_and_special_characters" time="0.001" /><testcase classname="unit.monitoring.test_prometheus_metrics.TestPrometheusMetrics" name="test_initialization_default_registry" time="0.002" /><testcase classname="unit.monitoring.test_prometheus_metrics.TestPrometheusMetrics" name="test_initialization_custom_registry" time="0.002" /><testcase classname="unit.monitoring.test_prometheus_metrics.TestPrometheusMetrics" name="test_record_api_request_success" time="0.002" /><testcase classname="unit.monitoring.test_prometheus_metrics.TestPrometheusMetrics" name="test_record_api_request_error" time="0.002" /><testcase classname="unit.monitoring.test_prometheus_metrics.TestPrometheusMetrics" name="test_record_api_request_error_without_type" time="0.001" /><testcase classname="unit.monitoring.test_prometheus_metrics.TestPrometheusMetrics" name="test_record_token_usage" time="0.002" /><testcase classname="unit.monitoring.test_prometheus_metrics.TestPrometheusMetrics" name="test_record_cost" time="0.002" /><testcase classname="unit.monitoring.test_prometheus_metrics.TestPrometheusMetrics" name="test_record_retry" time="0.001" /><testcase classname="unit.monitoring.test_prometheus_metrics.TestPrometheusMetrics" name="test_record_cache_hit" time="0.001" /><testcase classname="unit.monitoring.test_prometheus_metrics.TestPrometheusMetrics" name="test_record_cache_miss" time="0.001" /><testcase classname="unit.monitoring.test_prometheus_metrics.TestPrometheusMetrics" name="test_set_active_connections" time="0.001" /><testcase classname="unit.monitoring.test_prometheus_metrics.TestPrometheusMetrics" name="test_set_system_info" time="0.001" /><testcase classname="unit.monitoring.test_prometheus_metrics.TestPrometheusMetrics" name="test_get_metrics_format" time="0.002" /><testcase classname="unit.monitoring.test_prometheus_metrics.TestPrometheusMetrics" name="test_get_content_type" time="0.002" /><testcase classname="unit.monitoring.test_prometheus_metrics.TestPrometheusMetrics" name="test_multiple_metrics_recording" time="0.002" /><testcase classname="unit.monitoring.test_prometheus_metrics.TestGlobalMetricsManagement" name="test_get_prometheus_metrics_none" time="0.001" /><testcase classname="unit.monitoring.test_prometheus_metrics.TestGlobalMetricsManagement" name="test_init_prometheus_metrics_default" time="0.001" /><testcase classname="unit.monitoring.test_prometheus_metrics.TestGlobalMetricsManagement" name="test_init_prometheus_metrics_custom_registry" time="0.001" /><testcase classname="unit.monitoring.test_prometheus_metrics.TestGlobalMetricsManagement" name="test_init_prometheus_metrics_overwrite" time="0.002" /><testcase classname="unit.monitoring.test_prometheus_metrics.TestPrometheusMiddleware" name="test_prometheus_middleware_enabled" time="0.004" /><testcase classname="unit.monitoring.test_prometheus_metrics.TestPrometheusMiddleware" name="test_prometheus_middleware_disabled" time="0.002" /><testcase classname="unit.monitoring.test_prometheus_metrics.TestPrometheusMiddleware" name="test_prometheus_middleware_no_metrics_instance" time="0.001" /><testcase classname="unit.monitoring.test_prometheus_metrics.TestPrometheusMiddleware" name="test_prometheus_middleware_harbor_ai_error" time="0.002" /><testcase classname="unit.monitoring.test_prometheus_metrics.TestPrometheusMiddleware" name="test_prometheus_middleware_unexpected_error" time="0.002" /><testcase classname="unit.monitoring.test_prometheus_metrics.TestPrometheusMiddleware" name="test_prometheus_middleware_no_usage" time="0.002" /><testcase classname="unit.monitoring.test_prometheus_metrics.TestPrometheusMiddleware" name="test_prometheus_middleware_cost_calculation_none" time="0.004" /><testcase classname="unit.monitoring.test_prometheus_metrics.TestPrometheusAsyncMiddleware" name="test_prometheus_async_middleware_enabled" time="0.027" /><testcase classname="unit.monitoring.test_prometheus_metrics.TestPrometheusAsyncMiddleware" name="test_prometheus_async_middleware_disabled" time="0.003" /><testcase classname="unit.monitoring.test_prometheus_metrics.TestPrometheusAsyncMiddleware" name="test_prometheus_async_middleware_error" time="0.003" /><testcase classname="unit.monitoring.test_prometheus_metrics.TestMetricsIntegration" name="test_comprehensive_metrics_workflow" time="0.002" /><testcase classname="unit.monitoring.test_prometheus_metrics.TestMetricsIntegration" name="test_metrics_persistence_across_calls" time="0.003" /><testcase classname="unit.monitoring.test_prometheus_metrics.TestMetricsIntegration" name="test_metrics_content_type_consistency" time="0.001" /><testcase classname="unit.monitoring.test_statistics_api.TestTokenStatisticsAPI" name="test_init_without_app" time="0.008" /><testcase classname="unit.monitoring.test_statistics_api.TestTokenStatisticsAPI" name="test_init_with_app" time="0.012" /><testcase classname="unit.monitoring.test_statistics_api.TestTokenStatisticsAPI" name="test_init_app" time="0.013" /><testcase classname="unit.monitoring.test_statistics_api.TestTokenStatisticsAPI" name="test_get_summary_stats_success" time="0.007" /><testcase classname="unit.monitoring.test_statistics_api.TestTokenStatisticsAPI" name="test_get_summary_stats_error" time="0.008" /><testcase classname="unit.monitoring.test_statistics_api.TestTokenStatisticsAPI" name="test_get_model_stats_success" time="0.008" /><testcase classname="unit.monitoring.test_statistics_api.TestTokenStatisticsAPI" name="test_get_model_stats_with_none_last_used" time="0.008" /><testcase classname="unit.monitoring.test_statistics_api.TestTokenStatisticsAPI" name="test_get_model_stats_error" time="0.007" /><testcase classname="unit.monitoring.test_statistics_api.TestTokenStatisticsAPI" name="test_get_model_detail_success" time="0.008" /><testcase classname="unit.monitoring.test_statistics_api.TestTokenStatisticsAPI" name="test_get_model_detail_not_found" time="0.008" /><testcase classname="unit.monitoring.test_statistics_api.TestTokenStatisticsAPI" name="test_get_model_detail_error" time="0.008" /><testcase classname="unit.monitoring.test_statistics_api.TestTokenStatisticsAPI" name="test_get_time_window_stats_success" time="0.009" /><testcase classname="unit.monitoring.test_statistics_api.TestTokenStatisticsAPI" name="test_get_time_window_stats_default_params" time="0.008" /><testcase classname="unit.monitoring.test_statistics_api.TestTokenStatisticsAPI" name="test_get_time_window_stats_invalid_window_type" time="0.009" /><testcase classname="unit.monitoring.test_statistics_api.TestTokenStatisticsAPI" name="test_get_time_window_stats_invalid_count" time="0.007" /><testcase classname="unit.monitoring.test_statistics_api.TestTokenStatisticsAPI" name="test_get_time_window_stats_value_error" time="0.008" /><testcase classname="unit.monitoring.test_statistics_api.TestTokenStatisticsAPI" name="test_get_time_window_stats_error" time="0.007" /><testcase classname="unit.monitoring.test_statistics_api.TestTokenStatisticsAPI" name="test_get_recent_records_success" time="0.008" /><testcase classname="unit.monitoring.test_statistics_api.TestTokenStatisticsAPI" name="test_get_recent_records_with_none_cost" time="0.007" /><testcase classname="unit.monitoring.test_statistics_api.TestTokenStatisticsAPI" name="test_get_recent_records_default_count" time="0.009" /><testcase classname="unit.monitoring.test_statistics_api.TestTokenStatisticsAPI" name="test_get_recent_records_invalid_count" time="0.008" /><testcase classname="unit.monitoring.test_statistics_api.TestTokenStatisticsAPI" name="test_get_recent_records_value_error" time="0.008" /><testcase classname="unit.monitoring.test_statistics_api.TestTokenStatisticsAPI" name="test_get_recent_records_error" time="0.008" /><testcase classname="unit.monitoring.test_statistics_api.TestTokenStatisticsAPI" name="test_export_statistics_json" time="0.008" /><testcase classname="unit.monitoring.test_statistics_api.TestTokenStatisticsAPI" name="test_export_statistics_csv" time="0.007" /><testcase classname="unit.monitoring.test_statistics_api.TestTokenStatisticsAPI" name="test_export_statistics_default_format" time="0.008" /><testcase classname="unit.monitoring.test_statistics_api.TestTokenStatisticsAPI" name="test_export_statistics_invalid_format" time="0.007" /><testcase classname="unit.monitoring.test_statistics_api.TestTokenStatisticsAPI" name="test_export_statistics_error" time="0.008" /><testcase classname="unit.monitoring.test_statistics_api.TestTokenStatisticsAPI" name="test_health_check_healthy" time="0.009" /><testcase classname="unit.monitoring.test_statistics_api.TestTokenStatisticsAPI" name="test_health_check_unhealthy" time="0.007" /><testcase classname="unit.monitoring.test_statistics_api.TestTokenStatisticsAPI" name="test_cleanup_old_records_success" time="0.008" /><testcase classname="unit.monitoring.test_statistics_api.TestTokenStatisticsAPI" name="test_cleanup_old_records_default_days" time="0.007" /><testcase classname="unit.monitoring.test_statistics_api.TestTokenStatisticsAPI" name="test_cleanup_old_records_no_json" time="0.009" /><testcase classname="unit.monitoring.test_statistics_api.TestTokenStatisticsAPI" name="test_cleanup_old_records_invalid_days" time="0.008" /><testcase classname="unit.monitoring.test_statistics_api.TestTokenStatisticsAPI" name="test_cleanup_old_records_error" time="0.009" /><testcase classname="unit.monitoring.test_statistics_api.TestGlobalFunctions" name="test_token_statistics_api_instance" time="0.001" /><testcase classname="unit.monitoring.test_statistics_api.TestGlobalFunctions" name="test_create_statistics_app" time="0.007" /><testcase classname="unit.monitoring.test_statistics_api.TestGlobalFunctions" name="test_create_statistics_app_cors" time="0.008" /><testcase classname="unit.monitoring.test_statistics_api.TestEdgeCases" name="test_unicode_handling" time="0.007" /><testcase classname="unit.monitoring.test_statistics_api.TestEdgeCases" name="test_large_numbers" time="0.008" /><testcase classname="unit.monitoring.test_statistics_api.TestEdgeCases" name="test_empty_data_handling" time="0.010" /><testcase classname="unit.monitoring.test_statistics_api.TestEdgeCases" name="test_concurrent_requests" time="0.017" /><testcase classname="unit.monitoring.test_statistics_api.TestEdgeCases" name="test_malformed_json_request" time="0.007" /><testcase classname="unit.monitoring.test_statistics_api.TestEdgeCases" name="test_missing_content_type" time="0.009" /><testcase classname="unit.monitoring.test_token_statistics.TestTokenUsageRecord" name="test_token_usage_record_creation" time="0.001" /><testcase classname="unit.monitoring.test_token_statistics.TestTokenUsageRecord" name="test_token_usage_record_with_error" time="0.001" /><testcase classname="unit.monitoring.test_token_statistics.TestModelStatistics" name="test_model_statistics_creation" time="0.001" /><testcase classname="unit.monitoring.test_token_statistics.TestModelStatistics" name="test_update_stats_success" time="0.001" /><testcase classname="unit.monitoring.test_token_statistics.TestModelStatistics" name="test_update_stats_failure" time="0.001" /><testcase classname="unit.monitoring.test_token_statistics.TestModelStatistics" name="test_update_stats_multiple_records" time="0.001" /><testcase classname="unit.monitoring.test_token_statistics.TestTimeWindowStats" name="test_time_window_stats_creation" time="0.001" /><testcase classname="unit.monitoring.test_token_statistics.TestTimeWindowStats" name="test_add_record_success" time="0.001" /><testcase classname="unit.monitoring.test_token_statistics.TestTimeWindowStats" name="test_add_record_failure" time="0.001" /><testcase classname="unit.monitoring.test_token_statistics.TestTimeWindowStats" name="test_add_multiple_records" time="0.001" /><testcase classname="unit.monitoring.test_token_statistics.TestTokenStatisticsCollector" name="test_collector_initialization" time="0.001" /><testcase classname="unit.monitoring.test_token_statistics.TestTokenStatisticsCollector" name="test_record_usage_success" time="0.001" /><testcase classname="unit.monitoring.test_token_statistics.TestTokenStatisticsCollector" name="test_record_usage_failure" time="0.001" /><testcase classname="unit.monitoring.test_token_statistics.TestTokenStatisticsCollector" name="test_record_usage_multiple" time="0.001" /><testcase classname="unit.monitoring.test_token_statistics.TestTokenStatisticsCollector" name="test_get_model_statistics_all" time="0.001" /><testcase classname="unit.monitoring.test_token_statistics.TestTokenStatisticsCollector" name="test_get_model_statistics_specific" time="0.001" /><testcase classname="unit.monitoring.test_token_statistics.TestTokenStatisticsCollector" name="test_get_time_window_stats_hour" time="0.002" /><testcase classname="unit.monitoring.test_token_statistics.TestTokenStatisticsCollector" name="test_get_time_window_stats_day" time="0.001" /><testcase classname="unit.monitoring.test_token_statistics.TestTokenStatisticsCollector" name="test_get_time_window_stats_invalid_type" time="0.001" /><testcase classname="unit.monitoring.test_token_statistics.TestTokenStatisticsCollector" name="test_get_recent_records" time="0.002" /><testcase classname="unit.monitoring.test_token_statistics.TestTokenStatisticsCollector" name="test_get_summary_stats" time="0.001" /><testcase classname="unit.monitoring.test_token_statistics.TestTokenStatisticsCollector" name="test_get_summary_stats_empty" time="0.001" /><testcase classname="unit.monitoring.test_token_statistics.TestTokenStatisticsCollector" name="test_export_statistics_json" time="0.001" /><testcase classname="unit.monitoring.test_token_statistics.TestTokenStatisticsCollector" name="test_export_statistics_csv" time="0.001" /><testcase classname="unit.monitoring.test_token_statistics.TestTokenStatisticsCollector" name="test_export_statistics_invalid_format" time="0.001" /><testcase classname="unit.monitoring.test_token_statistics.TestTokenStatisticsCollector" name="test_clear_old_records" time="0.002" /><testcase classname="unit.monitoring.test_token_statistics.TestTokenStatisticsCollector" name="test_thread_safety" time="0.007" /><testcase classname="unit.monitoring.test_token_statistics.TestGlobalFunctions" name="test_get_token_statistics_collector_singleton" time="0.001" /><testcase classname="unit.monitoring.test_token_statistics.TestGlobalFunctions" name="test_record_token_usage_convenience_function" time="0.001" /><testcase classname="unit.monitoring.test_token_statistics.TestEdgeCases" name="test_max_records_limit" time="0.002" /><testcase classname="unit.monitoring.test_token_statistics.TestEdgeCases" name="test_zero_cost_handling" time="0.001" /><testcase classname="unit.monitoring.test_token_statistics.TestEdgeCases" name="test_negative_tokens_handling" time="0.002" /><testcase classname="unit.monitoring.test_token_statistics.TestEdgeCases" name="test_unicode_handling" time="0.001" /><testcase classname="unit.monitoring.test_token_statistics.TestEdgeCases" name="test_large_numbers" time="0.001" /><testcase classname="unit.monitoring.test_token_statistics.TestEdgeCases" name="test_empty_model_name" time="0.001" /><testcase classname="unit.monitoring.test_token_statistics.TestEdgeCases" name="test_datetime_serialization" time="0.001" /><testcase classname="unit.security.test_access_control.TestUser" name="test_user_creation_with_defaults" time="0.001" /><testcase classname="unit.security.test_access_control.TestUser" name="test_user_creation_with_custom_values" time="0.001" /><testcase classname="unit.security.test_access_control.TestUser" name="test_user_permissions_modification" time="0.001" /><testcase classname="unit.security.test_access_control.TestAccessControlManagerInitialization" name="test_manager_initialization" time="0.001" /><testcase classname="unit.security.test_access_control.TestAccessControlManagerInitialization" name="test_default_users_creation" time="0.001" /><testcase classname="unit.security.test_access_control.TestUserAuthentication" name="test_successful_authentication" time="0.001" /><testcase classname="unit.security.test_access_control.TestUserAuthentication" name="test_authentication_with_invalid_username" time="0.001" /><testcase classname="unit.security.test_access_control.TestUserAuthentication" name="test_authentication_with_invalid_password" time="0.001" /><testcase classname="unit.security.test_access_control.TestUserAuthentication" name="test_authentication_with_inactive_user" time="0.001" /><testcase classname="unit.security.test_access_control.TestUserAuthentication" name="test_authentication_lockout_after_max_failures" time="0.001" /><testcase classname="unit.security.test_access_control.TestUserAuthentication" name="test_failed_login_attempts_reset_on_success" time="0.001" /><testcase classname="unit.security.test_access_control.TestSessionManagement" name="test_create_session_for_valid_user" time="0.001" /><testcase classname="unit.security.test_access_control.TestSessionManagement" name="test_create_session_for_invalid_user" time="0.001" /><testcase classname="unit.security.test_access_control.TestSessionManagement" name="test_create_session_for_inactive_user" time="0.001" /><testcase classname="unit.security.test_access_control.TestSessionManagement" name="test_session_id_generation" time="0.002" /><testcase classname="unit.security.test_access_control.TestSessionManagement" name="test_validate_valid_session" time="0.001" /><testcase classname="unit.security.test_access_control.TestSessionManagement" name="test_validate_invalid_session" time="0.001" /><testcase classname="unit.security.test_access_control.TestSessionManagement" name="test_validate_expired_session" time="0.001" /><testcase classname="unit.security.test_access_control.TestSessionManagement" name="test_get_user_from_valid_session" time="0.001" /><testcase classname="unit.security.test_access_control.TestSessionManagement" name="test_get_user_from_invalid_session" time="0.001" /><testcase classname="unit.security.test_access_control.TestSessionManagement" name="test_get_user_from_expired_session" time="0.001" /><testcase classname="unit.security.test_access_control.TestPermissionManagement" name="test_check_permission_for_valid_user_with_permission" time="0.001" /><testcase classname="unit.security.test_access_control.TestPermissionManagement" name="test_check_permission_for_valid_user_without_permission" time="0.001" /><testcase classname="unit.security.test_access_control.TestPermissionManagement" name="test_check_permission_for_invalid_user" time="0.001" /><testcase classname="unit.security.test_access_control.TestPermissionManagement" name="test_check_permission_for_inactive_user" time="0.001" /><testcase classname="unit.security.test_access_control.TestPermissionManagement" name="test_grant_permission_to_valid_user" time="0.001" /><testcase classname="unit.security.test_access_control.TestPermissionManagement" name="test_grant_permission_to_invalid_user" time="0.001" /><testcase classname="unit.security.test_access_control.TestPermissionManagement" name="test_grant_duplicate_permission" time="0.001" /><testcase classname="unit.security.test_access_control.TestPermissionManagement" name="test_revoke_permission_from_valid_user" time="0.001" /><testcase classname="unit.security.test_access_control.TestPermissionManagement" name="test_revoke_permission_from_invalid_user" time="0.001" /><testcase classname="unit.security.test_access_control.TestPermissionManagement" name="test_revoke_nonexistent_permission" time="0.001" /><testcase classname="unit.security.test_access_control.TestPermissionTypes" name="test_permission_type_values" time="0.001" /><testcase classname="unit.security.test_access_control.TestPermissionTypes" name="test_permission_type_comparison" time="0.001" /><testcase classname="unit.security.test_access_control.TestSecurityBoundaryConditions" name="test_empty_username_authentication" time="0.001" /><testcase classname="unit.security.test_access_control.TestSecurityBoundaryConditions" name="test_empty_password_authentication" time="0.001" /><testcase classname="unit.security.test_access_control.TestSecurityBoundaryConditions" name="test_none_username_authentication" time="0.001" /><testcase classname="unit.security.test_access_control.TestSecurityBoundaryConditions" name="test_none_password_authentication" time="0.001" /><testcase classname="unit.security.test_access_control.TestSecurityBoundaryConditions" name="test_session_timeout_boundary" time="0.001" /><testcase classname="unit.security.test_access_control.TestSecurityBoundaryConditions" name="test_max_failed_attempts_boundary" time="0.001" /><testcase classname="unit.security.test_access_control.TestUserLockingAndUnlocking" name="test_is_user_locked_for_valid_unlocked_user" time="0.001" /><testcase classname="unit.security.test_access_control.TestUserLockingAndUnlocking" name="test_is_user_locked_for_locked_user" time="0.001" /><testcase classname="unit.security.test_access_control.TestUserLockingAndUnlocking" name="test_is_user_locked_for_invalid_user" time="0.001" /><testcase classname="unit.security.test_access_control.TestUserLockingAndUnlocking" name="test_unlock_valid_locked_user" time="0.001" /><testcase classname="unit.security.test_access_control.TestUserLockingAndUnlocking" name="test_unlock_invalid_user" time="0.001" /><testcase classname="unit.security.test_access_control.TestUserLockingAndUnlocking" name="test_unlock_already_unlocked_user" time="0.001" /><testcase classname="unit.security.test_access_control.TestSessionLogout" name="test_logout_valid_session" time="0.001" /><testcase classname="unit.security.test_access_control.TestSessionLogout" name="test_logout_invalid_session" time="0.001" /><testcase classname="unit.security.test_access_control.TestSessionLogout" name="test_logout_already_logged_out_session" time="0.001" /><testcase classname="unit.security.test_access_control.TestActiveSessionsManagement" name="test_get_active_sessions_empty" time="0.001" /><testcase classname="unit.security.test_access_control.TestActiveSessionsManagement" name="test_get_active_sessions_with_valid_sessions" time="0.001" /><testcase classname="unit.security.test_access_control.TestActiveSessionsManagement" name="test_get_active_sessions_excludes_expired" time="0.001" /><testcase classname="unit.security.test_access_control.TestActiveSessionsManagement" name="test_get_active_sessions_boundary_timeout" time="0.001" /><testcase classname="unit.security.test_access_control.TestIntegrationScenarios" name="test_complete_user_workflow" time="0.001" /><testcase classname="unit.security.test_access_control.TestIntegrationScenarios" name="test_security_violation_scenario" time="0.001" /><testcase classname="unit.security.test_access_control.TestIntegrationScenarios" name="test_concurrent_sessions_scenario" time="0.001" /><testcase classname="unit.security.test_access_control.TestPerformanceAndScalability" name="test_large_number_of_users" time="0.004" /><testcase classname="unit.security.test_access_control.TestPerformanceAndScalability" name="test_large_number_of_sessions" time="0.002" /><testcase classname="unit.security.test_access_control.TestPerformanceAndScalability" name="test_memory_usage_with_many_permissions" time="0.001" /><testcase classname="unit.security.test_access_control_manager.TestUserAuthentication" name="test_authenticate_valid_user" time="0.001" /><testcase classname="unit.security.test_access_control_manager.TestUserAuthentication" name="test_authenticate_invalid_password" time="0.001" /><testcase classname="unit.security.test_access_control_manager.TestUserAuthentication" name="test_authenticate_nonexistent_user" time="0.001" /><testcase classname="unit.security.test_access_control_manager.TestUserAuthentication" name="test_authenticate_inactive_user" time="0.001" /><testcase classname="unit.security.test_access_control_manager.TestUserAuthentication" name="test_user_lockout_after_max_attempts" time="0.001" /><testcase classname="unit.security.test_access_control_manager.TestUserAuthentication" name="test_reset_failed_attempts_on_successful_login" time="0.001" /><testcase classname="unit.security.test_access_control_manager.TestSessionManagement" name="test_create_session_valid_user" time="0.001" /><testcase classname="unit.security.test_access_control_manager.TestSessionManagement" name="test_create_session_invalid_user" time="0.001" /><testcase classname="unit.security.test_access_control_manager.TestSessionManagement" name="test_create_session_inactive_user" time="0.001" /><testcase classname="unit.security.test_access_control_manager.TestSessionManagement" name="test_validate_session_valid" time="0.001" /><testcase classname="unit.security.test_access_control_manager.TestSessionManagement" name="test_validate_session_invalid" time="0.001" /><testcase classname="unit.security.test_access_control_manager.TestSessionManagement" name="test_validate_session_expired" time="0.001" /><testcase classname="unit.security.test_access_control_manager.TestSessionManagement" name="test_validate_session_updates_last_accessed" time="0.102" /><testcase classname="unit.security.test_access_control_manager.TestSessionManagement" name="test_get_user_from_session_valid" time="0.002" /><testcase classname="unit.security.test_access_control_manager.TestSessionManagement" name="test_get_user_from_session_invalid" time="0.002" /><testcase classname="unit.security.test_access_control_manager.TestSessionManagement" name="test_logout_user_valid_session" time="0.001" /><testcase classname="unit.security.test_access_control_manager.TestSessionManagement" name="test_logout_user_invalid_session" time="0.001" /><testcase classname="unit.security.test_access_control_manager.TestSessionManagement" name="test_get_active_sessions" time="0.001" /><testcase classname="unit.security.test_access_control_manager.TestSessionManagement" name="test_get_active_sessions_excludes_expired" time="0.001" /><testcase classname="unit.security.test_access_control_manager.TestPermissionManagement" name="test_check_permission_valid_user_has_permission" time="0.001" /><testcase classname="unit.security.test_access_control_manager.TestPermissionManagement" name="test_check_permission_valid_user_no_permission" time="0.001" /><testcase classname="unit.security.test_access_control_manager.TestPermissionManagement" name="test_check_permission_invalid_user" time="0.001" /><testcase classname="unit.security.test_access_control_manager.TestPermissionManagement" name="test_check_permission_inactive_user" time="0.001" /><testcase classname="unit.security.test_access_control_manager.TestPermissionManagement" name="test_grant_permission_valid_user" time="0.001" /><testcase classname="unit.security.test_access_control_manager.TestPermissionManagement" name="test_grant_permission_invalid_user" time="0.001" /><testcase classname="unit.security.test_access_control_manager.TestPermissionManagement" name="test_revoke_permission_valid_user" time="0.001" /><testcase classname="unit.security.test_access_control_manager.TestPermissionManagement" name="test_revoke_permission_invalid_user" time="0.001" /><testcase classname="unit.security.test_access_control_manager.TestPermissionManagement" name="test_revoke_nonexistent_permission" time="0.001" /><testcase classname="unit.security.test_access_control_manager.TestUserLockout" name="test_is_user_locked_normal_user" time="0.001" /><testcase classname="unit.security.test_access_control_manager.TestUserLockout" name="test_is_user_locked_after_max_attempts" time="0.001" /><testcase classname="unit.security.test_access_control_manager.TestUserLockout" name="test_is_user_locked_nonexistent_user" time="0.001" /><testcase classname="unit.security.test_access_control_manager.TestUserLockout" name="test_unlock_user_valid" time="0.001" /><testcase classname="unit.security.test_access_control_manager.TestUserLockout" name="test_unlock_user_invalid" time="0.001" /><testcase classname="unit.security.test_access_control_manager.TestUserDataClass" name="test_user_creation_with_defaults" time="0.001" /><testcase classname="unit.security.test_access_control_manager.TestUserDataClass" name="test_user_creation_with_permissions" time="0.001" /><testcase classname="unit.security.test_access_control_manager.TestUserDataClass" name="test_user_post_init_permissions" time="0.001" /><testcase classname="unit.security.test_access_control_manager.TestPermissionType" name="test_permission_type_values" time="0.001" /><testcase classname="unit.security.test_access_control_manager.TestPermissionType" name="test_permission_type_comparison" time="0.001" /><testcase classname="unit.security.test_access_control_manager.TestDefaultUsers" name="test_default_admin_user" time="0.001" /><testcase classname="unit.security.test_access_control_manager.TestDefaultUsers" name="test_default_regular_user" time="0.001" /><testcase classname="unit.security.test_access_control_manager.TestEdgeCases" name="test_session_timeout_boundary" time="0.001" /><testcase classname="unit.security.test_access_control_manager.TestEdgeCases" name="test_multiple_sessions_same_user" time="0.001" /><testcase classname="unit.security.test_access_control_manager.TestEdgeCases" name="test_permission_set_operations" time="0.001" /><testcase classname="unit.security.test_access_control_manager.TestAccessControlIntegration" name="test_complete_user_workflow" time="0.001" /><testcase classname="unit.security.test_access_control_manager.TestAccessControlIntegration" name="test_permission_management_workflow" time="0.001" /><testcase classname="unit.security.test_access_control_manager.TestAccessControlIntegration" name="test_user_lockout_and_unlock_workflow" time="0.001" /><testcase classname="unit.security.test_audit_logger.TestAuditEventType" name="test_audit_event_type_values" time="0.001" /><testcase classname="unit.security.test_audit_logger.TestSeverityLevel" name="test_severity_level_values" time="0.001" /><testcase classname="unit.security.test_audit_logger.TestAuditEvent" name="test_audit_event_creation" time="0.001" /><testcase classname="unit.security.test_audit_logger.TestAuditEvent" name="test_audit_event_to_dict" time="0.001" /><testcase classname="unit.security.test_audit_logger.TestAuditEvent" name="test_audit_event_with_none_values" time="0.001" /><testcase classname="unit.security.test_audit_logger.TestAuditLoggerInitialization" name="test_audit_logger_default_initialization" time="0.001" /><testcase classname="unit.security.test_audit_logger.TestAuditLoggerInitialization" name="test_audit_logger_custom_initialization" time="0.001" /><testcase classname="unit.security.test_audit_logger.TestAuditLoggerEventLogging" name="test_log_event_basic" time="0.003" /><testcase classname="unit.security.test_audit_logger.TestAuditLoggerEventLogging" name="test_log_event_with_all_parameters" time="0.003" /><testcase classname="unit.security.test_audit_logger.TestAuditLoggerEventLogging" name="test_log_event_memory_limit" time="0.004" /><testcase classname="unit.security.test_audit_logger.TestAuditLoggerEventLogging" name="test_write_to_file_success" time="0.002" /><testcase classname="unit.security.test_audit_logger.TestAuditLoggerEventLogging" name="test_write_to_file_failure" time="0.002" /><testcase classname="unit.security.test_audit_logger.TestAuditLoggerSpecificMethods" name="test_log_login_success" time="0.002" /><testcase classname="unit.security.test_audit_logger.TestAuditLoggerSpecificMethods" name="test_log_login_failure" time="0.003" /><testcase classname="unit.security.test_audit_logger.TestAuditLoggerSpecificMethods" name="test_log_login_failure_default_reason" time="0.002" /><testcase classname="unit.security.test_audit_logger.TestAuditLoggerSpecificMethods" name="test_log_logout" time="0.002" /><testcase classname="unit.security.test_audit_logger.TestAuditLoggerSpecificMethods" name="test_log_permission_change_granted" time="0.002" /><testcase classname="unit.security.test_audit_logger.TestAuditLoggerSpecificMethods" name="test_log_permission_change_revoked" time="0.002" /><testcase classname="unit.security.test_audit_logger.TestAuditLoggerSpecificMethods" name="test_log_data_access" time="0.003" /><testcase classname="unit.security.test_audit_logger.TestAuditLoggerSpecificMethods" name="test_log_security_violation" time="0.002" /><testcase classname="unit.security.test_audit_logger.TestAuditLoggerSpecificMethods" name="test_log_api_call_success" time="0.002" /><testcase classname="unit.security.test_audit_logger.TestAuditLoggerSpecificMethods" name="test_log_api_call_client_error" time="0.002" /><testcase classname="unit.security.test_audit_logger.TestAuditLoggerSpecificMethods" name="test_log_api_call_server_error" time="0.002" /><testcase classname="unit.security.test_audit_logger.TestAuditLoggerEventQuerying" name="test_get_events_no_filters" time="0.003" /><testcase classname="unit.security.test_audit_logger.TestAuditLoggerEventQuerying" name="test_get_events_by_time_range" time="0.002" /><testcase classname="unit.security.test_audit_logger.TestAuditLoggerEventQuerying" name="test_get_events_by_event_type" time="0.002" /><testcase classname="unit.security.test_audit_logger.TestAuditLoggerEventQuerying" name="test_get_events_by_user_id" time="0.002" /><testcase classname="unit.security.test_audit_logger.TestAuditLoggerEventQuerying" name="test_get_events_by_severity" time="0.003" /><testcase classname="unit.security.test_audit_logger.TestAuditLoggerEventQuerying" name="test_get_events_with_limit" time="0.003" /><testcase classname="unit.security.test_audit_logger.TestAuditLoggerEventQuerying" name="test_get_events_multiple_filters" time="0.003" /><testcase classname="unit.security.test_audit_logger.TestAuditLoggerEventQuerying" name="test_get_events_no_matches" time="0.002" /><testcase classname="unit.security.test_audit_logger.TestAuditLoggerSecuritySummary" name="test_get_security_summary_default_24_hours" time="0.005" /><testcase classname="unit.security.test_audit_logger.TestAuditLoggerSecuritySummary" name="test_get_security_summary_custom_hours" time="0.005" /><testcase classname="unit.security.test_audit_logger.TestAuditLoggerSecuritySummary" name="test_get_security_summary_empty_events" time="0.001" /><testcase classname="unit.security.test_audit_logger.TestAuditLoggerIntegrationScenarios" name="test_complete_user_session_audit" time="0.004" /><testcase classname="unit.security.test_audit_logger.TestAuditLoggerIntegrationScenarios" name="test_security_incident_audit" time="0.005" /><testcase classname="unit.security.test_audit_logger.TestAuditLoggerIntegrationScenarios" name="test_audit_log_file_persistence" time="0.004" /><testcase classname="unit.security.test_audit_logger.TestAuditLoggerPerformanceAndScalability" name="test_large_number_of_events_performance" time="0.330" /><testcase classname="unit.security.test_audit_logger.TestAuditLoggerPerformanceAndScalability" name="test_event_querying_performance" time="0.309" /><testcase classname="unit.security.test_audit_logger.TestAuditLoggerPerformanceAndScalability" name="test_security_summary_performance" time="0.314" /><testcase classname="unit.security.test_data_protection.TestDataProtectionManagerInitialization" name="test_data_protection_manager_initialization" time="0.001" /><testcase classname="unit.security.test_data_protection.TestDataProtectionManagerInitialization" name="test_sensitive_keywords_structure" time="0.001" /><testcase classname="unit.security.test_data_protection.TestAPIKeyMasking" name="test_mask_api_key_normal_length" time="0.001" /><testcase classname="unit.security.test_data_protection.TestAPIKeyMasking" name="test_mask_api_key_short_length" time="0.001" /><testcase classname="unit.security.test_data_protection.TestAPIKeyMasking" name="test_mask_api_key_minimum_length" time="0.001" /><testcase classname="unit.security.test_data_protection.TestAPIKeyMasking" name="test_mask_api_key_just_above_minimum" time="0.001" /><testcase classname="unit.security.test_data_protection.TestAPIKeyMasking" name="test_mask_api_key_empty_string" time="0.001" /><testcase classname="unit.security.test_data_protection.TestAPIKeyMasking" name="test_mask_api_key_none_value" time="0.001" /><testcase classname="unit.security.test_data_protection.TestAPIKeyMasking" name="test_mask_api_key_non_string_value" time="0.001" /><testcase classname="unit.security.test_data_protection.TestStringDataMasking" name="test_mask_string_data_with_email" time="0.001" /><testcase classname="unit.security.test_data_protection.TestStringDataMasking" name="test_mask_string_data_with_short_email" time="0.001" /><testcase classname="unit.security.test_data_protection.TestStringDataMasking" name="test_mask_string_data_with_single_char_email" time="0.001" /><testcase classname="unit.security.test_data_protection.TestStringDataMasking" name="test_mask_string_data_with_password_colon" time="0.001" /><testcase classname="unit.security.test_data_protection.TestStringDataMasking" name="test_mask_string_data_with_password_equals" time="0.001" /><testcase classname="unit.security.test_data_protection.TestStringDataMasking" name="test_mask_string_data_multiline_password" time="0.001" /><testcase classname="unit.security.test_data_protection.TestStringDataMasking" name="test_mask_string_data_no_sensitive_data" time="0.001" /><testcase classname="unit.security.test_data_protection.TestStringDataMasking" name="test_mask_string_data_empty_string" time="0.001" /><testcase classname="unit.security.test_data_protection.TestStringDataMasking" name="test_mask_string_data_none_value" time="0.001" /><testcase classname="unit.security.test_data_protection.TestDictDataMasking" name="test_mask_dict_data_with_api_key" time="0.001" /><testcase classname="unit.security.test_data_protection.TestDictDataMasking" name="test_mask_dict_data_with_password" time="0.001" /><testcase classname="unit.security.test_data_protection.TestDictDataMasking" name="test_mask_dict_data_with_non_string_sensitive_value" time="0.001" /><testcase classname="unit.security.test_data_protection.TestDictDataMasking" name="test_mask_dict_data_with_nested_dict" time="0.001" /><testcase classname="unit.security.test_data_protection.TestDictDataMasking" name="test_mask_dict_data_with_list_containing_dicts" time="0.002" /><testcase classname="unit.security.test_data_protection.TestDictDataMasking" name="test_mask_dict_data_with_list_containing_strings" time="0.001" /><testcase classname="unit.security.test_data_protection.TestDictDataMasking" name="test_mask_dict_data_non_dict_input" time="0.001" /><testcase classname="unit.security.test_data_protection.TestDictDataMasking" name="test_mask_dict_data_empty_dict" time="0.001" /><testcase classname="unit.security.test_data_protection.TestLogDataMasking" name="test_mask_log_data_string_input" time="0.001" /><testcase classname="unit.security.test_data_protection.TestLogDataMasking" name="test_mask_log_data_dict_input" time="0.001" /><testcase classname="unit.security.test_data_protection.TestLogDataMasking" name="test_mask_log_data_other_type_input" time="0.001" /><testcase classname="unit.security.test_data_protection.TestLogDataMasking" name="test_mask_log_data_none_input" time="0.001" /><testcase classname="unit.security.test_data_protection.TestDataEncryption" name="test_encrypt_sensitive_data_normal" time="0.002" /><testcase classname="unit.security.test_data_protection.TestDataEncryption" name="test_encrypt_sensitive_data_with_key" time="0.001" /><testcase classname="unit.security.test_data_protection.TestDataEncryption" name="test_encrypt_sensitive_data_empty_string" time="0.001" /><testcase classname="unit.security.test_data_protection.TestDataEncryption" name="test_encrypt_sensitive_data_none_value" time="0.001" /><testcase classname="unit.security.test_data_protection.TestDataEncryption" name="test_encrypt_sensitive_data_unicode" time="0.001" /><testcase classname="unit.security.test_data_protection.TestDataDecryption" name="test_decrypt_sensitive_data_normal" time="0.001" /><testcase classname="unit.security.test_data_protection.TestDataDecryption" name="test_decrypt_sensitive_data_with_key" time="0.001" /><testcase classname="unit.security.test_data_protection.TestDataDecryption" name="test_decrypt_sensitive_data_not_encrypted" time="0.001" /><testcase classname="unit.security.test_data_protection.TestDataDecryption" name="test_decrypt_sensitive_data_empty_string" time="0.001" /><testcase classname="unit.security.test_data_protection.TestDataDecryption" name="test_decrypt_sensitive_data_none_value" time="0.001" /><testcase classname="unit.security.test_data_protection.TestDataDecryption" name="test_decrypt_sensitive_data_invalid_base64" time="0.001" /><testcase classname="unit.security.test_data_protection.TestDataDecryption" name="test_decrypt_sensitive_data_unicode" time="0.001" /><testcase classname="unit.security.test_data_protection.TestSensitiveDataDetection" name="test_is_sensitive_data_with_api_key" time="0.001" /><testcase classname="unit.security.test_data_protection.TestSensitiveDataDetection" name="test_is_sensitive_data_with_email" time="0.001" /><testcase classname="unit.security.test_data_protection.TestSensitiveDataDetection" name="test_is_sensitive_data_with_phone" time="0.001" /><testcase classname="unit.security.test_data_protection.TestSensitiveDataDetection" name="test_is_sensitive_data_with_password" time="0.001" /><testcase classname="unit.security.test_data_protection.TestSensitiveDataDetection" name="test_is_sensitive_data_with_credit_card" time="0.001" /><testcase classname="unit.security.test_data_protection.TestSensitiveDataDetection" name="test_is_sensitive_data_with_ssn" time="0.001" /><testcase classname="unit.security.test_data_protection.TestSensitiveDataDetection" name="test_is_sensitive_data_case_insensitive" time="0.001" /><testcase classname="unit.security.test_data_protection.TestSensitiveDataDetection" name="test_is_sensitive_data_normal_text" time="0.001" /><testcase classname="unit.security.test_data_protection.TestSensitiveDataDetection" name="test_is_sensitive_data_empty_string" time="0.001" /><testcase classname="unit.security.test_data_protection.TestSensitiveDataDetection" name="test_is_sensitive_data_none_value" time="0.001" /><testcase classname="unit.security.test_data_protection.TestDataClassification" name="test_get_data_classification_restricted" time="0.001" /><testcase classname="unit.security.test_data_protection.TestDataClassification" name="test_get_data_classification_confidential" time="0.001" /><testcase classname="unit.security.test_data_protection.TestDataClassification" name="test_get_data_classification_internal" time="0.001" /><testcase classname="unit.security.test_data_protection.TestDataClassification" name="test_get_data_classification_public" time="0.001" /><testcase classname="unit.security.test_data_protection.TestDataClassification" name="test_get_data_classification_dict_input" time="0.001" /><testcase classname="unit.security.test_data_protection.TestDataClassification" name="test_get_data_classification_non_string_input" time="0.001" /><testcase classname="unit.security.test_data_protection.TestDataClassification" name="test_get_data_classification_priority_order" time="0.001" /><testcase classname="unit.security.test_data_protection.TestDataProtectionIntegrationScenarios" name="test_complete_data_protection_workflow" time="0.001" /><testcase classname="unit.security.test_data_protection.TestDataProtectionIntegrationScenarios" name="test_log_data_protection_scenario" time="0.001" /><testcase classname="unit.security.test_data_protection.TestDataProtectionIntegrationScenarios" name="test_configuration_data_protection_scenario" time="0.001" /><testcase classname="unit.security.test_data_protection.TestDataProtectionPerformanceAndScalability" name="test_large_text_masking_performance" time="0.002" /><testcase classname="unit.security.test_data_protection.TestDataProtectionPerformanceAndScalability" name="test_large_dict_masking_performance" time="0.008" /><testcase classname="unit.security.test_data_protection.TestDataProtectionPerformanceAndScalability" name="test_multiple_encryption_decryption_performance" time="0.001" /><testcase classname="unit.security.test_data_protection.TestDataProtectionPerformanceAndScalability" name="test_sensitive_data_detection_performance" time="0.005" /><testcase classname="unit.security.test_encryption_manager.TestEncryptionManagerInitialization" name="test_initialization_default" time="0.001" /><testcase classname="unit.security.test_encryption_manager.TestEncryptionManagerInitialization" name="test_initialization_with_custom_key" time="0.001" /><testcase classname="unit.security.test_encryption_manager.TestEncryptionManagerInitialization" name="test_initialization_with_none_key" time="0.001" /><testcase classname="unit.security.test_encryption_manager.TestEncryptionManagerInitialization" name="test_initialization_with_empty_key" time="0.001" /><testcase classname="unit.security.test_encryption_manager.TestDataEncryption" name="test_encrypt_basic_string" time="0.001" /><testcase classname="unit.security.test_encryption_manager.TestDataEncryption" name="test_encrypt_empty_string" time="0.001" /><testcase classname="unit.security.test_encryption_manager.TestDataEncryption" name="test_encrypt_chinese_text" time="0.001" /><testcase classname="unit.security.test_encryption_manager.TestDataEncryption" name="test_encrypt_special_characters" time="0.001" /><testcase classname="unit.security.test_encryption_manager.TestDataEncryption" name="test_encrypt_long_text" time="0.001" /><testcase classname="unit.security.test_encryption_manager.TestDataEncryption" name="test_encrypt_json_data" time="0.001" /><testcase classname="unit.security.test_encryption_manager.TestDataEncryption" name="test_encrypt_consistency" time="0.001" /><testcase classname="unit.security.test_encryption_manager.TestDataEncryption" name="test_encrypt_various_inputs[Hello World]" time="0.001" /><testcase classname="unit.security.test_encryption_manager.TestDataEncryption" name="test_encrypt_various_inputs[\u4e2d\u6587\u6d4b\u8bd5]" time="0.001" /><testcase classname="unit.security.test_encryption_manager.TestDataEncryption" name="test_encrypt_various_inputs[Special: !@#$%^&amp;*()]" time="0.001" /><testcase classname="unit.security.test_encryption_manager.TestDataEncryption" name="test_encrypt_various_inputs[Multi\nLine\nText]" time="0.001" /><testcase classname="unit.security.test_encryption_manager.TestDataEncryption" name="test_encrypt_various_inputs[{&quot;json&quot;: &quot;data&quot;}]" time="0.001" /><testcase classname="unit.security.test_encryption_manager.TestDataEncryption" name="test_encrypt_various_inputs[123456789]" time="0.001" /><testcase classname="unit.security.test_encryption_manager.TestDataEncryption" name="test_encrypt_various_inputs[AAAAAAAAAAAAAAAAAAAAAAAAAAAAAAAAAAAAAAAAAAAAAAAAAAAAAAAAAAAAAAAAAAAAAAAAAAAAAAAAAAAAAAAAAAAAAAAAAAAA]" time="0.001" /><testcase classname="unit.security.test_encryption_manager.TestDataDecryption" name="test_decrypt_basic_string" time="0.001" /><testcase classname="unit.security.test_encryption_manager.TestDataDecryption" name="test_decrypt_empty_string" time="0.001" /><testcase classname="unit.security.test_encryption_manager.TestDataDecryption" name="test_decrypt_chinese_text" time="0.001" /><testcase classname="unit.security.test_encryption_manager.TestDataDecryption" name="test_decrypt_special_characters" time="0.002" /><testcase classname="unit.security.test_encryption_manager.TestDataDecryption" name="test_decrypt_non_encrypted_data" time="0.001" /><testcase classname="unit.security.test_encryption_manager.TestDataDecryption" name="test_decrypt_invalid_format" time="0.001" /><testcase classname="unit.security.test_encryption_manager.TestDataDecryption" name="test_decrypt_corrupted_data" time="0.001" /><testcase classname="unit.security.test_encryption_manager.TestDataDecryption" name="test_encrypt_decrypt_roundtrip[Hello World]" time="0.001" /><testcase classname="unit.security.test_encryption_manager.TestDataDecryption" name="test_encrypt_decrypt_roundtrip[\u4e2d\u6587\u6d4b\u8bd5]" time="0.001" /><testcase classname="unit.security.test_encryption_manager.TestDataDecryption" name="test_encrypt_decrypt_roundtrip[Special: !@#$%^&amp;*()]" time="0.001" /><testcase classname="unit.security.test_encryption_manager.TestDataDecryption" name="test_encrypt_decrypt_roundtrip[Multi\nLine\nText]" time="0.001" /><testcase classname="unit.security.test_encryption_manager.TestDataDecryption" name="test_encrypt_decrypt_roundtrip[{&quot;json&quot;: &quot;data&quot;}]" time="0.001" /><testcase classname="unit.security.test_encryption_manager.TestDataDecryption" name="test_encrypt_decrypt_roundtrip[123456789]" time="0.001" /><testcase classname="unit.security.test_encryption_manager.TestDataDecryption" name="test_encrypt_decrypt_roundtrip[AAAAAAAAAAAAAAAAAAAAAAAAAAAAAAAAAAAAAAAAAAAAAAAAAAAAAAAAAAAAAAAAAAAAAAAAAAAAAAAAAAAAAAAAAAAAAAAAAAAA]" time="0.001" /><testcase classname="unit.security.test_encryption_manager.TestDataDecryption" name="test_encrypt_decrypt_roundtrip[]" time="0.001" /><testcase classname="unit.security.test_encryption_manager.TestDataHashing" name="test_hash_basic_string" time="0.001" /><testcase classname="unit.security.test_encryption_manager.TestDataHashing" name="test_hash_empty_string" time="0.001" /><testcase classname="unit.security.test_encryption_manager.TestDataHashing" name="test_hash_chinese_text" time="0.001" /><testcase classname="unit.security.test_encryption_manager.TestDataHashing" name="test_hash_consistency" time="0.001" /><testcase classname="unit.security.test_encryption_manager.TestDataHashing" name="test_hash_uniqueness" time="0.001" /><testcase classname="unit.security.test_encryption_manager.TestDataHashing" name="test_hash_various_inputs[Hello World]" time="0.001" /><testcase classname="unit.security.test_encryption_manager.TestDataHashing" name="test_hash_various_inputs[\u4e2d\u6587\u6d4b\u8bd5]" time="0.001" /><testcase classname="unit.security.test_encryption_manager.TestDataHashing" name="test_hash_various_inputs[Special: !@#$%^&amp;*()]" time="0.001" /><testcase classname="unit.security.test_encryption_manager.TestDataHashing" name="test_hash_various_inputs[Multi\nLine\nText]" time="0.001" /><testcase classname="unit.security.test_encryption_manager.TestDataHashing" name="test_hash_various_inputs[{&quot;json&quot;: &quot;data&quot;}]" time="0.001" /><testcase classname="unit.security.test_encryption_manager.TestDataHashing" name="test_hash_various_inputs[123456789]" time="0.001" /><testcase classname="unit.security.test_encryption_manager.TestDataHashing" name="test_hash_various_inputs[AAAAAAAAAAAAAAAAAAAAAAAAAAAAAAAAAAAAAAAAAAAAAAAAAAAAAAAAAAAAAAAAAAAAAAAAAAAAAAAAAAAAAAAAAAAAAAAAAAAAAAAAAAAAAAAAAAAAAAAAAAAAAAAAAAAAAAAAAAAAAAAAAAAAAAAAAAAAAAAAAAAAAAAAAAAAAAAAAAAAAAAAAAAAAAAAAAAAAAAAAAAAAAAAAAAAAAAAAAAAAAAAAAAAAAAAAAAAAAAAAAAAAAAAAAAAAAAAAAAAAAAAAAAAAAAAAAAAAAAAAAAAAAAAAAAAAAAAAAAAAAAAAAAAAAAAAAAAAAAAAAAAAAAAAAAAAAAAAAAAAAAAAAAAAAAAAAAAAAAAAAAAAAAAAAAAAAAAAAAAAAAAAAAAAAAAAAAAAAAAAAAAAAAAAAAAAAAAAAAAAAAAAAAAAAAAAAAAAAAAAAAAAAAAAAAAAAAAAAAAAAAAAAAAAAAAAAAAAAAAAAAAAAAAAAAAAAAAAAAAAAAAAAAAAAAAAAAAAAAAAAAAAAAAAAAAAAAAAAAAAAAAAAAAAAAAAAAAAAAAAAAAAAAAAAAAAAAAAAAAAAAAAAAAAAAAAAAAAAAAAAAAAAAAAAAAAAAAAAAAAAAAAAAAAAAAAAAAAAAAAAAAAAAAAAAAAAAAAAAAAAAAAAAAAAAAAAAAAAAAAAAAAAAAAAAAAAAAAAAAAAAAAAAAAAAAAAAAAAAAAAAAAAAAAAAAAAAAAAAAAAAAAAAAAAAAAAAAAAAAAAAAAAAAAAAAAAAAAAAAAAAAAAAAAAAAAAAAAAAAAAAAAAAAAAAAAAAAAAAAAAAAAAAAAAAAAAAAAAAAAAAAAAAAAAAAAAAAAAAAAAAAAAAAAAAAAAAAAAAAAAAAAAAAAAAAAAAAAAAAAAAAAAAAAAAAAAAAAAAAAAAAAAAAAAAAAAAAAAAAAAAAAAAAAAAAAAAAAAAAAAAAAAAAAAAAAAAAAAAAAAAAAAAAAAAAAAAAAAAA]" time="0.001" /><testcase classname="unit.security.test_encryption_manager.TestHashVerification" name="test_verify_hash_valid" time="0.001" /><testcase classname="unit.security.test_encryption_manager.TestHashVerification" name="test_verify_hash_invalid" time="0.001" /><testcase classname="unit.security.test_encryption_manager.TestHashVerification" name="test_verify_hash_different_data" time="0.001" /><testcase classname="unit.security.test_encryption_manager.TestHashVerification" name="test_verify_hash_empty_string" time="0.001" /><testcase classname="unit.security.test_encryption_manager.TestHashVerification" name="test_verify_hash_various_inputs[Hello World]" time="0.001" /><testcase classname="unit.security.test_encryption_manager.TestHashVerification" name="test_verify_hash_various_inputs[\u4e2d\u6587\u6d4b\u8bd5]" time="0.001" /><testcase classname="unit.security.test_encryption_manager.TestHashVerification" name="test_verify_hash_various_inputs[Special: !@#$%^&amp;*()]" time="0.001" /><testcase classname="unit.security.test_encryption_manager.TestHashVerification" name="test_verify_hash_various_inputs[Multi\nLine\nText]" time="0.001" /><testcase classname="unit.security.test_encryption_manager.TestHashVerification" name="test_verify_hash_various_inputs[{&quot;json&quot;: &quot;data&quot;}]" time="0.001" /><testcase classname="unit.security.test_encryption_manager.TestHashVerification" name="test_verify_hash_various_inputs[123456789]" time="0.001" /><testcase classname="unit.security.test_encryption_manager.TestKeyManagement" name="test_generate_key" time="0.001" /><testcase classname="unit.security.test_encryption_manager.TestKeyManagement" name="test_generate_key_uniqueness" time="0.001" /><testcase classname="unit.security.test_encryption_manager.TestKeyManagement" name="test_rotate_key" time="0.001" /><testcase classname="unit.security.test_encryption_manager.TestKeyManagement" name="test_rotate_key_with_generated_key" time="0.001" /><testcase classname="unit.security.test_encryption_manager.TestEdgeCases" name="test_encrypt_very_long_text" time="0.001" /><testcase classname="unit.security.test_encryption_manager.TestEdgeCases" name="test_encrypt_unicode_characters" time="0.001" /><testcase classname="unit.security.test_encryption_manager.TestEdgeCases" name="test_encrypt_binary_like_data" time="0.001" /><testcase classname="unit.security.test_encryption_manager.TestEdgeCases" name="test_hash_very_long_text" time="0.001" /><testcase classname="unit.security.test_encryption_manager.TestEdgeCases" name="test_multiple_operations_consistency" time="0.001" /><testcase classname="unit.security.test_encryption_manager.TestEncryptionManagerIntegration" name="test_complete_encryption_workflow" time="0.001" /><testcase classname="unit.security.test_encryption_manager.TestEncryptionManagerIntegration" name="test_cross_instance_compatibility" time="0.001" /><testcase classname="unit.security.test_encryption_manager.TestEncryptionManagerIntegration" name="test_performance_benchmark" time="0.021" /><testcase classname="unit.security.test_encryption_manager_comprehensive.TestEncryptionManager" name="test_encrypt_string_data" time="0.001" /><testcase classname="unit.security.test_encryption_manager_comprehensive.TestEncryptionManager" name="test_encrypt_bytes_data" time="0.001" /><testcase classname="unit.security.test_encryption_manager_comprehensive.TestEncryptionManager" name="test_encrypt_none_data" time="0.001" /><testcase classname="unit.security.test_encryption_manager_comprehensive.TestEncryptionManager" name="test_encrypt_empty_string" time="0.001" /><testcase classname="unit.security.test_encryption_manager_comprehensive.TestEncryptionManager" name="test_encrypt_large_data" time="0.001" /><testcase classname="unit.security.test_encryption_manager_comprehensive.TestEncryptionManager" name="test_encrypt_unicode_data" time="0.001" /><testcase classname="unit.security.test_encryption_manager_comprehensive.TestEncryptionManager" name="test_decrypt_valid_data" time="0.001" /><testcase classname="unit.security.test_encryption_manager_comprehensive.TestEncryptionManager" name="test_decrypt_none_data" time="0.001" /><testcase classname="unit.security.test_encryption_manager_comprehensive.TestEncryptionManager" name="test_decrypt_invalid_base64" time="0.001" /><testcase classname="unit.security.test_encryption_manager_comprehensive.TestEncryptionManager" name="test_decrypt_empty_string" time="0.001" /><testcase classname="unit.security.test_encryption_manager_comprehensive.TestEncryptionManager" name="test_encrypt_decrypt_roundtrip" time="0.001" /><testcase classname="unit.security.test_encryption_manager_comprehensive.TestEncryptionManager" name="test_hash_data_string" time="0.001" /><testcase classname="unit.security.test_encryption_manager_comprehensive.TestEncryptionManager" name="test_hash_data_string_types" time="0.001" /><testcase classname="unit.security.test_encryption_manager_comprehensive.TestEncryptionManager" name="test_hash_data_none" time="0.001" /><testcase classname="unit.security.test_encryption_manager_comprehensive.TestEncryptionManager" name="test_hash_data_different_inputs" time="0.001" /><testcase classname="unit.security.test_encryption_manager_comprehensive.TestEncryptionManager" name="test_hash_data_unicode" time="0.001" /><testcase classname="unit.security.test_encryption_manager_comprehensive.TestEncryptionManager" name="test_verify_hash_valid" time="0.001" /><testcase classname="unit.security.test_encryption_manager_comprehensive.TestEncryptionManager" name="test_verify_hash_invalid" time="0.001" /><testcase classname="unit.security.test_encryption_manager_comprehensive.TestEncryptionManager" name="test_verify_hash_none_data" time="0.001" /><testcase classname="unit.security.test_encryption_manager_comprehensive.TestEncryptionManager" name="test_verify_hash_different_data" time="0.001" /><testcase classname="unit.security.test_encryption_manager_comprehensive.TestEncryptionManager" name="test_generate_key_default_length" time="0.001" /><testcase classname="unit.security.test_encryption_manager_comprehensive.TestEncryptionManager" name="test_generate_key_multiple_calls" time="0.001" /><testcase classname="unit.security.test_encryption_manager_comprehensive.TestEncryptionManager" name="test_generate_key_format_validation" time="0.001" /><testcase classname="unit.security.test_encryption_manager_comprehensive.TestEncryptionManager" name="test_rotate_key_basic" time="0.001" /><testcase classname="unit.security.test_encryption_manager_comprehensive.TestEncryptionManager" name="test_rotate_key_encryption_still_works" time="0.001" /><testcase classname="unit.security.test_encryption_manager_comprehensive.TestEncryptionManager" name="test_rotate_key_multiple_times" time="0.001" /><testcase classname="unit.security.test_encryption_manager_comprehensive.TestEncryptionManagerIntegration" name="test_complete_encryption_workflow" time="0.001" /><testcase classname="unit.security.test_encryption_manager_comprehensive.TestEncryptionManagerIntegration" name="test_key_rotation_impact_on_existing_data" time="0.001" /><testcase classname="unit.security.test_encryption_manager_comprehensive.TestEncryptionManagerIntegration" name="test_performance_with_large_dataset" time="0.001" /><testcase classname="unit.security.test_encryption_manager_comprehensive.TestEncryptionManagerIntegration" name="test_concurrent_operations" time="0.003" /><testcase classname="unit.security.test_input_validation_comprehensive.TestInputValidator" name="test_validate_email_valid_cases" time="0.001" /><testcase classname="unit.security.test_input_validation_comprehensive.TestInputValidator" name="test_validate_email_invalid_cases" time="0.001" /><testcase classname="unit.security.test_input_validation_comprehensive.TestInputValidator" name="test_validate_email_edge_cases" time="0.001" /><testcase classname="unit.security.test_input_validation_comprehensive.TestInputValidator" name="test_validate_url_valid_cases" time="0.001" /><testcase classname="unit.security.test_input_validation_comprehensive.TestInputValidator" name="test_validate_url_invalid_cases" time="0.001" /><testcase classname="unit.security.test_input_validation_comprehensive.TestInputValidator" name="test_validate_url_edge_cases" time="0.001" /><testcase classname="unit.security.test_input_validation_comprehensive.TestInputValidator" name="test_detect_dangerous_patterns_script_injection" time="0.001" /><testcase classname="unit.security.test_input_validation_comprehensive.TestInputValidator" name="test_detect_dangerous_patterns_sql_injection" time="0.001" /><testcase classname="unit.security.test_input_validation_comprehensive.TestInputValidator" name="test_detect_dangerous_patterns_path_traversal" time="0.001" /><testcase classname="unit.security.test_input_validation_comprehensive.TestInputValidator" name="test_detect_dangerous_patterns_safe_input" time="0.001" /><testcase classname="unit.security.test_input_validation_comprehensive.TestInputValidator" name="test_detect_dangerous_patterns_edge_cases" time="0.001" /><testcase classname="unit.security.test_input_validation_comprehensive.TestInputValidator" name="test_is_safe_input_safe_cases" time="0.001" /><testcase classname="unit.security.test_input_validation_comprehensive.TestInputValidator" name="test_is_safe_input_dangerous_cases" time="0.001" /><testcase classname="unit.security.test_input_validation_comprehensive.TestInputValidator" name="test_validate_input_length_valid_cases" time="0.001" /><testcase classname="unit.security.test_input_validation_comprehensive.TestInputValidator" name="test_validate_input_length_invalid_cases" time="0.001" /><testcase classname="unit.security.test_input_validation_comprehensive.TestInputValidator" name="test_sanitize_input_none_and_numbers" time="0.001" /><testcase classname="unit.security.test_input_validation_comprehensive.TestInputValidator" name="test_sanitize_input_safe_strings" time="0.001" /><testcase classname="unit.security.test_input_validation_comprehensive.TestInputValidator" name="test_sanitize_input_dangerous_strings" time="0.001" /><testcase classname="unit.security.test_input_validation_comprehensive.TestInputValidator" name="test_sanitize_input_long_strings" time="0.001" /><testcase classname="unit.security.test_input_validation_comprehensive.TestInputValidator" name="test_sanitize_input_other_types" time="0.001" /><testcase classname="unit.security.test_input_validation_comprehensive.TestInputValidator" name="test_validate_api_key_format_valid_cases" time="0.001" /><testcase classname="unit.security.test_input_validation_comprehensive.TestInputValidator" name="test_validate_api_key_format_invalid_cases" time="0.001" /><testcase classname="unit.security.test_input_validation_comprehensive.TestInputValidator" name="test_validate_json_structure_valid_cases" time="0.001" /><testcase classname="unit.security.test_input_validation_comprehensive.TestInputValidator" name="test_validate_json_structure_invalid_cases" time="0.001" /><testcase classname="unit.security.test_input_validation_comprehensive.TestInputValidator" name="test_validate_json_structure_edge_cases" time="0.001" /><testcase classname="unit.security.test_input_validation_comprehensive.TestInputValidatorIntegration" name="test_comprehensive_input_validation_workflow" time="0.001" /><testcase classname="unit.security.test_input_validation_comprehensive.TestInputValidatorIntegration" name="test_malicious_input_detection_workflow" time="0.001" /><testcase classname="unit.security.test_security_monitor.TestLoginAttemptMonitoring" name="test_record_successful_login" time="0.001" /><testcase classname="unit.security.test_security_monitor.TestLoginAttemptMonitoring" name="test_record_failed_login" time="0.001" /><testcase classname="unit.security.test_security_monitor.TestLoginAttemptMonitoring" name="test_multiple_login_attempts" time="0.001" /><testcase classname="unit.security.test_security_monitor.TestLoginAttemptMonitoring" name="test_login_attempts_disabled_monitoring" time="0.001" /><testcase classname="unit.security.test_security_monitor.TestLoginAttemptMonitoring" name="test_brute_force_detection" time="0.001" /><testcase classname="unit.security.test_security_monitor.TestLoginAttemptMonitoring" name="test_brute_force_threshold_not_reached" time="0.001" /><testcase classname="unit.security.test_security_monitor.TestLoginAttemptMonitoring" name="test_brute_force_time_window" time="0.002" /><testcase classname="unit.security.test_security_monitor.TestAPIRequestMonitoring" name="test_record_api_request_success" time="0.001" /><testcase classname="unit.security.test_security_monitor.TestAPIRequestMonitoring" name="test_record_api_request_failure" time="0.001" /><testcase classname="unit.security.test_security_monitor.TestAPIRequestMonitoring" name="test_api_request_disabled_monitoring" time="0.001" /><testcase classname="unit.security.test_security_monitor.TestAPIRequestMonitoring" name="test_rate_limit_detection" time="0.003" /><testcase classname="unit.security.test_security_monitor.TestAPIRequestMonitoring" name="test_rate_limit_threshold_not_reached" time="0.002" /><testcase classname="unit.security.test_security_monitor.TestAPIRequestMonitoring" name="test_rate_limit_time_window" time="0.009" /><testcase classname="unit.security.test_security_monitor.TestSecurityEventMonitoring" name="test_record_normal_security_event" time="0.001" /><testcase classname="unit.security.test_security_monitor.TestSecurityEventMonitoring" name="test_record_suspicious_security_event" time="0.001" /><testcase classname="unit.security.test_security_monitor.TestSecurityEventMonitoring" name="test_suspicious_activity_patterns" time="0.001" /><testcase classname="unit.security.test_security_monitor.TestSecurityEventMonitoring" name="test_suspicious_activity_time_based" time="0.002" /><testcase classname="unit.security.test_security_monitor.TestSecurityEventMonitoring" name="test_security_event_disabled_monitoring" time="0.001" /><testcase classname="unit.security.test_security_monitor.TestAlertManagement" name="test_create_alert" time="0.001" /><testcase classname="unit.security.test_security_monitor.TestAlertManagement" name="test_add_alert_handler" time="0.001" /><testcase classname="unit.security.test_security_monitor.TestAlertManagement" name="test_alert_handler_exception" time="0.002" /><testcase classname="unit.security.test_security_monitor.TestAlertManagement" name="test_get_alerts_no_filters" time="0.001" /><testcase classname="unit.security.test_security_monitor.TestAlertManagement" name="test_get_alerts_with_time_filter" time="0.001" /><testcase classname="unit.security.test_security_monitor.TestAlertManagement" name="test_get_alerts_with_type_filter" time="0.001" /><testcase classname="unit.security.test_security_monitor.TestAlertManagement" name="test_get_alerts_with_threat_level_filter" time="0.001" /><testcase classname="unit.security.test_security_monitor.TestAlertManagement" name="test_get_alerts_with_resolved_filter" time="0.001" /><testcase classname="unit.security.test_security_monitor.TestAlertManagement" name="test_get_alerts_with_limit" time="0.001" /><testcase classname="unit.security.test_security_monitor.TestAlertManagement" name="test_get_alerts_sorted_by_time" time="0.002" /><testcase classname="unit.security.test_security_monitor.TestAlertManagement" name="test_resolve_alert_success" time="0.001" /><testcase classname="unit.security.test_security_monitor.TestAlertManagement" name="test_resolve_alert_invalid_id" time="0.001" /><testcase classname="unit.security.test_security_monitor.TestAlertManagement" name="test_resolve_alert_already_resolved" time="0.001" /><testcase classname="unit.security.test_security_monitor.TestSecurityMetrics" name="test_get_security_metrics_empty" time="0.001" /><testcase classname="unit.security.test_security_monitor.TestSecurityMetrics" name="test_get_security_metrics_with_alerts" time="0.001" /><testcase classname="unit.security.test_security_monitor.TestSecurityMetrics" name="test_get_security_metrics_time_range" time="0.001" /><testcase classname="unit.security.test_security_monitor.TestMonitoringLoop" name="test_start_stop_monitoring" time="0.001" /><testcase classname="unit.security.test_security_monitor.TestMonitoringLoop" name="test_cleanup_old_data" time="0.002" /><testcase classname="unit.security.test_security_monitor.TestMonitoringLoop" name="test_system_anomaly_detection" time="0.002" /><testcase classname="unit.security.test_security_monitor.TestMonitoringLoop" name="test_monitor_loop_exception_handling" time="0.002" /><testcase classname="unit.security.test_security_monitor.TestDataStructures" name="test_threat_level_enum" time="0.001" /><testcase classname="unit.security.test_security_monitor.TestDataStructures" name="test_alert_type_enum" time="0.001" /><testcase classname="unit.security.test_security_monitor.TestDataStructures" name="test_security_alert_dataclass" time="0.001" /><testcase classname="unit.security.test_security_monitor.TestEdgeCases" name="test_deque_maxlen_behavior" time="0.001" /><testcase classname="unit.security.test_security_monitor.TestEdgeCases" name="test_empty_collections_cleanup" time="0.001" /><testcase classname="unit.security.test_security_monitor.TestEdgeCases" name="test_concurrent_access" time="0.004" /><testcase classname="unit.security.test_security_monitor.TestEdgeCases" name="test_none_values_handling" time="0.001" /><testcase classname="unit.security.test_security_monitor.TestSecurityMonitorIntegration" name="test_complete_security_workflow" time="0.004" /><testcase classname="unit.security.test_security_monitor.TestSecurityMonitorIntegration" name="test_monitoring_performance" time="0.061" /><testcase classname="unit.storage.test_fallback_logger_comprehensive.TestFallbackLoggerInitialization" name="test_init_with_default_parameters" time="0.003" /><testcase classname="unit.storage.test_fallback_logger_comprehensive.TestFallbackLoggerInitialization" name="test_init_with_custom_parameters" time="0.002" /><testcase classname="unit.storage.test_fallback_logger_comprehensive.TestFallbackLoggerInitialization" name="test_init_postgres_success" time="0.002" /><testcase classname="unit.storage.test_fallback_logger_comprehensive.TestFallbackLoggerInitialization" name="test_init_postgres_failure" time="0.002" /><testcase classname="unit.storage.test_fallback_logger_comprehensive.TestFallbackLoggerInitialization" name="test_init_file_logger_failure" time="0.002" /><testcase classname="unit.storage.test_fallback_logger_comprehensive.TestFallbackLoggerLogging" name="test_log_request_postgres_active" time="0.004" /><testcase classname="unit.storage.test_fallback_logger_comprehensive.TestFallbackLoggerLogging" name="test_log_request_file_fallback" time="0.005" /><testcase classname="unit.storage.test_fallback_logger_comprehensive.TestFallbackLoggerLogging" name="test_log_request_postgres_failure_fallback" time="0.003" /><testcase classname="unit.storage.test_fallback_logger_comprehensive.TestFallbackLoggerLogging" name="test_log_response_postgres_active" time="0.003" /><testcase classname="unit.storage.test_fallback_logger_comprehensive.TestFallbackLoggerLogging" name="test_log_response_with_error" time="0.004" /><testcase classname="unit.storage.test_fallback_logger_comprehensive.TestFallbackLoggerLogging" name="test_log_both_loggers_fail" time="0.004" /><testcase classname="unit.storage.test_fallback_logger_comprehensive.TestFallbackLoggerStateManagement" name="test_postgres_failure_handling" time="0.003" /><testcase classname="unit.storage.test_fallback_logger_comprehensive.TestFallbackLoggerStateManagement" name="test_postgres_failure_threshold_reached" time="0.003" /><testcase classname="unit.storage.test_fallback_logger_comprehensive.TestFallbackLoggerStateManagement" name="test_force_fallback" time="0.004" /><testcase classname="unit.storage.test_fallback_logger_comprehensive.TestFallbackLoggerStateManagement" name="test_force_recovery" time="0.003" /><testcase classname="unit.storage.test_fallback_logger_comprehensive.TestFallbackLoggerStateManagement" name="test_health_check_interval" time="0.003" /><testcase classname="unit.storage.test_fallback_logger_comprehensive.TestFallbackLoggerStateManagement" name="test_postgres_connection_test_success" time="0.003" /><testcase classname="unit.storage.test_fallback_logger_comprehensive.TestFallbackLoggerStateManagement" name="test_postgres_connection_test_no_logger" time="0.003" /><testcase classname="unit.storage.test_fallback_logger_comprehensive.TestFallbackLoggerLifecycle" name="test_start_logger" time="0.003" /><testcase classname="unit.storage.test_fallback_logger_comprehensive.TestFallbackLoggerLifecycle" name="test_stop_logger" time="0.003" /><testcase classname="unit.storage.test_fallback_logger_comprehensive.TestFallbackLoggerLifecycle" name="test_stop_logger_with_none_loggers" time="0.004" /><testcase classname="unit.storage.test_fallback_logger_comprehensive.TestFallbackLoggerLifecycle" name="test_get_stats" time="0.003" /><testcase classname="unit.storage.test_fallback_logger_comprehensive.TestFallbackLoggerLifecycle" name="test_get_stats_no_health_check" time="0.002" /><testcase classname="unit.storage.test_fallback_logger_comprehensive.TestFallbackLoggerGlobalFunctions" name="test_initialize_fallback_logger" time="0.002" /><testcase classname="unit.storage.test_fallback_logger_comprehensive.TestFallbackLoggerGlobalFunctions" name="test_initialize_fallback_logger_replace_existing" time="0.002" /><testcase classname="unit.storage.test_fallback_logger_comprehensive.TestFallbackLoggerGlobalFunctions" name="test_get_fallback_logger" time="0.001" /><testcase classname="unit.storage.test_fallback_logger_comprehensive.TestFallbackLoggerGlobalFunctions" name="test_shutdown_fallback_logger" time="0.002" /><testcase classname="unit.storage.test_fallback_logger_comprehensive.TestFallbackLoggerGlobalFunctions" name="test_shutdown_fallback_logger_none" time="0.001" /><testcase classname="unit.storage.test_fallback_logger_comprehensive.TestFallbackLoggerEdgeCases" name="test_handle_logging_failure_in_postgres_mode" time="0.003" /><testcase classname="unit.storage.test_fallback_logger_comprehensive.TestFallbackLoggerEdgeCases" name="test_handle_logging_failure_in_file_mode" time="0.003" /><testcase classname="unit.storage.test_fallback_logger_comprehensive.TestFallbackLoggerEdgeCases" name="test_postgres_failure_with_test_error" time="0.003" /><testcase classname="unit.storage.test_fallback_logger_comprehensive.TestFallbackLoggerEdgeCases" name="test_attempt_postgres_recovery_success" time="0.004" /><testcase classname="unit.storage.test_fallback_logger_comprehensive.TestFallbackLoggerEdgeCases" name="test_attempt_postgres_recovery_failure" time="0.003" /><testcase classname="unit.storage.test_file_logger_comprehensive.TestFileSystemLoggerInitialization" name="test_init_with_default_parameters" time="0.001" /><testcase classname="unit.storage.test_file_logger_comprehensive.TestFileSystemLoggerInitialization" name="test_init_with_custom_parameters" time="0.001" /><testcase classname="unit.storage.test_file_logger_comprehensive.TestFileSystemLoggerInitialization" name="test_init_creates_directory" time="0.003" /><testcase classname="unit.storage.test_file_logger_comprehensive.TestFileSystemLoggerInitialization" name="test_init_directory_creation_failure" time="0.001" /><testcase classname="unit.storage.test_file_logger_comprehensive.TestFileSystemLoggerLifecycle" name="test_start_logger" time="1.004" /><testcase classname="unit.storage.test_file_logger_comprehensive.TestFileSystemLoggerLifecycle" name="test_stop_logger" time="1.006" /><testcase classname="unit.storage.test_file_logger_comprehensive.TestFileSystemLoggerLifecycle" name="test_stop_not_started_logger" time="0.003" /><testcase classname="unit.storage.test_file_logger_comprehensive.TestFileSystemLoggerLifecycle" name="test_double_start" time="1.021" /><testcase classname="unit.storage.test_file_logger_comprehensive.TestFileSystemLoggerLogging" name="test_log_request_basic" time="1.030" /><testcase classname="unit.storage.test_file_logger_comprehensive.TestFileSystemLoggerLogging" name="test_log_request_with_sensitive_data" time="1.032" /><testcase classname="unit.storage.test_file_logger_comprehensive.TestFileSystemLoggerLogging" name="test_log_response_basic" time="1.032" /><testcase classname="unit.storage.test_file_logger_comprehensive.TestFileSystemLoggerLogging" name="test_log_response_with_error" time="1.033" /><testcase classname="unit.storage.test_file_logger_comprehensive.TestFileSystemLoggerLogging" name="test_log_request_with_parameters" time="1.014" /><testcase classname="unit.storage.test_file_logger_comprehensive.TestFileSystemLoggerDataSanitization" name="test_sanitize_phone_numbers" time="0.003" /><testcase classname="unit.storage.test_file_logger_comprehensive.TestFileSystemLoggerDataSanitization" name="test_sanitize_id_cards" time="0.002" /><testcase classname="unit.storage.test_file_logger_comprehensive.TestFileSystemLoggerDataSanitization" name="test_sanitize_emails" time="0.002" /><testcase classname="unit.storage.test_file_logger_comprehensive.TestFileSystemLoggerDataSanitization" name="test_sanitize_credit_cards" time="0.002" /><testcase classname="unit.storage.test_file_logger_comprehensive.TestFileSystemLoggerDataSanitization" name="test_sanitize_ip_addresses" time="0.002" /><testcase classname="unit.storage.test_file_logger_comprehensive.TestFileSystemLoggerDataSanitization" name="test_sanitize_api_keys" time="0.002" /><testcase classname="unit.storage.test_file_logger_comprehensive.TestFileSystemLoggerDataSanitization" name="test_sanitize_generic_keys" time="0.001" /><testcase classname="unit.storage.test_file_logger_comprehensive.TestFileSystemLoggerDataSanitization" name="test_sanitize_messages_list" time="0.001" /><testcase classname="unit.storage.test_file_logger_comprehensive.TestFileSystemLoggerDataSanitization" name="test_sanitize_parameters_dict" time="0.001" /><testcase classname="unit.storage.test_file_logger_comprehensive.TestFileSystemLoggerFileManagement" name="test_file_creation" time="0.002" /><testcase classname="unit.storage.test_file_logger_comprehensive.TestFileSystemLoggerFileManagement" name="test_file_rotation_by_size" time="1.051" /><testcase classname="unit.storage.test_file_logger_comprehensive.TestFileSystemLoggerFileManagement" name="test_file_compression" time="0.005" /><testcase classname="unit.storage.test_file_logger_comprehensive.TestFileSystemLoggerFileManagement" name="test_old_files_cleanup" time="0.006" /><testcase classname="unit.storage.test_file_logger_comprehensive.TestFileSystemLoggerFileManagement" name="test_get_log_files" time="0.004" /><testcase classname="unit.storage.test_file_logger_comprehensive.TestFileSystemLoggerFileManagement" name="test_read_logs_basic" time="0.002" /><testcase classname="unit.storage.test_file_logger_comprehensive.TestFileSystemLoggerFileManagement" name="test_read_logs_with_filters" time="0.002" /><testcase classname="unit.storage.test_file_logger_comprehensive.TestFileSystemLoggerGlobalFunctions" name="test_initialize_file_logger" time="1.015" /><testcase classname="unit.storage.test_file_logger_comprehensive.TestFileSystemLoggerGlobalFunctions" name="test_get_file_logger" time="1.012" /><testcase classname="unit.storage.test_file_logger_comprehensive.TestFileSystemLoggerGlobalFunctions" name="test_shutdown_file_logger" time="1.016" /><testcase classname="unit.storage.test_file_logger_comprehensive.TestFileSystemLoggerGlobalFunctions" name="test_get_file_logger_none" time="0.001" /><testcase classname="unit.storage.test_file_logger_comprehensive.TestFileSystemLoggerEdgeCases" name="test_worker_thread_exception_handling" time="1.005" /><testcase classname="unit.storage.test_file_logger_comprehensive.TestFileSystemLoggerEdgeCases" name="test_queue_full_handling" time="0.006" /><testcase classname="unit.storage.test_file_logger_comprehensive.TestFileSystemLoggerEdgeCases" name="test_file_write_permission_error" time="0.003" /><testcase classname="unit.storage.test_file_logger_comprehensive.TestFileSystemLoggerEdgeCases" name="test_response_summary_with_complex_structure" time="0.003" /><testcase classname="unit.storage.test_file_logger_comprehensive.TestFileSystemLoggerEdgeCases" name="test_response_summary_with_none_content" time="0.004" /><testcase classname="unit.storage.test_file_logger_comprehensive.TestFileSystemLoggerEdgeCases" name="test_sensitive_patterns_coverage" time="0.003" /><testcase classname="unit.storage.test_lifecycle_comprehensive.TestLifecycleManager" name="test_初始化状态" time="0.001" /><testcase classname="unit.storage.test_lifecycle_comprehensive.TestLifecycleManager" name="test_添加启动钩子" time="0.002" /><testcase classname="unit.storage.test_lifecycle_comprehensive.TestLifecycleManager" name="test_添加关闭钩子" time="0.002" /><testcase classname="unit.storage.test_lifecycle_comprehensive.TestLifecycleManager" name="test_初始化管理器" time="0.004" /><testcase classname="unit.storage.test_lifecycle_comprehensive.TestLifecycleManager" name="test_信号处理器注册" time="0.002" /><testcase classname="unit.storage.test_lifecycle_comprehensive.TestLifecycleManager" name="test_启动钩子执行" time="0.003" /><testcase classname="unit.storage.test_lifecycle_comprehensive.TestLifecycleManager" name="test_启动钩子异常处理" time="0.004" /><testcase classname="unit.storage.test_lifecycle_comprehensive.TestLifecycleManager" name="test_关闭流程" time="0.090" /><testcase classname="unit.storage.test_lifecycle_comprehensive.TestLifecycleManager" name="test_关闭流程重复调用" time="0.001" /><testcase classname="unit.storage.test_lifecycle_comprehensive.TestLifecycleManager" name="test_关闭钩子异常处理" time="0.001" /><testcase classname="unit.storage.test_lifecycle_comprehensive.TestLifecycleManager" name="test_关闭日志系统" time="0.004" /><testcase classname="unit.storage.test_lifecycle_comprehensive.TestLifecycleManager" name="test_关闭日志系统异常处理" time="0.002" /><testcase classname="unit.storage.test_lifecycle_comprehensive.TestLifecycleManager" name="test_手动关闭" time="0.001" /><testcase classname="unit.storage.test_lifecycle_comprehensive.TestLifecycleManager" name="test_线程安全" time="0.003" /><testcase classname="unit.storage.test_lifecycle_comprehensive.TestGlobalFunctions" name="test_获取生命周期管理器" time="0.001" /><testcase classname="unit.storage.test_lifecycle_comprehensive.TestGlobalFunctions" name="test_初始化生命周期" time="0.001" /><testcase classname="unit.storage.test_lifecycle_comprehensive.TestGlobalFunctions" name="test_添加启动钩子便捷函数" time="0.001" /><testcase classname="unit.storage.test_lifecycle_comprehensive.TestGlobalFunctions" name="test_添加关闭钩子便捷函数" time="0.001" /><testcase classname="unit.storage.test_lifecycle_comprehensive.TestGlobalFunctions" name="test_关闭便捷函数" time="0.001" /><testcase classname="unit.storage.test_lifecycle_comprehensive.TestDecorators" name="test_启动装饰器" time="0.001" /><testcase classname="unit.storage.test_lifecycle_comprehensive.TestDecorators" name="test_关闭装饰器" time="0.001" /><testcase classname="unit.storage.test_lifecycle_comprehensive.TestLifecycleContext" name="test_上下文管理器正常流程" time="0.003" /><testcase classname="unit.storage.test_lifecycle_comprehensive.TestLifecycleContext" name="test_上下文管理器异常处理" time="0.002" /><testcase classname="unit.storage.test_lifecycle_comprehensive.TestAutoInitialize" name="test_自动初始化未初始化状态" time="0.003" /><testcase classname="unit.storage.test_lifecycle_comprehensive.TestAutoInitialize" name="test_自动初始化已初始化状态" time="0.001" /><testcase classname="unit.storage.test_lifecycle_comprehensive.TestIntegrationScenarios" name="test_完整生命周期流程" time="0.002" /><testcase classname="unit.storage.test_lifecycle_comprehensive.TestIntegrationScenarios" name="test_并发场景" time="0.012" /><testcase classname="unit.storage.test_lifecycle_comprehensive.TestErrorHandling" name="test_信号处理器异常" time="0.002" /><testcase classname="unit.storage.test_lifecycle_comprehensive.TestErrorHandling" name="test_日志系统关闭异常" time="0.002" /><testcase classname="unit.storage.test_lifecycle_comprehensive.TestErrorHandling" name="test_structlog关闭异常" time="0.001" /><testcase classname="unit.storage.test_lifecycle_comprehensive.TestEdgeCases" name="test_空钩子列表" time="0.001" /><testcase classname="unit.storage.test_lifecycle_comprehensive.TestEdgeCases" name="test_None钩子处理" time="0.002" /><testcase classname="unit.storage.test_lifecycle_comprehensive.TestEdgeCases" name="test_重复添加相同钩子" time="0.001" /><testcase classname="unit.storage.test_postgres_logger_comprehensive.TestPostgreSQLLogger" name="test_初始化参数" time="0.001" /><testcase classname="unit.storage.test_postgres_logger_comprehensive.TestPostgreSQLLogger" name="test_初始化带错误回调" time="0.001" /><testcase classname="unit.storage.test_postgres_logger_comprehensive.TestPostgreSQLLogger" name="test_启动日志记录器" time="0.003" /><testcase classname="unit.storage.test_postgres_logger_comprehensive.TestPostgreSQLLogger" name="test_重复启动" time="0.004" /><testcase classname="unit.storage.test_postgres_logger_comprehensive.TestPostgreSQLLogger" name="test_停止日志记录器" time="0.002" /><testcase classname="unit.storage.test_postgres_logger_comprehensive.TestPostgreSQLLogger" name="test_停止未运行的记录器" time="0.001" /><testcase classname="unit.storage.test_postgres_logger_comprehensive.TestPostgreSQLLogger" name="test_停止时连接异常" time="0.001" /><testcase classname="unit.storage.test_postgres_logger_comprehensive.TestPostgreSQLLogger" name="test_记录请求日志" time="0.001" /><testcase classname="unit.storage.test_postgres_logger_comprehensive.TestPostgreSQLLogger" name="test_记录请求日志未运行" time="0.001" /><testcase classname="unit.storage.test_postgres_logger_comprehensive.TestPostgreSQLLogger" name="test_记录响应日志" time="0.002" /><testcase classname="unit.storage.test_postgres_logger_comprehensive.TestPostgreSQLLogger" name="test_记录响应日志错误情况" time="0.001" /><testcase classname="unit.storage.test_postgres_logger_comprehensive.TestPostgreSQLLogger" name="test_估算成本" time="0.001" /><testcase classname="unit.storage.test_postgres_logger_comprehensive.TestPostgreSQLLogger" name="test_脱敏消息内容" time="0.002" /><testcase classname="unit.storage.test_postgres_logger_comprehensive.TestPostgreSQLLogger" name="test_脱敏参数" time="0.001" /><testcase classname="unit.storage.test_postgres_logger_comprehensive.TestPostgreSQLLogger" name="test_创建响应摘要" time="0.001" /><testcase classname="unit.storage.test_postgres_logger_comprehensive.TestPostgreSQLLogger" name="test_创建响应摘要空响应" time="0.001" /><testcase classname="unit.storage.test_postgres_logger_comprehensive.TestPostgreSQLLogger" name="test_确保连接" time="0.002" /><testcase classname="unit.storage.test_postgres_logger_comprehensive.TestPostgreSQLLogger" name="test_确保连接已存在" time="0.001" /><testcase classname="unit.storage.test_postgres_logger_comprehensive.TestPostgreSQLLogger" name="test_确保连接已关闭" time="0.002" /><testcase classname="unit.storage.test_postgres_logger_comprehensive.TestPostgreSQLLogger" name="test_确保连接psycopg2未安装" time="0.002" /><testcase classname="unit.storage.test_postgres_logger_comprehensive.TestPostgreSQLLogger" name="test_确保连接失败" time="0.001" /><testcase classname="unit.storage.test_postgres_logger_comprehensive.TestPostgreSQLLogger" name="test_确保表存在" time="0.002" /><testcase classname="unit.storage.test_postgres_logger_comprehensive.TestPostgreSQLLogger" name="test_确保表存在失败" time="0.003" /><testcase classname="unit.storage.test_postgres_logger_comprehensive.TestPostgreSQLLogger" name="test_刷新批次" time="0.004" /><testcase classname="unit.storage.test_postgres_logger_comprehensive.TestPostgreSQLLogger" name="test_刷新空批次" time="0.002" /><testcase classname="unit.storage.test_postgres_logger_comprehensive.TestPostgreSQLLogger" name="test_刷新批次失败" time="0.002" /><testcase classname="unit.storage.test_postgres_logger_comprehensive.TestPostgreSQLLogger" name="test_刷新批次失败带回调" time="0.002" /><testcase classname="unit.storage.test_postgres_logger_comprehensive.TestPostgreSQLLogger" name="test_工作线程循环" time="0.003" /><testcase classname="unit.storage.test_postgres_logger_comprehensive.TestPostgreSQLLogger" name="test_工作线程循环批次大小触发" time="0.003" /><testcase classname="unit.storage.test_postgres_logger_comprehensive.TestPostgreSQLLogger" name="test_工作线程循环时间触发" time="0.203" /><testcase classname="unit.storage.test_postgres_logger_comprehensive.TestPostgreSQLLogger" name="test_工作线程循环异常处理" time="0.000"><skipped type="pytest.skip" message="工作线程循环测试容易超时，暂时跳过">E:\project\harborai\tests\unit\storage\test_postgres_logger_comprehensive.py:600: 工作线程循环测试容易超时，暂时跳过</skipped></testcase><testcase classname="unit.storage.test_postgres_logger_comprehensive.TestPostgreSQLLogger" name="test_工作线程循环测试环境异常" time="0.000"><skipped type="pytest.skip" message="工作线程循环测试容易超时，暂时跳过">E:\project\harborai\tests\unit\storage\test_postgres_logger_comprehensive.py:607: 工作线程循环测试容易超时，暂时跳过</skipped></testcase><testcase classname="unit.storage.test_postgres_logger_comprehensive.TestGlobalFunctions" name="test_获取postgres日志记录器初始状态" time="0.001" /><testcase classname="unit.storage.test_postgres_logger_comprehensive.TestGlobalFunctions" name="test_初始化postgres日志记录器" time="0.001" /><testcase classname="unit.storage.test_postgres_logger_comprehensive.TestGlobalFunctions" name="test_初始化postgres日志记录器替换现有" time="0.002" /><testcase classname="unit.storage.test_postgres_logger_comprehensive.TestGlobalFunctions" name="test_关闭postgres日志记录器" time="0.002" /><testcase classname="unit.storage.test_postgres_logger_comprehensive.TestGlobalFunctions" name="test_关闭postgres日志记录器无实例" time="0.001" /><testcase classname="unit.storage.test_postgres_logger_comprehensive.TestIntegrationScenarios" name="test_完整日志记录流程" time="0.006" /><testcase classname="unit.storage.test_postgres_logger_comprehensive.TestIntegrationScenarios" name="test_错误回调集成" time="0.001" /><testcase classname="unit.storage.test_postgres_logger_comprehensive.TestIntegrationScenarios" name="test_并发日志记录" time="0.002" /><testcase classname="unit.storage.test_postgres_logger_comprehensive.TestErrorHandling" name="test_数据库连接错误" time="0.001" /><testcase classname="unit.storage.test_postgres_logger_comprehensive.TestErrorHandling" name="test_表创建错误" time="0.002" /><testcase classname="unit.storage.test_postgres_logger_comprehensive.TestErrorHandling" name="test_JSON序列化错误" time="0.001" /><testcase classname="unit.storage.test_postgres_logger_comprehensive.TestEdgeCases" name="test_空消息列表" time="0.001" /><testcase classname="unit.storage.test_postgres_logger_comprehensive.TestEdgeCases" name="test_空参数字典" time="0.001" /><testcase classname="unit.storage.test_postgres_logger_comprehensive.TestEdgeCases" name="test_None响应对象" time="0.001" /><testcase classname="unit.storage.test_postgres_logger_comprehensive.TestEdgeCases" name="test_缺少属性的响应对象" time="0.001" /><testcase classname="unit.storage.test_postgres_logger_comprehensive.TestEdgeCases" name="test_极大批次大小" time="0.001" /><testcase classname="unit.storage.test_postgres_logger_comprehensive.TestEdgeCases" name="test_极小刷新间隔" time="0.001" /><testcase classname="unit.storage.test_postgres_logger_comprehensive.TestEdgeCases" name="test_特殊字符处理" time="0.001" /><testcase classname="unit.test_agently_client_pool.TestAgentlyClientConfig" name="test_config_creation" time="0.001" /><testcase classname="unit.test_agently_client_pool.TestAgentlyClientConfig" name="test_cache_key_generation" time="0.001" /><testcase classname="unit.test_agently_client_pool.TestAgentlyClientConfig" name="test_cache_key_api_key_privacy" time="0.001" /><testcase classname="unit.test_agently_client_pool.TestCachedAgentlyClient" name="test_cached_client_creation" time="0.001" /><testcase classname="unit.test_agently_client_pool.TestCachedAgentlyClient" name="test_mark_used" time="0.011" /><testcase classname="unit.test_agently_client_pool.TestAgentlyClientPool" name="test_singleton_pattern" time="0.001" /><testcase classname="unit.test_agently_client_pool.TestAgentlyClientPool" name="test_client_creation_and_caching" time="0.003" /><testcase classname="unit.test_agently_client_pool.TestAgentlyClientPool" name="test_different_configs_create_different_clients" time="0.004" /><testcase classname="unit.test_agently_client_pool.TestAgentlyClientPool" name="test_client_expiration" time="0.204" /><testcase classname="unit.test_agently_client_pool.TestAgentlyClientPool" name="test_pool_size_limit" time="0.003" /><testcase classname="unit.test_agently_client_pool.TestAgentlyClientPool" name="test_thread_safety" time="0.006" /><testcase classname="unit.test_agently_client_pool.TestAgentlyClientPool" name="test_get_stats" time="0.002" /><testcase classname="unit.test_agently_client_pool.TestAgentlyClientPool" name="test_client_context_manager" time="0.003" /><testcase classname="unit.test_agently_client_pool.TestAgentlyClientPool" name="test_clear_pool" time="0.002" /><testcase classname="unit.test_agently_client_pool.TestAgentlyClientPool" name="test_set_pool_config" time="0.001" /><testcase classname="unit.test_agently_client_pool.TestGlobalFunctions" name="test_get_agently_client_pool" time="0.001" /><testcase classname="unit.test_agently_client_pool.TestGlobalFunctions" name="test_create_agently_client_config" time="0.001" /><testcase classname="unit.test_fast_structured_output.TestFastProcessingConfig" name="test_default_config" time="0.001" /><testcase classname="unit.test_fast_structured_output.TestFastProcessingConfig" name="test_custom_config" time="0.001" /><testcase classname="unit.test_fast_structured_output.TestFastStructuredOutputProcessor" name="test_initialization" time="0.001" /><testcase classname="unit.test_fast_structured_output.TestFastStructuredOutputProcessor" name="test_initialization_with_default_config" time="0.001" /><testcase classname="unit.test_fast_structured_output.TestFastStructuredOutputProcessor" name="test_convert_object_schema_fast" time="0.001" /><testcase classname="unit.test_fast_structured_output.TestFastStructuredOutputProcessor" name="test_convert_array_schema_fast" time="0.001" /><testcase classname="unit.test_fast_structured_output.TestFastStructuredOutputProcessor" name="test_convert_array_schema_with_object_items" time="0.001" /><testcase classname="unit.test_fast_structured_output.TestFastStructuredOutputProcessor" name="test_convert_primitive_schema_fast" time="0.001" /><testcase classname="unit.test_fast_structured_output.TestFastStructuredOutputProcessor" name="test_convert_json_schema_to_agently" time="0.001" /><testcase classname="unit.test_fast_structured_output.TestFastStructuredOutputProcessor" name="test_convert_json_schema_invalid_input" time="0.001" /><testcase classname="unit.test_fast_structured_output.TestFastStructuredOutputProcessor" name="test_convert_schema_with_cache_hit" time="0.003" /><testcase classname="unit.test_fast_structured_output.TestFastStructuredOutputProcessor" name="test_convert_schema_with_cache_miss" time="0.003" /><testcase classname="unit.test_fast_structured_output.TestFastStructuredOutputProcessor" name="test_process_config_with_cache_hit" time="0.003" /><testcase classname="unit.test_fast_structured_output.TestFastStructuredOutputProcessor" name="test_process_config_with_cache_miss" time="0.002" /><testcase classname="unit.test_fast_structured_output.TestFastStructuredOutputProcessor" name="test_can_use_fast_path_no_cache" time="0.001" /><testcase classname="unit.test_fast_structured_output.TestFastStructuredOutputProcessor" name="test_can_use_fast_path_cache_miss" time="0.002" /><testcase classname="unit.test_fast_structured_output.TestFastStructuredOutputProcessor" name="test_can_use_fast_path_success" time="0.002" /><testcase classname="unit.test_fast_structured_output.TestFastStructuredOutputProcessor" name="test_execute_agently_request_lightweight" time="0.001" /><testcase classname="unit.test_fast_structured_output.TestFastStructuredOutputProcessor" name="test_execute_agently_request_error" time="0.001" /><testcase classname="unit.test_fast_structured_output.TestFastStructuredOutputProcessor" name="test_execute_agently_request_none_result" time="0.002" /><testcase classname="unit.test_fast_structured_output.TestFastStructuredOutputProcessor" name="test_get_performance_stats" time="0.001" /><testcase classname="unit.test_fast_structured_output.TestFastStructuredOutputProcessor" name="test_get_performance_stats_zero_operations" time="0.001" /><testcase classname="unit.test_fast_structured_output.TestFastStructuredOutputProcessor" name="test_clear_caches" time="0.003" /><testcase classname="unit.test_fast_structured_output.TestGlobalFunctions" name="test_get_fast_structured_output_processor" time="0.001" /><testcase classname="unit.test_fast_structured_output.TestGlobalFunctions" name="test_create_fast_structured_output_processor" time="0.001" /><testcase classname="unit.test_fast_structured_output.TestGlobalFunctions" name="test_create_fast_structured_output_processor_default_config" time="0.001" /><testcase classname="unit.test_fast_structured_output.TestComplexSchemas" name="test_nested_object_schema" time="0.001" /><testcase classname="unit.test_fast_structured_output.TestComplexSchemas" name="test_array_of_objects_schema" time="0.001" /><testcase classname="unit.test_fast_structured_output.TestComplexSchemas" name="test_mixed_types_schema" time="0.001" /><testcase classname="unit.test_fast_structured_output.TestThreadSafety" name="test_stats_thread_safety" time="0.003" /><testcase classname="unit.test_parameter_cache.TestParameterCacheEntry" name="test_cache_entry_creation" time="0.001" /><testcase classname="unit.test_parameter_cache.TestParameterCacheEntry" name="test_cache_entry_expiration" time="0.001" /><testcase classname="unit.test_parameter_cache.TestParameterCacheEntry" name="test_cache_entry_touch" time="0.011" /><testcase classname="unit.test_parameter_cache.TestSchemaCache" name="test_schema_cache_clear_expired" time="1.104" /><testcase classname="unit.test_parameter_cache.TestSchemaCache" name="test_schema_cache_expiration" time="1.106" /><testcase classname="unit.test_parameter_cache.TestSchemaCache" name="test_schema_cache_key_generation" time="0.001" /><testcase classname="unit.test_parameter_cache.TestSchemaCache" name="test_schema_cache_lru_eviction" time="0.009" /><testcase classname="unit.test_parameter_cache.TestSchemaCache" name="test_schema_cache_normalization" time="0.001" /><testcase classname="unit.test_parameter_cache.TestSchemaCache" name="test_schema_cache_set_and_get" time="0.001" /><testcase classname="unit.test_parameter_cache.TestSchemaCache" name="test_schema_cache_stats" time="0.001" /><testcase classname="unit.test_parameter_cache.TestConfigCache" name="test_config_cache_expiration" time="1.102" /><testcase classname="unit.test_parameter_cache.TestConfigCache" name="test_config_cache_key_generation" time="0.001" /><testcase classname="unit.test_parameter_cache.TestConfigCache" name="test_config_cache_set_and_get" time="0.004" /><testcase classname="unit.test_parameter_cache.TestConfigCache" name="test_config_cache_stats" time="0.001" /><testcase classname="unit.test_parameter_cache.TestParameterCacheManager" name="test_manager_cleanup_expired" time="1.103" /><testcase classname="unit.test_parameter_cache.TestParameterCacheManager" name="test_manager_clear_all_caches" time="0.002" /><testcase classname="unit.test_parameter_cache.TestParameterCacheManager" name="test_manager_comprehensive_stats" time="0.001" /><testcase classname="unit.test_parameter_cache.TestParameterCacheManager" name="test_manager_custom_config" time="0.001" /><testcase classname="unit.test_parameter_cache.TestParameterCacheManager" name="test_manager_initialization" time="0.001" /><testcase classname="unit.test_parameter_cache.TestParameterCacheManager" name="test_manager_set_cleanup_interval" time="0.001" /><testcase classname="unit.test_parameter_cache.TestGlobalFunctions" name="test_create_parameter_cache_manager" time="0.001" /><testcase classname="unit.test_parameter_cache.TestGlobalFunctions" name="test_get_parameter_cache_manager" time="0.001" /><testcase classname="unit.test_parameter_cache.TestThreadSafety" name="test_schema_cache_thread_safety" time="0.052" /><testcase classname="unit.utils.test_exceptions.TestHarborAIError" name="test_basic_initialization" time="0.001" /><testcase classname="unit.utils.test_exceptions.TestHarborAIError" name="test_full_initialization" time="0.001" /><testcase classname="unit.utils.test_exceptions.TestHarborAIError" name="test_str_representation" time="0.001" /><testcase classname="unit.utils.test_exceptions.TestHarborAIError" name="test_to_dict" time="0.001" /><testcase classname="unit.utils.test_exceptions.TestHarborAIError" name="test_empty_details_default" time="0.001" /><testcase classname="unit.utils.test_exceptions.TestAPIError" name="test_basic_initialization" time="0.001" /><testcase classname="unit.utils.test_exceptions.TestAPIError" name="test_full_initialization" time="0.001" /><testcase classname="unit.utils.test_exceptions.TestAPIError" name="test_to_dict" time="0.001" /><testcase classname="unit.utils.test_exceptions.TestAuthenticationError" name="test_default_message" time="0.001" /><testcase classname="unit.utils.test_exceptions.TestAuthenticationError" name="test_custom_message" time="0.001" /><testcase classname="unit.utils.test_exceptions.TestAuthenticationError" name="test_with_additional_params" time="0.001" /><testcase classname="unit.utils.test_exceptions.TestRateLimitError" name="test_default_message" time="0.001" /><testcase classname="unit.utils.test_exceptions.TestRateLimitError" name="test_with_retry_after" time="0.001" /><testcase classname="unit.utils.test_exceptions.TestRateLimitError" name="test_to_dict" time="0.001" /><testcase classname="unit.utils.test_exceptions.TestTimeoutError" name="test_default_message" time="0.001" /><testcase classname="unit.utils.test_exceptions.TestTimeoutError" name="test_custom_message" time="0.001" /><testcase classname="unit.utils.test_exceptions.TestModelNotFoundError" name="test_initialization" time="0.001" /><testcase classname="unit.utils.test_exceptions.TestModelNotFoundError" name="test_to_dict" time="0.001" /><testcase classname="unit.utils.test_exceptions.TestPluginError" name="test_initialization" time="0.001" /><testcase classname="unit.utils.test_exceptions.TestPluginError" name="test_to_dict" time="0.001" /><testcase classname="unit.utils.test_exceptions.TestStructuredOutputError" name="test_basic_initialization" time="0.001" /><testcase classname="unit.utils.test_exceptions.TestStructuredOutputError" name="test_with_provider" time="0.001" /><testcase classname="unit.utils.test_exceptions.TestStructuredOutputError" name="test_to_dict" time="0.001" /><testcase classname="unit.utils.test_exceptions.TestValidationError" name="test_basic_initialization" time="0.001" /><testcase classname="unit.utils.test_exceptions.TestValidationError" name="test_with_field" time="0.001" /><testcase classname="unit.utils.test_exceptions.TestValidationError" name="test_to_dict" time="0.001" /><testcase classname="unit.utils.test_exceptions.TestStorageError" name="test_basic_initialization" time="0.001" /><testcase classname="unit.utils.test_exceptions.TestStorageError" name="test_with_storage_type" time="0.001" /><testcase classname="unit.utils.test_exceptions.TestStorageError" name="test_to_dict" time="0.001" /><testcase classname="unit.utils.test_exceptions.TestExceptionInheritance" name="test_inheritance_chain" time="0.001" /><testcase classname="unit.utils.test_exceptions.TestExceptionInheritance" name="test_exception_catching" time="0.001" /><testcase classname="unit.utils.test_exceptions.TestEdgeCases" name="test_unicode_handling" time="0.001" /><testcase classname="unit.utils.test_exceptions.TestEdgeCases" name="test_empty_string_message" time="0.001" /><testcase classname="unit.utils.test_exceptions.TestEdgeCases" name="test_none_values_handling" time="0.001" /><testcase classname="unit.utils.test_exceptions.TestEdgeCases" name="test_large_details_dict" time="0.001" /><testcase classname="unit.utils.test_exceptions.TestEdgeCases" name="test_nested_details" time="0.001" /><testcase classname="unit.utils.test_logger_comprehensive.TestGetLogger" name="test_basic_logger_creation" time="0.001" /><testcase classname="unit.utils.test_logger_comprehensive.TestGetLogger" name="test_custom_level" time="0.001" /><testcase classname="unit.utils.test_logger_comprehensive.TestGetLogger" name="test_with_log_file" time="0.005" /><testcase classname="unit.utils.test_logger_comprehensive.TestGetLogger" name="test_nested_log_file_creation" time="0.003" /><testcase classname="unit.utils.test_logger_comprehensive.TestGetLogger" name="test_avoid_duplicate_handlers" time="0.001" /><testcase classname="unit.utils.test_logger_comprehensive.TestGetLogger" name="test_formatter_configuration" time="0.001" /><testcase classname="unit.utils.test_logger_comprehensive.TestSetupLogging" name="test_basic_setup" time="0.001" /><testcase classname="unit.utils.test_logger_comprehensive.TestSetupLogging" name="test_custom_level_setup" time="0.001" /><testcase classname="unit.utils.test_logger_comprehensive.TestSetupLogging" name="test_with_log_file_setup" time="0.001" /><testcase classname="unit.utils.test_logger_comprehensive.TestLogContext" name="test_basic_initialization" time="0.001" /><testcase classname="unit.utils.test_logger_comprehensive.TestLogContext" name="test_full_initialization" time="0.001" /><testcase classname="unit.utils.test_logger_comprehensive.TestLogContext" name="test_to_dict_empty" time="0.001" /><testcase classname="unit.utils.test_logger_comprehensive.TestLogContext" name="test_to_dict_partial" time="0.001" /><testcase classname="unit.utils.test_logger_comprehensive.TestLogContext" name="test_to_dict_full" time="0.001" /><testcase classname="unit.utils.test_logger_comprehensive.TestSanitizeLogData" name="test_none_input" time="0.001" /><testcase classname="unit.utils.test_logger_comprehensive.TestSanitizeLogData" name="test_simple_types" time="0.001" /><testcase classname="unit.utils.test_logger_comprehensive.TestSanitizeLogData" name="test_string_normal" time="0.001" /><testcase classname="unit.utils.test_logger_comprehensive.TestSanitizeLogData" name="test_string_truncation" time="0.001" /><testcase classname="unit.utils.test_logger_comprehensive.TestSanitizeLogData" name="test_dict_normal" time="0.001" /><testcase classname="unit.utils.test_logger_comprehensive.TestSanitizeLogData" name="test_dict_sensitive_fields" time="0.001" /><testcase classname="unit.utils.test_logger_comprehensive.TestSanitizeLogData" name="test_nested_dict" time="0.001" /><testcase classname="unit.utils.test_logger_comprehensive.TestSanitizeLogData" name="test_list_processing" time="0.001" /><testcase classname="unit.utils.test_logger_comprehensive.TestSanitizeLogData" name="test_tuple_processing" time="0.001" /><testcase classname="unit.utils.test_logger_comprehensive.TestSanitizeLogData" name="test_other_types" time="0.001" /><testcase classname="unit.utils.test_logger_comprehensive.TestSanitizeLogData" name="test_other_types_truncation" time="0.001" /><testcase classname="unit.utils.test_logger_comprehensive.TestAPICallLogger" name="test_initialization" time="0.001" /><testcase classname="unit.utils.test_logger_comprehensive.TestAPICallLogger" name="test_get_fallback_logger_success" time="0.001" /><testcase classname="unit.utils.test_logger_comprehensive.TestAPICallLogger" name="test_get_fallback_logger_import_error" time="0.001" /><testcase classname="unit.utils.test_logger_comprehensive.TestAPICallLogger" name="test_log_request_with_fallback_logger" time="0.003" /><testcase classname="unit.utils.test_logger_comprehensive.TestAPICallLogger" name="test_log_request_without_fallback_logger" time="0.003" /><testcase classname="unit.utils.test_logger_comprehensive.TestAPICallLogger" name="test_log_request_fallback_exception" time="0.003" /><testcase classname="unit.utils.test_logger_comprehensive.TestIntegration" name="test_logger_with_context_and_sanitization" time="0.001" /><testcase classname="unit.utils.test_logger_comprehensive.TestIntegration" name="test_api_call_logger_integration" time="0.003" /><testcase classname="unit.utils.test_retry_comprehensive.TestShouldRetryAPIError" name="test_retryable_exceptions" time="0.001" /><testcase classname="unit.utils.test_retry_comprehensive.TestShouldRetryAPIError" name="test_non_retryable_exceptions" time="0.001" /><testcase classname="unit.utils.test_retry_comprehensive.TestShouldRetryAPIError" name="test_api_error_5xx_status_codes" time="0.001" /><testcase classname="unit.utils.test_retry_comprehensive.TestShouldRetryAPIError" name="test_api_error_429_status_code" time="0.001" /><testcase classname="unit.utils.test_retry_comprehensive.TestShouldRetryAPIError" name="test_api_error_408_status_code" time="0.001" /><testcase classname="unit.utils.test_retry_comprehensive.TestShouldRetryAPIError" name="test_api_error_4xx_non_retryable" time="0.001" /><testcase classname="unit.utils.test_retry_comprehensive.TestShouldRetryAPIError" name="test_api_error_without_status_code" time="0.001" /><testcase classname="unit.utils.test_retry_comprehensive.TestShouldRetryAPIError" name="test_api_error_none_status_code" time="0.001" /><testcase classname="unit.utils.test_retry_comprehensive.TestCalculateBackoffDelay" name="test_basic_exponential_backoff" time="0.001" /><testcase classname="unit.utils.test_retry_comprehensive.TestCalculateBackoffDelay" name="test_max_delay_limit" time="0.001" /><testcase classname="unit.utils.test_retry_comprehensive.TestCalculateBackoffDelay" name="test_custom_base_delay" time="0.001" /><testcase classname="unit.utils.test_retry_comprehensive.TestCalculateBackoffDelay" name="test_custom_exponential_base" time="0.001" /><testcase classname="unit.utils.test_retry_comprehensive.TestCalculateBackoffDelay" name="test_jitter_enabled" time="0.001" /><testcase classname="unit.utils.test_retry_comprehensive.TestCalculateBackoffDelay" name="test_jitter_disabled" time="0.001" /><testcase classname="unit.utils.test_retry_comprehensive.TestRetryConfig" name="test_default_initialization" time="0.001" /><testcase classname="unit.utils.test_retry_comprehensive.TestRetryConfig" name="test_custom_initialization" time="0.001" /><testcase classname="unit.utils.test_retry_comprehensive.TestRetryWithBackoff" name="test_successful_function_no_retry" time="0.001" /><testcase classname="unit.utils.test_retry_comprehensive.TestRetryWithBackoff" name="test_function_with_retryable_exception" time="0.002" /><testcase classname="unit.utils.test_retry_comprehensive.TestRetryWithBackoff" name="test_function_with_non_retryable_exception" time="0.001" /><testcase classname="unit.utils.test_retry_comprehensive.TestRetryWithBackoff" name="test_exhausted_retries" time="0.002" /><testcase classname="unit.utils.test_retry_comprehensive.TestRetryWithBackoff" name="test_custom_config" time="0.002" /><testcase classname="unit.utils.test_retry_comprehensive.TestRetryWithBackoff" name="test_trace_id_logging" time="0.002" /><testcase classname="unit.utils.test_retry_comprehensive.TestRetryWithBackoff" name="test_delay_calculation" time="0.002" /><testcase classname="unit.utils.test_retry_comprehensive.TestAsyncRetryWithBackoff" name="test_successful_async_function_no_retry" time="0.003" /><testcase classname="unit.utils.test_retry_comprehensive.TestAsyncRetryWithBackoff" name="test_async_function_with_retryable_exception" time="0.004" /><testcase classname="unit.utils.test_retry_comprehensive.TestAsyncRetryWithBackoff" name="test_async_function_with_non_retryable_exception" time="0.002" /><testcase classname="unit.utils.test_retry_comprehensive.TestAsyncRetryWithBackoff" name="test_async_exhausted_retries" time="0.004" /><testcase classname="unit.utils.test_retry_comprehensive.TestAsyncRetryWithBackoff" name="test_async_delay_calculation" time="0.005" /><testcase classname="unit.utils.test_retry_comprehensive.TestAsyncRetryWithBackoff" name="test_async_trace_id_logging" time="0.005" /><testcase classname="unit.utils.test_retry_comprehensive.TestIntegration" name="test_retry_with_api_error_integration" time="0.002" /><testcase classname="unit.utils.test_retry_comprehensive.TestIntegration" name="test_retry_with_mixed_exceptions" time="0.002" /><testcase classname="unit.utils.test_retry_comprehensive.TestIntegration" name="test_async_retry_integration" time="0.005" /><testcase classname="unit.utils.test_retry_comprehensive.TestIntegration" name="test_custom_retry_condition_integration" time="0.004"><failure message="Failed: DID NOT RAISE &lt;class 'ValueError'&gt;">tests\unit\utils\test_retry_comprehensive.py:519: in test_custom_retry_condition_integration
    with pytest.raises(ValueError, match="Do not retry this"):
E   Failed: DID NOT RAISE &lt;class 'ValueError'&gt;</failure></testcase></testsuite></testsuites>